{"name":"getEmployeeDetails","status":"broken","statusDetails":{"known":false,"muted":false,"flaky":false,"message":"Cannot deserialize instance of `java.util.ArrayList` out of START_OBJECT token\n at [Source: UNKNOWN; line: -1, column: -1]","trace":"java.lang.IllegalArgumentException: Cannot deserialize instance of `java.util.ArrayList` out of START_OBJECT token\n at [Source: UNKNOWN; line: -1, column: -1]\r\n\tat io.cucumber.datatable.dependency.com.fasterxml.jackson.databind.ObjectMapper._convert(ObjectMapper.java:3750)\r\n\tat io.cucumber.datatable.dependency.com.fasterxml.jackson.databind.ObjectMapper.convertValue(ObjectMapper.java:3668)\r\n\tat com.project.qa.core.rest.APITestDataReader.getServiceData(APITestDataReader.java:22)\r\n\tat com.project.qa.api.tests.SampleTest.getEmployeeDetails(SampleTest.java:48)\r\n\tat sun.reflect.NativeMethodAccessorImpl.invoke0(Native Method)\r\n\tat sun.reflect.NativeMethodAccessorImpl.invoke(NativeMethodAccessorImpl.java:62)\r\n\tat sun.reflect.DelegatingMethodAccessorImpl.invoke(DelegatingMethodAccessorImpl.java:43)\r\n\tat java.lang.reflect.Method.invoke(Method.java:498)\r\n\tat org.testng.internal.MethodInvocationHelper.invokeMethod(MethodInvocationHelper.java:124)\r\n\tat org.testng.internal.Invoker.invokeMethod(Invoker.java:583)\r\n\tat org.testng.internal.Invoker.invokeTestMethod(Invoker.java:719)\r\n\tat org.testng.internal.Invoker.invokeTestMethods(Invoker.java:989)\r\n\tat org.testng.internal.TestMethodWorker.invokeTestMethods(TestMethodWorker.java:125)\r\n\tat org.testng.internal.TestMethodWorker.run(TestMethodWorker.java:109)\r\n\tat org.testng.TestRunner.privateRun(TestRunner.java:648)\r\n\tat org.testng.TestRunner.run(TestRunner.java:505)\r\n\tat org.testng.SuiteRunner.runTest(SuiteRunner.java:455)\r\n\tat org.testng.SuiteRunner.runSequentially(SuiteRunner.java:450)\r\n\tat org.testng.SuiteRunner.privateRun(SuiteRunner.java:415)\r\n\tat org.testng.SuiteRunner.run(SuiteRunner.java:364)\r\n\tat org.testng.SuiteRunnerWorker.runSuite(SuiteRunnerWorker.java:52)\r\n\tat org.testng.SuiteRunnerWorker.run(SuiteRunnerWorker.java:84)\r\n\tat org.testng.TestNG.runSuitesSequentially(TestNG.java:1208)\r\n\tat org.testng.TestNG.runSuitesLocally(TestNG.java:1137)\r\n\tat org.testng.TestNG.runSuites(TestNG.java:1049)\r\n\tat org.testng.TestNG.run(TestNG.java:1017)\r\n\tat org.testng.IDEARemoteTestNG.run(IDEARemoteTestNG.java:73)\r\n\tat org.testng.RemoteTestNGStarter.main(RemoteTestNGStarter.java:123)\r\nCaused by: io.cucumber.datatable.dependency.com.fasterxml.jackson.databind.exc.MismatchedInputException: Cannot deserialize instance of `java.util.ArrayList` out of START_OBJECT token\n at [Source: UNKNOWN; line: -1, column: -1]\r\n\tat io.cucumber.datatable.dependency.com.fasterxml.jackson.databind.exc.MismatchedInputException.from(MismatchedInputException.java:63)\r\n\tat io.cucumber.datatable.dependency.com.fasterxml.jackson.databind.DeserializationContext.reportInputMismatch(DeserializationContext.java:1343)\r\n\tat io.cucumber.datatable.dependency.com.fasterxml.jackson.databind.DeserializationContext.handleUnexpectedToken(DeserializationContext.java:1139)\r\n\tat io.cucumber.datatable.dependency.com.fasterxml.jackson.databind.DeserializationContext.handleUnexpectedToken(DeserializationContext.java:1093)\r\n\tat io.cucumber.datatable.dependency.com.fasterxml.jackson.databind.deser.std.CollectionDeserializer.handleNonArray(CollectionDeserializer.java:332)\r\n\tat io.cucumber.datatable.dependency.com.fasterxml.jackson.databind.deser.std.CollectionDeserializer.deserialize(CollectionDeserializer.java:265)\r\n\tat io.cucumber.datatable.dependency.com.fasterxml.jackson.databind.deser.std.CollectionDeserializer.deserialize(CollectionDeserializer.java:245)\r\n\tat io.cucumber.datatable.dependency.com.fasterxml.jackson.databind.deser.std.CollectionDeserializer.deserialize(CollectionDeserializer.java:27)\r\n\tat io.cucumber.datatable.dependency.com.fasterxml.jackson.databind.ObjectMapper._convert(ObjectMapper.java:3745)\r\n\t... 27 more\r\n"},"stage":"finished","steps":[],"attachments":[],"parameters":[],"start":1565513489051,"stop":1565513489472,"uuid":"1852f570-9db7-44f7-930a-666fac8d6d66","historyId":"184f3a9363c5697efed09551fda69827","fullName":"com.project.qa.api.tests.SampleTest.getEmployeeDetails","labels":[{"name":"epic","value":"Sample Test Automation Project"},{"name":"package","value":"com.project.qa.api.tests.SampleTest"},{"name":"testClass","value":"com.project.qa.api.tests.SampleTest"},{"name":"testMethod","value":"getEmployeeDetails"},{"name":"parentSuite","value":"Default Suite"},{"name":"suite","value":"automation"},{"name":"subSuite","value":"com.project.qa.api.tests.SampleTest"},{"name":"host","value":"LAPTOP-GTPDS52J"},{"name":"thread","value":"3248@LAPTOP-GTPDS52J.main(1)"},{"name":"framework","value":"testng"},{"name":"language","value":"java"}],"links":[]}