{
  "uid" : "9b8d58c563fd404d",
  "name" : "Search for github link - negative scenario",
  "fullName" : "Search using Google search engine: Search for github link - negative scenario",
  "historyId" : "1c87ca746561a2fc0ecc23757f3cf366",
  "time" : {
    "start" : 1564822736477,
    "stop" : 1564822746322,
    "duration" : 9845
  },
  "status" : "failed",
  "statusDetails" : {
    "message" : "Search results page is not loaded",
    "trace" : "java.lang.AssertionError: Search results page is not loaded\r\n\tat org.junit.Assert.fail(Assert.java:88)\r\n\tat org.junit.Assert.assertTrue(Assert.java:41)\r\n\tat org.junit.Assert.assertFalse(Assert.java:64)\r\n\tat com.project.qa.core.helpers.AssertionHelper.assertFalse(AssertionHelper.java:43)\r\n\tat com.project.qa.ui.stepdefs.SearchSteps.user_is_not_on_Google_search_results_page(SearchSteps.java:45)\r\n\tat ✽.User is not on Google search results page(classpath:features/google_search.feature:14)\r\n",
    "flaky" : true
  },
  "beforeStages" : [ {
    "name" : "CucumberHooks.BeforeScenario()",
    "time" : {
      "start" : 1564822736478,
      "stop" : 1564822740246,
      "duration" : 3768
    },
    "status" : "passed",
    "steps" : [ ],
    "attachments" : [ ],
    "parameters" : [ ],
    "hasContent" : false,
    "stepsCount" : 0,
    "shouldDisplayMessage" : false,
    "attachmentsCount" : 0
  } ],
  "testStage" : {
    "status" : "failed",
    "statusDetails" : {
      "message" : "Search results page is not loaded",
      "trace" : "java.lang.AssertionError: Search results page is not loaded\r\n\tat org.junit.Assert.fail(Assert.java:88)\r\n\tat org.junit.Assert.assertTrue(Assert.java:41)\r\n\tat org.junit.Assert.assertFalse(Assert.java:64)\r\n\tat com.project.qa.core.helpers.AssertionHelper.assertFalse(AssertionHelper.java:43)\r\n\tat com.project.qa.ui.stepdefs.SearchSteps.user_is_not_on_Google_search_results_page(SearchSteps.java:45)\r\n\tat ✽.User is not on Google search results page(classpath:features/google_search.feature:14)\r\n",
      "flaky" : false
    },
    "steps" : [ {
      "name" : "*  Goto \"https://duckduckgo.com\"",
      "time" : {
        "start" : 1564822740246,
        "stop" : 1564822741824,
        "duration" : 1578
      },
      "status" : "passed",
      "statusDetails" : {
        "flaky" : false
      },
      "steps" : [ ],
      "attachments" : [ ],
      "parameters" : [ ],
      "hasContent" : false,
      "stepsCount" : 0,
      "shouldDisplayMessage" : false,
      "attachmentsCount" : 0
    }, {
      "name" : "*  Search \"github vikas sanap\"",
      "time" : {
        "start" : 1564822741824,
        "stop" : 1564822744930,
        "duration" : 3106
      },
      "status" : "passed",
      "statusDetails" : {
        "flaky" : false
      },
      "steps" : [ ],
      "attachments" : [ ],
      "parameters" : [ ],
      "hasContent" : false,
      "stepsCount" : 0,
      "shouldDisplayMessage" : false,
      "attachmentsCount" : 0
    }, {
      "name" : "*  User is not on Google search results page",
      "time" : {
        "start" : 1564822744931,
        "stop" : 1564822745102,
        "duration" : 171
      },
      "status" : "failed",
      "statusDetails" : {
        "message" : "Search results page is not loaded",
        "trace" : "java.lang.AssertionError: Search results page is not loaded\r\n\tat org.junit.Assert.fail(Assert.java:88)\r\n\tat org.junit.Assert.assertTrue(Assert.java:41)\r\n\tat org.junit.Assert.assertFalse(Assert.java:64)\r\n\tat com.project.qa.core.helpers.AssertionHelper.assertFalse(AssertionHelper.java:43)\r\n\tat com.project.qa.ui.stepdefs.SearchSteps.user_is_not_on_Google_search_results_page(SearchSteps.java:45)\r\n\tat ✽.User is not on Google search results page(classpath:features/google_search.feature:14)\r\n",
        "flaky" : false
      },
      "steps" : [ ],
      "attachments" : [ ],
      "parameters" : [ ],
      "hasContent" : true,
      "stepsCount" : 0,
      "shouldDisplayMessage" : true,
      "attachmentsCount" : 0
    } ],
    "attachments" : [ ],
    "parameters" : [ ],
    "hasContent" : true,
    "stepsCount" : 3,
    "shouldDisplayMessage" : false,
    "attachmentsCount" : 0
  },
  "afterStages" : [ {
    "name" : "CucumberHooks.AfterScenario(Scenario)",
    "time" : {
      "start" : 1564822745103,
      "stop" : 1564822746304,
      "duration" : 1201
    },
    "status" : "passed",
    "steps" : [ ],
    "attachments" : [ ],
    "parameters" : [ ],
    "hasContent" : false,
    "stepsCount" : 0,
    "shouldDisplayMessage" : false,
    "attachmentsCount" : 0
  } ],
  "labels" : [ {
    "name" : "tag",
    "value" : "gui"
  }, {
    "name" : "host",
    "value" : "LAPTOP-GTPDS52J"
  }, {
    "name" : "thread",
    "value" : "14688@LAPTOP-GTPDS52J.main(1)"
  }, {
    "name" : "feature",
    "value" : "Search using Google search engine"
  }, {
    "name" : "story",
    "value" : "Search for github link - negative scenario"
  }, {
    "name" : "package",
    "value" : "features.Search using Google search engine"
  }, {
    "name" : "suite",
    "value" : "Search using Google search engine"
  }, {
    "name" : "testClass",
    "value" : "Search for github link - negative scenario"
  }, {
    "name" : "framework",
    "value" : "cucumber4jvm"
  }, {
    "name" : "language",
    "value" : "java"
  }, {
    "name" : "gherkin_uri",
    "value" : "classpath:features/google_search.feature"
  }, {
    "name" : "resultFormat",
    "value" : "allure2"
  } ],
  "parameters" : [ ],
  "links" : [ ],
  "hidden" : false,
  "extra" : {
    "severity" : "normal",
    "retries" : [ {
      "uid" : "a9841037477a3317",
      "status" : "broken",
      "statusDetails" : "no such element: Unable to locate element: {\"method\":\"css selector\",\"selector\":\"*[name='search_form_input_homepage']\"}\n  (Session info: chrome=76.0.3809.87)\nFor documentation on this error, please visit: https://www.seleniumhq.org/exceptions/no_such_element.html\nBuild info: version: '3.141.59', revision: 'e82be7d358', time: '2018-11-14T08:17:03'\nSystem info: host: 'LAPTOP-GTPDS52J', ip: '192.168.56.1', os.name: 'Windows 10', os.arch: 'amd64', os.version: '10.0', java.version: '1.8.0_201'\nDriver info: org.openqa.selenium.chrome.ChromeDriver\nCapabilities {acceptInsecureCerts: false, browserName: chrome, browserVersion: 76.0.3809.87, chrome: {chromedriverVersion: 75.0.3770.140 (2d9f97485c7b..., userDataDir: C:\\Users\\VIKASS~1\\AppData\\L...}, goog:chromeOptions: {debuggerAddress: localhost:52622}, javascriptEnabled: true, networkConnectionEnabled: false, pageLoadStrategy: normal, platform: XP, platformName: XP, proxy: Proxy(), setWindowRect: true, strictFileInteractability: false, timeouts: {implicit: 0, pageLoad: 300000, script: 30000}, unhandledPromptBehavior: dismiss and notify}\nSession ID: 7d1122d5a44ea11d61dedb12c22a3eaf\n*** Element info: {Using=name, value=search_form_input_homepage}",
      "time" : {
        "start" : 1564822672823,
        "stop" : 1564822701478,
        "duration" : 28655
      }
    }, {
      "uid" : "7e9f2c014f8eea67",
      "status" : "failed",
      "statusDetails" : "Search results page is not loaded",
      "time" : {
        "start" : 1564822467614,
        "stop" : 1564822500466,
        "duration" : 32852
      }
    }, {
      "uid" : "e1301da717bb8969",
      "status" : "broken",
      "statusDetails" : "no such element: Unable to locate element: {\"method\":\"css selector\",\"selector\":\"*[name='top_nav']\"}\n  (Session info: chrome=76.0.3809.87)\nFor documentation on this error, please visit: https://www.seleniumhq.org/exceptions/no_such_element.html\nBuild info: version: '3.141.59', revision: 'e82be7d358', time: '2018-11-14T08:17:03'\nSystem info: host: 'LAPTOP-GTPDS52J', ip: '192.168.56.1', os.name: 'Windows 10', os.arch: 'amd64', os.version: '10.0', java.version: '1.8.0_201'\nDriver info: org.openqa.selenium.chrome.ChromeDriver\nCapabilities {acceptInsecureCerts: false, browserName: chrome, browserVersion: 76.0.3809.87, chrome: {chromedriverVersion: 75.0.3770.8 (681f24ea911fe7..., userDataDir: C:\\Users\\VIKASS~1\\AppData\\L...}, goog:chromeOptions: {debuggerAddress: localhost:52344}, javascriptEnabled: true, networkConnectionEnabled: false, pageLoadStrategy: normal, platform: XP, platformName: XP, proxy: Proxy(), setWindowRect: true, strictFileInteractability: false, timeouts: {implicit: 0, pageLoad: 300000, script: 30000}, unhandledPromptBehavior: dismiss and notify}\nSession ID: 5de6b7909dfe32d8f1d7cfea8bde744f\n*** Element info: {Using=name, value=top_nav}",
      "time" : {
        "start" : 1564822353585,
        "stop" : 1564822409011,
        "duration" : 55426
      }
    }, {
      "uid" : "6688dbd4f0eacad8",
      "status" : "failed",
      "statusDetails" : "Search results page is not loaded",
      "time" : {
        "start" : 1559983583242,
        "stop" : 1559983629398,
        "duration" : 46156
      }
    }, {
      "uid" : "7233e05915b170ba",
      "status" : "failed",
      "statusDetails" : "Search results page is not loaded",
      "time" : {
        "start" : 1559983488975,
        "stop" : 1559983531874,
        "duration" : 42899
      }
    }, {
      "uid" : "66deb4406f081e14",
      "status" : "broken",
      "statusDetails" : "javascript error: $ is not defined\n  (Session info: chrome=75.0.3770.80)\nBuild info: version: '3.141.59', revision: 'e82be7d358', time: '2018-11-14T08:17:03'\nSystem info: host: 'LAPTOP-GTPDS52J', ip: '192.168.56.1', os.name: 'Windows 10', os.arch: 'amd64', os.version: '10.0', java.version: '1.8.0_201'\nDriver info: org.openqa.selenium.chrome.ChromeDriver\nCapabilities {acceptInsecureCerts: false, browserName: chrome, browserVersion: 75.0.3770.80, chrome: {chromedriverVersion: 75.0.3770.8 (681f24ea911fe7..., userDataDir: C:\\Users\\VIKASS~1\\AppData\\L...}, goog:chromeOptions: {debuggerAddress: localhost:52176}, javascriptEnabled: true, networkConnectionEnabled: false, pageLoadStrategy: normal, platform: XP, platformName: XP, proxy: Proxy(), setWindowRect: true, strictFileInteractability: false, timeouts: {implicit: 0, pageLoad: 300000, script: 30000}, unhandledPromptBehavior: dismiss and notify}\nSession ID: 90411fe9c72a16c48365f7dc353c9887",
      "time" : {
        "start" : 1559983322094,
        "stop" : 1559983364855,
        "duration" : 42761
      }
    }, {
      "uid" : "de76e8110ddbd748",
      "status" : "broken",
      "statusDetails" : "javascript error: $ is not defined\n  (Session info: chrome=75.0.3770.80)\nBuild info: version: '3.141.59', revision: 'e82be7d358', time: '2018-11-14T08:17:03'\nSystem info: host: 'LAPTOP-GTPDS52J', ip: '192.168.56.1', os.name: 'Windows 10', os.arch: 'amd64', os.version: '10.0', java.version: '1.8.0_201'\nDriver info: org.openqa.selenium.chrome.ChromeDriver\nCapabilities {acceptInsecureCerts: false, browserName: chrome, browserVersion: 75.0.3770.80, chrome: {chromedriverVersion: 75.0.3770.8 (681f24ea911fe7..., userDataDir: C:\\Users\\VIKASS~1\\AppData\\L...}, goog:chromeOptions: {debuggerAddress: localhost:51645}, javascriptEnabled: true, networkConnectionEnabled: false, pageLoadStrategy: normal, platform: XP, platformName: XP, proxy: Proxy(), setWindowRect: true, strictFileInteractability: false, timeouts: {implicit: 0, pageLoad: 300000, script: 30000}, unhandledPromptBehavior: dismiss and notify}\nSession ID: 500261c5b898c37a2e8bd91afa4714a4",
      "time" : {
        "start" : 1559982924526,
        "stop" : 1559982965371,
        "duration" : 40845
      }
    }, {
      "uid" : "f6c2f104d1cd65fb",
      "status" : "broken",
      "statusDetails" : "javascript error: $ is not defined\n  (Session info: chrome=75.0.3770.80)\nBuild info: version: '3.141.59', revision: 'e82be7d358', time: '2018-11-14T08:17:03'\nSystem info: host: 'LAPTOP-GTPDS52J', ip: '192.168.56.1', os.name: 'Windows 10', os.arch: 'amd64', os.version: '10.0', java.version: '1.8.0_201'\nDriver info: org.openqa.selenium.chrome.ChromeDriver\nCapabilities {acceptInsecureCerts: false, browserName: chrome, browserVersion: 75.0.3770.80, chrome: {chromedriverVersion: 75.0.3770.8 (681f24ea911fe7..., userDataDir: C:\\Users\\VIKASS~1\\AppData\\L...}, goog:chromeOptions: {debuggerAddress: localhost:51438}, javascriptEnabled: true, networkConnectionEnabled: false, pageLoadStrategy: normal, platform: XP, platformName: XP, proxy: Proxy(), setWindowRect: true, strictFileInteractability: false, timeouts: {implicit: 0, pageLoad: 300000, script: 30000}, unhandledPromptBehavior: dismiss and notify}\nSession ID: b39d9b3c26491254141291d590075961",
      "time" : {
        "start" : 1559982774898,
        "stop" : 1559982815624,
        "duration" : 40726
      }
    }, {
      "uid" : "9ab79e7df2cd7013",
      "status" : "broken",
      "statusDetails" : "javascript error: $ is not defined\n  (Session info: chrome=75.0.3770.80)\nBuild info: version: '3.141.59', revision: 'e82be7d358', time: '2018-11-14T08:17:03'\nSystem info: host: 'LAPTOP-GTPDS52J', ip: '192.168.56.1', os.name: 'Windows 10', os.arch: 'amd64', os.version: '10.0', java.version: '1.8.0_201'\nDriver info: org.openqa.selenium.chrome.ChromeDriver\nCapabilities {acceptInsecureCerts: false, browserName: chrome, browserVersion: 75.0.3770.80, chrome: {chromedriverVersion: 75.0.3770.8 (681f24ea911fe7..., userDataDir: C:\\Users\\VIKASS~1\\AppData\\L...}, goog:chromeOptions: {debuggerAddress: localhost:51152}, javascriptEnabled: true, networkConnectionEnabled: false, pageLoadStrategy: normal, platform: XP, platformName: XP, proxy: Proxy(), setWindowRect: true, strictFileInteractability: false, timeouts: {implicit: 0, pageLoad: 300000, script: 30000}, unhandledPromptBehavior: dismiss and notify}\nSession ID: c5f6020824eb151d53b57b22dc4197b5",
      "time" : {
        "start" : 1559982529700,
        "stop" : 1559982569452,
        "duration" : 39752
      }
    } ],
    "categories" : [ {
      "name" : "Product defects",
      "matchedStatuses" : [ ],
      "flaky" : false
    } ],
    "tags" : [ "gui" ]
  },
  "statusDetailsSafe" : {
    "message" : "Search results page is not loaded",
    "trace" : "java.lang.AssertionError: Search results page is not loaded\r\n\tat org.junit.Assert.fail(Assert.java:88)\r\n\tat org.junit.Assert.assertTrue(Assert.java:41)\r\n\tat org.junit.Assert.assertFalse(Assert.java:64)\r\n\tat com.project.qa.core.helpers.AssertionHelper.assertFalse(AssertionHelper.java:43)\r\n\tat com.project.qa.ui.stepdefs.SearchSteps.user_is_not_on_Google_search_results_page(SearchSteps.java:45)\r\n\tat ✽.User is not on Google search results page(classpath:features/google_search.feature:14)\r\n",
    "flaky" : true
  },
  "source" : "9b8d58c563fd404d.json",
  "statusMessage" : {
    "present" : true
  },
  "parameterValues" : [ ]
}