2019-06-07 22:06:880 INFO  JUnitListeners:38 - Verify YAML File Reader for default file test is starting...
2019-06-07 22:06:155 INFO  WebBrowserManager:81 - closing web driver instance
2019-06-07 22:06:805 INFO  WebBrowserManager:84 - web driver instances closed successfully
2019-06-07 22:06:814 INFO  JUnitListeners:43 - Verify YAML File Reader for default file test is finished...
2019-06-07 22:06:975 INFO  JUnitListeners:38 - Verify YAML File Reader for specific file test is starting...
2019-06-07 22:06:503 INFO  WebBrowserManager:81 - closing web driver instance
2019-06-07 22:06:140 INFO  WebBrowserManager:84 - web driver instances closed successfully
2019-06-07 22:06:142 INFO  JUnitListeners:43 - Verify YAML File Reader for specific file test is finished...
2019-06-07 22:06:240 INFO  JUnitListeners:31 - Tests finished! Number of test case: 2
2019-06-07 22:06:240 INFO  JUnitListeners:33 - Elapsed time of tests execution: 1559928558 seconds
2019-06-07 23:06:233 INFO  JUnitListeners:38 - Verify YAML File Reader for default file test is starting...
2019-06-07 23:06:475 INFO  JUnitListeners:43 - Verify YAML File Reader for default file test is finished...
2019-06-07 23:06:786 INFO  JUnitListeners:38 - Verify YAML File Reader for specific file test is starting...
2019-06-07 23:06:172 INFO  JUnitListeners:43 - Verify YAML File Reader for specific file test is finished...
2019-06-07 23:06:195 INFO  JUnitListeners:31 - Tests finished! Number of test case: 2
2019-06-07 23:06:195 INFO  JUnitListeners:33 - Elapsed time of tests execution: 1559929104 seconds
2019-06-07 23:06:398 INFO  JUnitListeners:38 - Verify YAML File Reader for default file test is starting...
2019-06-07 23:06:738 INFO  JUnitListeners:43 - Verify YAML File Reader for default file test is finished...
2019-06-07 23:06:860 INFO  JUnitListeners:38 - Verify YAML File Reader for specific file test is starting...
2019-06-07 23:06:874 INFO  JUnitListeners:43 - Verify YAML File Reader for specific file test is finished...
2019-06-07 23:06:898 INFO  JUnitListeners:31 - Tests finished! Number of test case: 2
2019-06-07 23:06:899 INFO  JUnitListeners:33 - Elapsed time of tests execution: 1559929472 seconds
2019-06-07 23:06:947 INFO  JUnitListeners:38 - Verify YAML File Reader for default file test is starting...
2019-06-07 23:06:388 INFO  JUnitListeners:43 - Verify YAML File Reader for default file test is finished...
2019-06-07 23:06:540 INFO  JUnitListeners:38 - Verify YAML File Reader for specific file test is starting...
2019-06-07 23:06:548 INFO  JUnitListeners:43 - Verify YAML File Reader for specific file test is finished...
2019-06-07 23:06:567 INFO  JUnitListeners:31 - Tests finished! Number of test case: 2
2019-06-07 23:06:567 INFO  JUnitListeners:33 - Elapsed time of tests execution: 1559929560 seconds
2019-06-07 23:06:884 INFO  JUnitListeners:38 - Verify YAML File Reader for default file test is starting...
2019-06-07 23:06:228 ERROR JUnitListeners:48 - Verify YAML File Reader for default file test FAILED!!!
2019-06-07 23:06:228 INFO  JUnitListeners:43 - Verify YAML File Reader for default file test is finished...
2019-06-07 23:06:351 INFO  JUnitListeners:38 - Verify YAML File Reader for specific file test is starting...
2019-06-07 23:06:357 INFO  JUnitListeners:43 - Verify YAML File Reader for specific file test is finished...
2019-06-07 23:06:377 INFO  JUnitListeners:31 - Tests finished! Number of test case: 2
2019-06-07 23:06:379 INFO  JUnitListeners:33 - Elapsed time of tests execution: 1559929814 seconds
2019-06-07 23:06:762 INFO  JUnitListeners:38 - Verify YAML File Reader for default file test is starting...
2019-06-07 23:06:99 ERROR JUnitListeners:48 - Verify YAML File Reader for default file test FAILED!!!
2019-06-07 23:06:103 INFO  JUnitListeners:43 - Verify YAML File Reader for default file test is finished...
2019-06-07 23:06:229 INFO  JUnitListeners:38 - Verify YAML File Reader for specific file test is starting...
2019-06-07 23:06:234 INFO  JUnitListeners:43 - Verify YAML File Reader for specific file test is finished...
2019-06-07 23:06:255 INFO  JUnitListeners:31 - Tests finished! Number of test case: 2
2019-06-07 23:06:256 INFO  JUnitListeners:33 - Elapsed time of tests execution: 1559929886 seconds
2019-06-07 23:06:912 INFO  JUnitListeners:38 - Verify YAML File Reader for default file test is starting...
2019-06-07 23:06:265 ERROR JUnitListeners:48 - Verify YAML File Reader for default file test FAILED!!!
2019-06-07 23:06:266 INFO  JUnitListeners:43 - Verify YAML File Reader for default file test is finished...
2019-06-07 23:06:373 INFO  JUnitListeners:38 - Verify YAML File Reader for specific file test is starting...
2019-06-07 23:06:378 INFO  JUnitListeners:43 - Verify YAML File Reader for specific file test is finished...
2019-06-07 23:06:399 INFO  JUnitListeners:31 - Tests finished! Number of test case: 2
2019-06-07 23:06:399 INFO  JUnitListeners:33 - Elapsed time of tests execution: 1559929916 seconds
2019-06-07 23:06:279 INFO  JUnitListeners:38 - Verify YAML File Reader for default file test is starting...
2019-06-07 23:06:628 ERROR JUnitListeners:48 - Verify YAML File Reader for default file test FAILED!!!
2019-06-07 23:06:632 INFO  JUnitListeners:43 - Verify YAML File Reader for default file test is finished...
2019-06-07 23:06:742 INFO  JUnitListeners:38 - Verify YAML File Reader for specific file test is starting...
2019-06-07 23:06:749 INFO  JUnitListeners:43 - Verify YAML File Reader for specific file test is finished...
2019-06-07 23:06:768 INFO  JUnitListeners:31 - Tests finished! Number of test case: 2
2019-06-07 23:06:768 INFO  JUnitListeners:33 - Elapsed time of tests execution: 1559930066 seconds
2019-06-07 23:06:118 INFO  JUnitListeners:38 - Verify YAML File Reader for default file test is starting...
2019-06-07 23:06:564 ERROR JUnitListeners:48 - Verify YAML File Reader for default file test FAILED!!!
2019-06-07 23:06:564 INFO  JUnitListeners:43 - Verify YAML File Reader for default file test is finished...
2019-06-07 23:06:685 INFO  JUnitListeners:38 - Verify YAML File Reader for specific file test is starting...
2019-06-07 23:06:692 INFO  JUnitListeners:43 - Verify YAML File Reader for specific file test is finished...
2019-06-07 23:06:717 INFO  JUnitListeners:31 - Tests finished! Number of test case: 2
2019-06-07 23:06:718 INFO  JUnitListeners:33 - Elapsed time of tests execution: 1559930116 seconds
2019-06-07 23:06:226 INFO  JUnitListeners:38 - Verify YAML File Reader for default file test is starting...
2019-06-07 23:06:590 ERROR JUnitListeners:48 - Verify YAML File Reader for default file test FAILED!!!
2019-06-07 23:06:594 INFO  JUnitListeners:43 - Verify YAML File Reader for default file test is finished...
2019-06-07 23:06:727 INFO  JUnitListeners:38 - Verify YAML File Reader for specific file test is starting...
2019-06-07 23:06:735 INFO  JUnitListeners:43 - Verify YAML File Reader for specific file test is finished...
2019-06-07 23:06:759 INFO  JUnitListeners:31 - Tests finished! Number of test case: 2
2019-06-07 23:06:760 INFO  JUnitListeners:33 - Elapsed time of tests execution: 1559930176 seconds
2019-06-07 23:06:281 INFO  JUnitListeners:38 - Verify YAML File Reader for default file test is starting...
2019-06-07 23:06:599 ERROR JUnitListeners:48 - Verify YAML File Reader for default file test FAILED!!!
2019-06-07 23:06:603 INFO  JUnitListeners:43 - Verify YAML File Reader for default file test is finished...
2019-06-07 23:06:729 INFO  JUnitListeners:38 - Verify YAML File Reader for specific file test is starting...
2019-06-07 23:06:740 INFO  JUnitListeners:43 - Verify YAML File Reader for specific file test is finished...
2019-06-07 23:06:779 INFO  JUnitListeners:31 - Tests finished! Number of test case: 2
2019-06-07 23:06:780 INFO  JUnitListeners:33 - Elapsed time of tests execution: 1559930191 seconds
2019-06-07 23:06:679 INFO  JUnitListeners:38 - Verify YAML File Reader for default file test is starting...
2019-06-07 23:06:15 ERROR JUnitListeners:48 - Verify YAML File Reader for default file test FAILED!!!
2019-06-07 23:06:15 INFO  JUnitListeners:43 - Verify YAML File Reader for default file test is finished...
2019-06-07 23:06:137 INFO  JUnitListeners:38 - Verify YAML File Reader for specific file test is starting...
2019-06-07 23:06:143 INFO  JUnitListeners:43 - Verify YAML File Reader for specific file test is finished...
2019-06-07 23:06:182 INFO  JUnitListeners:31 - Tests finished! Number of test case: 2
2019-06-07 23:06:183 INFO  JUnitListeners:33 - Elapsed time of tests execution: 1559930354 seconds
2019-06-07 23:06:853 INFO  JUnitListeners:38 - Verify YAML File Reader for default file test is starting...
2019-06-07 23:06:188 INFO  JUnitListeners:43 - Verify YAML File Reader for default file test is finished...
2019-06-07 23:06:310 INFO  JUnitListeners:38 - Verify YAML File Reader for specific file test is starting...
2019-06-07 23:06:328 INFO  JUnitListeners:43 - Verify YAML File Reader for specific file test is finished...
2019-06-07 23:06:370 INFO  JUnitListeners:31 - Tests finished! Number of test case: 2
2019-06-07 23:06:371 INFO  JUnitListeners:33 - Elapsed time of tests execution: 1559930374 seconds
2019-06-07 23:06:904 INFO  JUnitListeners:38 - Verify YAML File Reader for default file test is starting...
2019-06-07 23:06:236 INFO  JUnitListeners:43 - Verify YAML File Reader for default file test is finished...
2019-06-07 23:06:353 INFO  JUnitListeners:38 - Verify YAML File Reader for specific file test is starting...
2019-06-07 23:06:362 INFO  JUnitListeners:43 - Verify YAML File Reader for specific file test is finished...
2019-06-07 23:06:385 INFO  JUnitListeners:31 - Tests finished! Number of test case: 2
2019-06-07 23:06:386 INFO  JUnitListeners:33 - Elapsed time of tests execution: 1559930411 seconds
2019-06-07 23:06:192 INFO  JUnitListeners:38 - Verify YAML File Reader for default file test is starting...
2019-06-07 23:06:557 INFO  JUnitListeners:43 - Verify YAML File Reader for default file test is finished...
2019-06-07 23:06:684 INFO  JUnitListeners:38 - Verify YAML File Reader for specific file test is starting...
2019-06-07 23:06:690 INFO  JUnitListeners:43 - Verify YAML File Reader for specific file test is finished...
2019-06-07 23:06:710 INFO  JUnitListeners:31 - Tests finished! Number of test case: 2
2019-06-07 23:06:710 INFO  JUnitListeners:33 - Elapsed time of tests execution: 1559930504 seconds
2019-06-07 23:06:359 INFO  JUnitListeners:38 - Verify YAML File Reader for default file test is starting...
2019-06-07 23:06:740 INFO  JUnitListeners:43 - Verify YAML File Reader for default file test is finished...
2019-06-07 23:06:855 INFO  JUnitListeners:38 - Verify YAML File Reader for specific file test is starting...
2019-06-07 23:06:880 ERROR JUnitListeners:48 - Verify YAML File Reader for specific file test FAILED!!!
2019-06-07 23:06:882 INFO  JUnitListeners:43 - Verify YAML File Reader for specific file test is finished...
2019-06-07 23:06:923 INFO  JUnitListeners:31 - Tests finished! Number of test case: 2
2019-06-07 23:06:923 INFO  JUnitListeners:33 - Elapsed time of tests execution: 1559930522 seconds
2019-06-07 23:06:938 INFO  JUnitListeners:38 - Verify YAML File Reader for default file test is starting...
2019-06-07 23:06:260 INFO  JUnitListeners:43 - Verify YAML File Reader for default file test is finished...
2019-06-07 23:06:379 INFO  JUnitListeners:38 - Verify YAML File Reader for specific file test is starting...
2019-06-07 23:06:388 ERROR JUnitListeners:48 - Verify YAML File Reader for specific file test FAILED!!!
2019-06-07 23:06:389 INFO  JUnitListeners:43 - Verify YAML File Reader for specific file test is finished...
2019-06-07 23:06:419 INFO  JUnitListeners:31 - Tests finished! Number of test case: 2
2019-06-07 23:06:419 INFO  JUnitListeners:33 - Elapsed time of tests execution: 1559930563 seconds
2019-06-07 23:06:638 INFO  JUnitListeners:38 - Verify YAML File Reader for default file test is starting...
2019-06-07 23:06:971 INFO  JUnitListeners:43 - Verify YAML File Reader for default file test is finished...
2019-06-07 23:06:84 INFO  JUnitListeners:38 - Verify YAML File Reader for specific file test is starting...
2019-06-07 23:06:99 ERROR JUnitListeners:48 - Verify YAML File Reader for specific file test FAILED!!!
2019-06-07 23:06:100 INFO  JUnitListeners:43 - Verify YAML File Reader for specific file test is finished...
2019-06-07 23:06:124 INFO  JUnitListeners:31 - Tests finished! Number of test case: 2
2019-06-07 23:06:125 INFO  JUnitListeners:33 - Elapsed time of tests execution: 1559930593 seconds
2019-06-07 23:06:581 INFO  JUnitListeners:38 - Verify YAML File Reader for default file test is starting...
2019-06-07 23:06:917 INFO  JUnitListeners:43 - Verify YAML File Reader for default file test is finished...
2019-06-07 23:06:47 INFO  JUnitListeners:38 - Verify YAML File Reader for specific file test is starting...
2019-06-07 23:06:63 ERROR JUnitListeners:48 - Verify YAML File Reader for specific file test FAILED!!!
2019-06-07 23:06:64 INFO  JUnitListeners:43 - Verify YAML File Reader for specific file test is finished...
2019-06-07 23:06:154 INFO  JUnitListeners:31 - Tests finished! Number of test case: 2
2019-06-07 23:06:155 INFO  JUnitListeners:33 - Elapsed time of tests execution: 1559930629 seconds
2019-06-07 23:06:200 INFO  JUnitListeners:38 - Verify YAML File Reader for default file test is starting...
2019-06-07 23:06:566 INFO  JUnitListeners:43 - Verify YAML File Reader for default file test is finished...
2019-06-07 23:06:701 INFO  JUnitListeners:38 - Verify YAML File Reader for specific file test is starting...
2019-06-07 23:06:711 ERROR JUnitListeners:48 - Verify YAML File Reader for specific file test FAILED!!!
2019-06-07 23:06:712 INFO  JUnitListeners:43 - Verify YAML File Reader for specific file test is finished...
2019-06-07 23:06:733 INFO  JUnitListeners:31 - Tests finished! Number of test case: 2
2019-06-07 23:06:733 INFO  JUnitListeners:33 - Elapsed time of tests execution: 1559930674 seconds
2019-06-07 23:06:342 INFO  JUnitListeners:38 - Verify YAML File Reader for default file test is starting...
2019-06-07 23:06:682 INFO  JUnitListeners:43 - Verify YAML File Reader for default file test is finished...
2019-06-07 23:06:804 INFO  JUnitListeners:38 - Verify YAML File Reader for specific file test is starting...
2019-06-07 23:06:815 INFO  JUnitListeners:43 - Verify YAML File Reader for specific file test is finished...
2019-06-07 23:06:841 INFO  JUnitListeners:31 - Tests finished! Number of test case: 2
2019-06-07 23:06:843 INFO  JUnitListeners:33 - Elapsed time of tests execution: 1559930689 seconds
2019-06-07 23:06:77 INFO  JUnitListeners:38 - Verify YAML File Reader for default file test is starting...
2019-06-07 23:06:409 INFO  JUnitListeners:43 - Verify YAML File Reader for default file test is finished...
2019-06-07 23:06:544 INFO  JUnitListeners:38 - Verify YAML File Reader for specific file test is starting...
2019-06-07 23:06:550 INFO  JUnitListeners:43 - Verify YAML File Reader for specific file test is finished...
2019-06-07 23:06:566 INFO  JUnitListeners:31 - Tests finished! Number of test case: 2
2019-06-07 23:06:566 INFO  JUnitListeners:33 - Elapsed time of tests execution: 1559930876 seconds
2019-06-07 23:06:727 INFO  JUnitListeners:38 - Verify YAML File Reader for default file test is starting...
2019-06-07 23:06:62 INFO  JUnitListeners:43 - Verify YAML File Reader for default file test is finished...
2019-06-07 23:06:189 INFO  JUnitListeners:38 - Verify YAML File Reader for specific file test is starting...
2019-06-07 23:06:200 INFO  JUnitListeners:43 - Verify YAML File Reader for specific file test is finished...
2019-06-07 23:06:335 INFO  JUnitListeners:31 - Tests finished! Number of test case: 2
2019-06-07 23:06:335 INFO  JUnitListeners:33 - Elapsed time of tests execution: 1559931448 seconds
2019-06-08 00:06:470 INFO  JUnitListeners:38 - Verify YAML File Reader for default file test is starting...
2019-06-08 00:06:825 INFO  JUnitListeners:43 - Verify YAML File Reader for default file test is finished...
2019-06-08 00:06:937 INFO  JUnitListeners:38 - Verify YAML File Reader for specific file test is starting...
2019-06-08 00:06:947 INFO  JUnitListeners:43 - Verify YAML File Reader for specific file test is finished...
2019-06-08 00:06:964 INFO  JUnitListeners:38 - Verify JSON File Reader for default file test is starting...
2019-06-08 00:06:978 INFO  JUnitListeners:43 - Verify JSON File Reader for default file test is finished...
2019-06-08 00:06:03 INFO  JUnitListeners:38 - Verify JSON File Reader for specific file test is starting...
2019-06-08 00:06:22 INFO  JUnitListeners:43 - Verify JSON File Reader for specific file test is finished...
2019-06-08 00:06:56 INFO  JUnitListeners:31 - Tests finished! Number of test case: 4
2019-06-08 00:06:57 INFO  JUnitListeners:33 - Elapsed time of tests execution: 1559932340 seconds
2019-06-08 00:06:362 INFO  JUnitListeners:38 - Verify YAML File Reader for default file test is starting...
2019-06-08 00:06:792 INFO  JUnitListeners:43 - Verify YAML File Reader for default file test is finished...
2019-06-08 00:06:893 INFO  JUnitListeners:38 - Verify YAML File Reader for specific file test is starting...
2019-06-08 00:06:898 INFO  JUnitListeners:43 - Verify YAML File Reader for specific file test is finished...
2019-06-08 00:06:907 INFO  JUnitListeners:38 - Verify JSON File Reader for default file test is starting...
2019-06-08 00:06:911 INFO  JUnitListeners:43 - Verify JSON File Reader for default file test is finished...
2019-06-08 00:06:919 INFO  JUnitListeners:38 - Verify JSON File Reader for specific file test is starting...
2019-06-08 00:06:923 INFO  JUnitListeners:43 - Verify JSON File Reader for specific file test is finished...
2019-06-08 00:06:931 INFO  JUnitListeners:38 - Verify EXCEL File Reader for default file test is starting...
2019-06-08 00:06:938 ERROR JUnitListeners:48 - Verify EXCEL File Reader for default file test FAILED!!!
2019-06-08 00:06:938 INFO  JUnitListeners:43 - Verify EXCEL File Reader for default file test is finished...
2019-06-08 00:06:948 INFO  JUnitListeners:38 - Verify EXCEL File Reader for specific file test is starting...
2019-06-08 00:06:950 ERROR JUnitListeners:48 - Verify EXCEL File Reader for specific file test FAILED!!!
2019-06-08 00:06:950 INFO  JUnitListeners:43 - Verify EXCEL File Reader for specific file test is finished...
2019-06-08 00:06:986 INFO  JUnitListeners:31 - Tests finished! Number of test case: 6
2019-06-08 00:06:986 INFO  JUnitListeners:33 - Elapsed time of tests execution: 1559934077 seconds
2019-06-08 00:06:412 INFO  JUnitListeners:38 - Verify YAML File Reader for default file test is starting...
2019-06-08 00:06:829 INFO  JUnitListeners:43 - Verify YAML File Reader for default file test is finished...
2019-06-08 00:06:952 INFO  JUnitListeners:38 - Verify YAML File Reader for specific file test is starting...
2019-06-08 00:06:956 INFO  JUnitListeners:43 - Verify YAML File Reader for specific file test is finished...
2019-06-08 00:06:977 INFO  JUnitListeners:38 - Verify JSON File Reader for default file test is starting...
2019-06-08 00:06:985 INFO  JUnitListeners:43 - Verify JSON File Reader for default file test is finished...
2019-06-08 00:06:997 INFO  JUnitListeners:38 - Verify JSON File Reader for specific file test is starting...
2019-06-08 00:06:999 INFO  JUnitListeners:43 - Verify JSON File Reader for specific file test is finished...
2019-06-08 00:06:14 INFO  JUnitListeners:38 - Verify EXCEL File Reader for default file test is starting...
2019-06-08 00:06:92 ERROR JUnitListeners:48 - Verify EXCEL File Reader for default file test FAILED!!!
2019-06-08 00:06:93 INFO  JUnitListeners:43 - Verify EXCEL File Reader for default file test is finished...
2019-06-08 00:06:104 INFO  JUnitListeners:38 - Verify EXCEL File Reader for specific file test is starting...
2019-06-08 00:06:119 ERROR JUnitListeners:48 - Verify EXCEL File Reader for specific file test FAILED!!!
2019-06-08 00:06:120 INFO  JUnitListeners:43 - Verify EXCEL File Reader for specific file test is finished...
2019-06-08 00:06:138 INFO  JUnitListeners:31 - Tests finished! Number of test case: 6
2019-06-08 00:06:139 INFO  JUnitListeners:33 - Elapsed time of tests execution: 1559934185 seconds
2019-06-08 00:06:150 INFO  JUnitListeners:38 - Verify YAML File Reader for default file test is starting...
2019-06-08 00:06:509 INFO  JUnitListeners:43 - Verify YAML File Reader for default file test is finished...
2019-06-08 00:06:598 INFO  JUnitListeners:38 - Verify YAML File Reader for specific file test is starting...
2019-06-08 00:06:602 INFO  JUnitListeners:43 - Verify YAML File Reader for specific file test is finished...
2019-06-08 00:06:610 INFO  JUnitListeners:38 - Verify JSON File Reader for default file test is starting...
2019-06-08 00:06:614 INFO  JUnitListeners:43 - Verify JSON File Reader for default file test is finished...
2019-06-08 00:06:627 INFO  JUnitListeners:38 - Verify JSON File Reader for specific file test is starting...
2019-06-08 00:06:629 INFO  JUnitListeners:43 - Verify JSON File Reader for specific file test is finished...
2019-06-08 00:06:703 INFO  JUnitListeners:38 - Verify EXCEL File Reader for default file test is starting...
2019-06-08 00:06:781 ERROR JUnitListeners:48 - Verify EXCEL File Reader for default file test FAILED!!!
2019-06-08 00:06:782 INFO  JUnitListeners:43 - Verify EXCEL File Reader for default file test is finished...
2019-06-08 00:06:793 INFO  JUnitListeners:38 - Verify EXCEL File Reader for specific file test is starting...
2019-06-08 00:06:795 ERROR JUnitListeners:48 - Verify EXCEL File Reader for specific file test FAILED!!!
2019-06-08 00:06:796 INFO  JUnitListeners:43 - Verify EXCEL File Reader for specific file test is finished...
2019-06-08 00:06:828 INFO  JUnitListeners:31 - Tests finished! Number of test case: 6
2019-06-08 00:06:829 INFO  JUnitListeners:33 - Elapsed time of tests execution: 1559934231 seconds
2019-06-08 00:06:570 INFO  JUnitListeners:38 - Verify YAML File Reader for default file test is starting...
2019-06-08 00:06:895 INFO  JUnitListeners:43 - Verify YAML File Reader for default file test is finished...
2019-06-08 00:06:32 INFO  JUnitListeners:38 - Verify YAML File Reader for specific file test is starting...
2019-06-08 00:06:36 INFO  JUnitListeners:43 - Verify YAML File Reader for specific file test is finished...
2019-06-08 00:06:45 INFO  JUnitListeners:38 - Verify JSON File Reader for default file test is starting...
2019-06-08 00:06:51 INFO  JUnitListeners:43 - Verify JSON File Reader for default file test is finished...
2019-06-08 00:06:60 INFO  JUnitListeners:38 - Verify JSON File Reader for specific file test is starting...
2019-06-08 00:06:62 INFO  JUnitListeners:43 - Verify JSON File Reader for specific file test is finished...
2019-06-08 00:06:71 INFO  JUnitListeners:38 - Verify EXCEL File Reader for default file test is starting...
2019-06-08 00:06:613 INFO  JUnitListeners:43 - Verify EXCEL File Reader for default file test is finished...
2019-06-08 00:06:621 INFO  JUnitListeners:38 - Verify EXCEL File Reader for specific file test is starting...
2019-06-08 00:06:647 ERROR JUnitListeners:48 - Verify EXCEL File Reader for specific file test FAILED!!!
2019-06-08 00:06:647 INFO  JUnitListeners:43 - Verify EXCEL File Reader for specific file test is finished...
2019-06-08 00:06:659 INFO  JUnitListeners:31 - Tests finished! Number of test case: 6
2019-06-08 00:06:659 INFO  JUnitListeners:33 - Elapsed time of tests execution: 1559934261 seconds
2019-06-08 00:06:857 INFO  JUnitListeners:38 - Verify YAML File Reader for default file test is starting...
2019-06-08 00:06:241 INFO  JUnitListeners:43 - Verify YAML File Reader for default file test is finished...
2019-06-08 00:06:368 INFO  JUnitListeners:38 - Verify YAML File Reader for specific file test is starting...
2019-06-08 00:06:372 INFO  JUnitListeners:43 - Verify YAML File Reader for specific file test is finished...
2019-06-08 00:06:380 INFO  JUnitListeners:38 - Verify JSON File Reader for default file test is starting...
2019-06-08 00:06:385 INFO  JUnitListeners:43 - Verify JSON File Reader for default file test is finished...
2019-06-08 00:06:393 INFO  JUnitListeners:38 - Verify JSON File Reader for specific file test is starting...
2019-06-08 00:06:395 INFO  JUnitListeners:43 - Verify JSON File Reader for specific file test is finished...
2019-06-08 00:06:402 INFO  JUnitListeners:38 - Verify EXCEL File Reader for default file test is starting...
2019-06-08 00:06:821 INFO  JUnitListeners:43 - Verify EXCEL File Reader for default file test is finished...
2019-06-08 00:06:835 INFO  JUnitListeners:38 - Verify EXCEL File Reader for specific file test is starting...
2019-06-08 00:06:854 INFO  JUnitListeners:43 - Verify EXCEL File Reader for specific file test is finished...
2019-06-08 00:06:863 INFO  JUnitListeners:31 - Tests finished! Number of test case: 6
2019-06-08 00:06:863 INFO  JUnitListeners:33 - Elapsed time of tests execution: 1559934339 seconds
2019-06-08 00:06:753 INFO  JUnitListeners:38 - Verify YAML File Reader for default file test is starting...
2019-06-08 00:06:76 INFO  JUnitListeners:43 - Verify YAML File Reader for default file test is finished...
2019-06-08 00:06:179 INFO  JUnitListeners:38 - Verify YAML File Reader for specific file test is starting...
2019-06-08 00:06:183 INFO  JUnitListeners:43 - Verify YAML File Reader for specific file test is finished...
2019-06-08 00:06:191 INFO  JUnitListeners:38 - Verify JSON File Reader for default file test is starting...
2019-06-08 00:06:196 INFO  JUnitListeners:43 - Verify JSON File Reader for default file test is finished...
2019-06-08 00:06:204 INFO  JUnitListeners:38 - Verify JSON File Reader for specific file test is starting...
2019-06-08 00:06:206 INFO  JUnitListeners:43 - Verify JSON File Reader for specific file test is finished...
2019-06-08 00:06:218 INFO  JUnitListeners:38 - Verify EXCEL File Reader for default file test is starting...
2019-06-08 00:06:608 INFO  JUnitListeners:43 - Verify EXCEL File Reader for default file test is finished...
2019-06-08 00:06:616 INFO  JUnitListeners:38 - Verify EXCEL File Reader for specific file test is starting...
2019-06-08 00:06:647 INFO  JUnitListeners:43 - Verify EXCEL File Reader for specific file test is finished...
2019-06-08 00:06:659 INFO  JUnitListeners:31 - Tests finished! Number of test case: 6
2019-06-08 00:06:659 INFO  JUnitListeners:33 - Elapsed time of tests execution: 1559934392 seconds
2019-06-08 00:06:108 INFO  JUnitListeners:38 - Verify YAML File Reader for default file test is starting...
2019-06-08 00:06:466 INFO  JUnitListeners:43 - Verify YAML File Reader for default file test is finished...
2019-06-08 00:06:560 INFO  JUnitListeners:38 - Verify YAML File Reader for specific file test is starting...
2019-06-08 00:06:564 INFO  JUnitListeners:43 - Verify YAML File Reader for specific file test is finished...
2019-06-08 00:06:573 INFO  JUnitListeners:38 - Verify JSON File Reader for default file test is starting...
2019-06-08 00:06:577 INFO  JUnitListeners:43 - Verify JSON File Reader for default file test is finished...
2019-06-08 00:06:585 INFO  JUnitListeners:38 - Verify JSON File Reader for specific file test is starting...
2019-06-08 00:06:587 INFO  JUnitListeners:43 - Verify JSON File Reader for specific file test is finished...
2019-06-08 00:06:595 INFO  JUnitListeners:38 - Verify EXCEL File Reader for default file test is starting...
2019-06-08 00:06:55 INFO  JUnitListeners:43 - Verify EXCEL File Reader for default file test is finished...
2019-06-08 00:06:64 INFO  JUnitListeners:38 - Verify EXCEL File Reader for specific file test is starting...
2019-06-08 00:06:83 INFO  JUnitListeners:43 - Verify EXCEL File Reader for specific file test is finished...
2019-06-08 00:06:93 INFO  JUnitListeners:31 - Tests finished! Number of test case: 6
2019-06-08 00:06:93 INFO  JUnitListeners:33 - Elapsed time of tests execution: 1559934412 seconds
2019-06-08 00:06:231 INFO  JUnitListeners:38 - Verify YAML File Reader for default file test is starting...
2019-06-08 00:06:632 INFO  JUnitListeners:43 - Verify YAML File Reader for default file test is finished...
2019-06-08 00:06:742 INFO  JUnitListeners:38 - Verify YAML File Reader for specific file test is starting...
2019-06-08 00:06:746 INFO  JUnitListeners:43 - Verify YAML File Reader for specific file test is finished...
2019-06-08 00:06:755 INFO  JUnitListeners:38 - Verify JSON File Reader for default file test is starting...
2019-06-08 00:06:760 INFO  JUnitListeners:43 - Verify JSON File Reader for default file test is finished...
2019-06-08 00:06:768 INFO  JUnitListeners:38 - Verify JSON File Reader for specific file test is starting...
2019-06-08 00:06:772 INFO  JUnitListeners:43 - Verify JSON File Reader for specific file test is finished...
2019-06-08 00:06:793 INFO  JUnitListeners:38 - Verify EXCEL File Reader for default file test is starting...
2019-06-08 00:06:217 ERROR JUnitListeners:48 - Verify EXCEL File Reader for default file test FAILED!!!
2019-06-08 00:06:217 INFO  JUnitListeners:43 - Verify EXCEL File Reader for default file test is finished...
2019-06-08 00:06:226 INFO  JUnitListeners:38 - Verify EXCEL File Reader for specific file test is starting...
2019-06-08 00:06:244 ERROR JUnitListeners:48 - Verify EXCEL File Reader for specific file test FAILED!!!
2019-06-08 00:06:245 INFO  JUnitListeners:43 - Verify EXCEL File Reader for specific file test is finished...
2019-06-08 00:06:272 INFO  JUnitListeners:31 - Tests finished! Number of test case: 6
2019-06-08 00:06:272 INFO  JUnitListeners:33 - Elapsed time of tests execution: 1559934512 seconds
2019-06-08 00:06:892 INFO  JUnitListeners:38 - Verify YAML File Reader for default file test is starting...
2019-06-08 00:06:157 INFO  JUnitListeners:43 - Verify YAML File Reader for default file test is finished...
2019-06-08 00:06:227 INFO  JUnitListeners:38 - Verify YAML File Reader for specific file test is starting...
2019-06-08 00:06:231 INFO  JUnitListeners:43 - Verify YAML File Reader for specific file test is finished...
2019-06-08 00:06:239 INFO  JUnitListeners:38 - Verify JSON File Reader for default file test is starting...
2019-06-08 00:06:243 INFO  JUnitListeners:43 - Verify JSON File Reader for default file test is finished...
2019-06-08 00:06:252 INFO  JUnitListeners:38 - Verify JSON File Reader for specific file test is starting...
2019-06-08 00:06:254 INFO  JUnitListeners:43 - Verify JSON File Reader for specific file test is finished...
2019-06-08 00:06:262 INFO  JUnitListeners:38 - Verify EXCEL File Reader for default file test is starting...
2019-06-08 00:06:624 INFO  JUnitListeners:43 - Verify EXCEL File Reader for default file test is finished...
2019-06-08 00:06:634 INFO  JUnitListeners:38 - Verify EXCEL File Reader for specific file test is starting...
2019-06-08 00:06:653 INFO  JUnitListeners:43 - Verify EXCEL File Reader for specific file test is finished...
2019-06-08 00:06:662 INFO  JUnitListeners:31 - Tests finished! Number of test case: 6
2019-06-08 00:06:662 INFO  JUnitListeners:33 - Elapsed time of tests execution: 1559934539 seconds
2019-06-08 00:06:505 INFO  JUnitListeners:38 - Verify YAML File Reader for default file test is starting...
2019-06-08 00:06:770 INFO  JUnitListeners:43 - Verify YAML File Reader for default file test is finished...
2019-06-08 00:06:840 INFO  JUnitListeners:38 - Verify YAML File Reader for specific file test is starting...
2019-06-08 00:06:843 INFO  JUnitListeners:43 - Verify YAML File Reader for specific file test is finished...
2019-06-08 00:06:863 INFO  JUnitListeners:38 - Verify JSON File Reader for default file test is starting...
2019-06-08 00:06:879 INFO  JUnitListeners:43 - Verify JSON File Reader for default file test is finished...
2019-06-08 00:06:888 INFO  JUnitListeners:38 - Verify JSON File Reader for specific file test is starting...
2019-06-08 00:06:890 INFO  JUnitListeners:43 - Verify JSON File Reader for specific file test is finished...
2019-06-08 00:06:898 INFO  JUnitListeners:38 - Verify EXCEL File Reader for default file test is starting...
2019-06-08 00:06:264 INFO  JUnitListeners:43 - Verify EXCEL File Reader for default file test is finished...
2019-06-08 00:06:273 INFO  JUnitListeners:38 - Verify EXCEL File Reader for specific file test is starting...
2019-06-08 00:06:290 INFO  JUnitListeners:43 - Verify EXCEL File Reader for specific file test is finished...
2019-06-08 00:06:304 INFO  JUnitListeners:31 - Tests finished! Number of test case: 6
2019-06-08 00:06:304 INFO  JUnitListeners:33 - Elapsed time of tests execution: 1559934580 seconds
2019-06-08 00:06:643 INFO  JUnitListeners:38 - Verify YAML File Reader for default file test is starting...
2019-06-08 00:06:894 INFO  JUnitListeners:43 - Verify YAML File Reader for default file test is finished...
2019-06-08 00:06:975 INFO  JUnitListeners:38 - Verify YAML File Reader for specific file test is starting...
2019-06-08 00:06:979 INFO  JUnitListeners:43 - Verify YAML File Reader for specific file test is finished...
2019-06-08 00:06:987 INFO  JUnitListeners:38 - Verify JSON File Reader for default file test is starting...
2019-06-08 00:06:992 INFO  JUnitListeners:43 - Verify JSON File Reader for default file test is finished...
2019-06-08 00:06:10 INFO  JUnitListeners:38 - Verify JSON File Reader for specific file test is starting...
2019-06-08 00:06:17 INFO  JUnitListeners:43 - Verify JSON File Reader for specific file test is finished...
2019-06-08 00:06:45 INFO  JUnitListeners:38 - Verify EXCEL File Reader for default file test is starting...
2019-06-08 00:06:450 INFO  JUnitListeners:43 - Verify EXCEL File Reader for default file test is finished...
2019-06-08 00:06:458 INFO  JUnitListeners:38 - Verify EXCEL File Reader for specific file test is starting...
2019-06-08 00:06:476 INFO  JUnitListeners:43 - Verify EXCEL File Reader for specific file test is finished...
2019-06-08 00:06:486 INFO  JUnitListeners:31 - Tests finished! Number of test case: 6
2019-06-08 00:06:486 INFO  JUnitListeners:33 - Elapsed time of tests execution: 1559934603 seconds
2019-06-08 00:06:841 INFO  JUnitListeners:38 - Verify YAML File Reader for default file test is starting...
2019-06-08 00:06:70 INFO  JUnitListeners:43 - Verify YAML File Reader for default file test is finished...
2019-06-08 00:06:156 INFO  JUnitListeners:38 - Verify YAML File Reader for specific file test is starting...
2019-06-08 00:06:160 INFO  JUnitListeners:43 - Verify YAML File Reader for specific file test is finished...
2019-06-08 00:06:173 INFO  JUnitListeners:38 - Verify JSON File Reader for default file test is starting...
2019-06-08 00:06:177 INFO  JUnitListeners:43 - Verify JSON File Reader for default file test is finished...
2019-06-08 00:06:184 INFO  JUnitListeners:38 - Verify JSON File Reader for specific file test is starting...
2019-06-08 00:06:186 INFO  JUnitListeners:43 - Verify JSON File Reader for specific file test is finished...
2019-06-08 00:06:194 INFO  JUnitListeners:38 - Verify EXCEL File Reader for default file test is starting...
2019-06-08 00:06:566 INFO  JUnitListeners:43 - Verify EXCEL File Reader for default file test is finished...
2019-06-08 00:06:574 INFO  JUnitListeners:38 - Verify EXCEL File Reader for specific file test is starting...
2019-06-08 00:06:593 INFO  JUnitListeners:43 - Verify EXCEL File Reader for specific file test is finished...
2019-06-08 00:06:604 INFO  JUnitListeners:31 - Tests finished! Number of test case: 6
2019-06-08 00:06:604 INFO  JUnitListeners:33 - Elapsed time of tests execution: 1559934637 seconds
2019-06-08 00:06:682 INFO  JUnitListeners:38 - Verify YAML File Reader for default file test is starting...
2019-06-08 00:06:942 INFO  JUnitListeners:43 - Verify YAML File Reader for default file test is finished...
2019-06-08 00:06:16 INFO  JUnitListeners:38 - Verify YAML File Reader for specific file test is starting...
2019-06-08 00:06:20 INFO  JUnitListeners:43 - Verify YAML File Reader for specific file test is finished...
2019-06-08 00:06:28 INFO  JUnitListeners:38 - Verify JSON File Reader for default file test is starting...
2019-06-08 00:06:33 INFO  JUnitListeners:43 - Verify JSON File Reader for default file test is finished...
2019-06-08 00:06:41 INFO  JUnitListeners:38 - Verify JSON File Reader for specific file test is starting...
2019-06-08 00:06:43 INFO  JUnitListeners:43 - Verify JSON File Reader for specific file test is finished...
2019-06-08 00:06:51 INFO  JUnitListeners:38 - Verify EXCEL File Reader for default file test is starting...
2019-06-08 00:06:418 INFO  JUnitListeners:43 - Verify EXCEL File Reader for default file test is finished...
2019-06-08 00:06:426 INFO  JUnitListeners:38 - Verify EXCEL File Reader for specific file test is starting...
2019-06-08 00:06:446 INFO  JUnitListeners:43 - Verify EXCEL File Reader for specific file test is finished...
2019-06-08 00:06:457 INFO  JUnitListeners:31 - Tests finished! Number of test case: 6
2019-06-08 00:06:457 INFO  JUnitListeners:33 - Elapsed time of tests execution: 1559934704 seconds
2019-06-08 00:06:80 INFO  JUnitListeners:38 - Verify YAML File Reader for default file test is starting...
2019-06-08 00:06:325 INFO  JUnitListeners:43 - Verify YAML File Reader for default file test is finished...
2019-06-08 00:06:411 INFO  JUnitListeners:38 - Verify YAML File Reader for specific file test is starting...
2019-06-08 00:06:415 INFO  JUnitListeners:43 - Verify YAML File Reader for specific file test is finished...
2019-06-08 00:06:425 INFO  JUnitListeners:38 - Verify JSON File Reader for default file test is starting...
2019-06-08 00:06:430 INFO  JUnitListeners:43 - Verify JSON File Reader for default file test is finished...
2019-06-08 00:06:443 INFO  JUnitListeners:38 - Verify JSON File Reader for specific file test is starting...
2019-06-08 00:06:446 INFO  JUnitListeners:43 - Verify JSON File Reader for specific file test is finished...
2019-06-08 00:06:457 INFO  JUnitListeners:38 - Verify EXCEL File Reader for default file test is starting...
2019-06-08 00:06:829 INFO  JUnitListeners:43 - Verify EXCEL File Reader for default file test is finished...
2019-06-08 00:06:837 INFO  JUnitListeners:38 - Verify EXCEL File Reader for specific file test is starting...
2019-06-08 00:06:856 INFO  JUnitListeners:43 - Verify EXCEL File Reader for specific file test is finished...
2019-06-08 00:06:866 INFO  JUnitListeners:31 - Tests finished! Number of test case: 6
2019-06-08 00:06:866 INFO  JUnitListeners:33 - Elapsed time of tests execution: 1559934753 seconds
2019-06-08 00:06:725 INFO  JUnitListeners:38 - Search for github link test is starting...
2019-06-08 00:06:763 INFO  WebDriverManager:91 - screenshot has been saved at: D:\Technical\automation\ui/target/screenshots/searchforgithublink.png
2019-06-08 00:06:763 INFO  WebDriverManager:81 - closing web driver instance
2019-06-08 00:06:613 INFO  WebDriverManager:84 - web driver instances closed successfully
2019-06-08 00:06:619 ERROR JUnitListeners:48 - Search for github link test FAILED!!!
2019-06-08 00:06:620 INFO  JUnitListeners:43 - Search for github link test is finished...
2019-06-08 00:06:705 INFO  JUnitListeners:38 - Search for github link - negative scenario test is starting...
2019-06-08 00:06:229 INFO  WebDriverManager:91 - screenshot has been saved at: D:\Technical\automation\ui/target/screenshots/searchforgithublink-negativescenario.png
2019-06-08 00:06:229 INFO  WebDriverManager:81 - closing web driver instance
2019-06-08 00:06:84 INFO  WebDriverManager:84 - web driver instances closed successfully
2019-06-08 00:06:85 ERROR JUnitListeners:48 - Search for github link - negative scenario test FAILED!!!
2019-06-08 00:06:85 INFO  JUnitListeners:43 - Search for github link - negative scenario test is finished...
2019-06-08 00:06:101 INFO  JUnitListeners:38 - Verify YAML File Reader for default file test is starting...
2019-06-08 00:06:157 INFO  JUnitListeners:43 - Verify YAML File Reader for default file test is finished...
2019-06-08 00:06:168 INFO  JUnitListeners:38 - Verify YAML File Reader for specific file test is starting...
2019-06-08 00:06:171 INFO  JUnitListeners:43 - Verify YAML File Reader for specific file test is finished...
2019-06-08 00:06:187 INFO  JUnitListeners:38 - Verify JSON File Reader for default file test is starting...
2019-06-08 00:06:193 INFO  JUnitListeners:43 - Verify JSON File Reader for default file test is finished...
2019-06-08 00:06:203 INFO  JUnitListeners:38 - Verify JSON File Reader for specific file test is starting...
2019-06-08 00:06:206 INFO  JUnitListeners:43 - Verify JSON File Reader for specific file test is finished...
2019-06-08 00:06:216 INFO  JUnitListeners:38 - Verify EXCEL File Reader for default file test is starting...
2019-06-08 00:06:582 INFO  JUnitListeners:43 - Verify EXCEL File Reader for default file test is finished...
2019-06-08 00:06:590 INFO  JUnitListeners:38 - Verify EXCEL File Reader for specific file test is starting...
2019-06-08 00:06:614 INFO  JUnitListeners:43 - Verify EXCEL File Reader for specific file test is finished...
2019-06-08 00:06:625 INFO  JUnitListeners:31 - Tests finished! Number of test case: 8
2019-06-08 00:06:626 INFO  JUnitListeners:33 - Elapsed time of tests execution: 1559934962 seconds
2019-06-08 00:06:228 INFO  JUnitListeners:38 - Search for github link test is starting...
2019-06-08 00:06:595 INFO  WaitHelper:78 - before find by: null
2019-06-08 00:06:707 INFO  WaitHelper:83 - after find by: [[ChromeDriver: chrome on XP (c47e44e6d4d031831d05d09f74760dd3)] -> name: q]
2019-06-08 00:06:710 INFO  WaitHelper:99 - before change value of: [[ChromeDriver: chrome on XP (c47e44e6d4d031831d05d09f74760dd3)] -> name: q]
2019-06-08 00:06:711 INFO  WaitHelper:127 - waiting for :[[ChromeDriver: chrome on XP (c47e44e6d4d031831d05d09f74760dd3)] -> name: q] for :10 seconds
2019-06-08 00:06:763 INFO  WaitHelper:130 - element is visible now
2019-06-08 00:06:824 INFO  WaitHelper:78 - before find by: null
2019-06-08 00:06:919 INFO  WaitHelper:83 - after find by: [[ChromeDriver: chrome on XP (c47e44e6d4d031831d05d09f74760dd3)] -> name: q]
2019-06-08 00:06:919 INFO  WaitHelper:99 - before change value of: [[ChromeDriver: chrome on XP (c47e44e6d4d031831d05d09f74760dd3)] -> name: q]
2019-06-08 00:06:920 INFO  WaitHelper:127 - waiting for :[[ChromeDriver: chrome on XP (c47e44e6d4d031831d05d09f74760dd3)] -> name: q] for :10 seconds
2019-06-08 00:06:939 INFO  WaitHelper:130 - element is visible now
2019-06-08 00:06:185 INFO  WaitHelper:78 - before find by: null
2019-06-08 00:06:198 INFO  WaitHelper:83 - after find by: [[ChromeDriver: chrome on XP (c47e44e6d4d031831d05d09f74760dd3)] -> xpath: (//input[@value='Google Search'])[2]]
2019-06-08 00:06:199 INFO  WaitHelper:88 - before click on: [[ChromeDriver: chrome on XP (c47e44e6d4d031831d05d09f74760dd3)] -> xpath: (//input[@value='Google Search'])[2]]
2019-06-08 00:06:199 INFO  WaitHelper:127 - waiting for :[[ChromeDriver: chrome on XP (c47e44e6d4d031831d05d09f74760dd3)] -> xpath: (//input[@value='Google Search'])[2]] for :10 seconds
2019-06-08 00:06:216 INFO  WaitHelper:130 - element is visible now
2019-06-08 00:06:948 INFO  WaitHelper:94 - after click on: [[ChromeDriver: chrome on XP (c47e44e6d4d031831d05d09f74760dd3)] -> xpath: (//input[@value='Google Search'])[2]]
2019-06-08 00:06:951 INFO  WaitHelper:78 - before find by: null
2019-06-08 00:06:968 INFO  WaitHelper:83 - after find by: [[ChromeDriver: chrome on XP (c47e44e6d4d031831d05d09f74760dd3)] -> id: top_nav]
2019-06-08 00:06:989 INFO  WebDriverManager:81 - closing web driver instance
2019-06-08 00:06:846 INFO  WebDriverManager:84 - web driver instances closed successfully
2019-06-08 00:06:850 INFO  JUnitListeners:43 - Search for github link test is finished...
2019-06-08 00:06:923 INFO  JUnitListeners:38 - Search for github link - negative scenario test is starting...
2019-06-08 00:06:513 INFO  WaitHelper:78 - before find by: null
2019-06-08 00:06:578 INFO  WaitHelper:83 - after find by: [[ChromeDriver: chrome on XP (6f7ab0f8bd706793eb0a4f7dbe88e643)] -> name: q]
2019-06-08 00:06:579 INFO  WaitHelper:99 - before change value of: [[ChromeDriver: chrome on XP (6f7ab0f8bd706793eb0a4f7dbe88e643)] -> name: q]
2019-06-08 00:06:579 INFO  WaitHelper:127 - waiting for :[[ChromeDriver: chrome on XP (6f7ab0f8bd706793eb0a4f7dbe88e643)] -> name: q] for :10 seconds
2019-06-08 00:06:606 INFO  WaitHelper:130 - element is visible now
2019-06-08 00:06:632 INFO  WaitHelper:78 - before find by: null
2019-06-08 00:06:667 INFO  WaitHelper:83 - after find by: [[ChromeDriver: chrome on XP (6f7ab0f8bd706793eb0a4f7dbe88e643)] -> name: q]
2019-06-08 00:06:668 INFO  WaitHelper:99 - before change value of: [[ChromeDriver: chrome on XP (6f7ab0f8bd706793eb0a4f7dbe88e643)] -> name: q]
2019-06-08 00:06:668 INFO  WaitHelper:127 - waiting for :[[ChromeDriver: chrome on XP (6f7ab0f8bd706793eb0a4f7dbe88e643)] -> name: q] for :10 seconds
2019-06-08 00:06:684 INFO  WaitHelper:130 - element is visible now
2019-06-08 00:06:805 INFO  WaitHelper:78 - before find by: null
2019-06-08 00:06:819 INFO  WaitHelper:83 - after find by: [[ChromeDriver: chrome on XP (6f7ab0f8bd706793eb0a4f7dbe88e643)] -> xpath: (//input[@value='Google Search'])[2]]
2019-06-08 00:06:819 INFO  WaitHelper:88 - before click on: [[ChromeDriver: chrome on XP (6f7ab0f8bd706793eb0a4f7dbe88e643)] -> xpath: (//input[@value='Google Search'])[2]]
2019-06-08 00:06:820 INFO  WaitHelper:127 - waiting for :[[ChromeDriver: chrome on XP (6f7ab0f8bd706793eb0a4f7dbe88e643)] -> xpath: (//input[@value='Google Search'])[2]] for :10 seconds
2019-06-08 00:06:836 INFO  WaitHelper:130 - element is visible now
2019-06-08 00:06:549 INFO  WaitHelper:94 - after click on: [[ChromeDriver: chrome on XP (6f7ab0f8bd706793eb0a4f7dbe88e643)] -> xpath: (//input[@value='Google Search'])[2]]
2019-06-08 00:06:551 INFO  WaitHelper:78 - before find by: null
2019-06-08 00:06:571 INFO  WaitHelper:83 - after find by: [[ChromeDriver: chrome on XP (6f7ab0f8bd706793eb0a4f7dbe88e643)] -> id: top_nav]
2019-06-08 00:06:944 INFO  WebDriverManager:91 - screenshot has been saved at: D:\Technical\automation\ui/target/screenshots/searchforgithublink-negativescenario.png
2019-06-08 00:06:944 INFO  WebDriverManager:81 - closing web driver instance
2019-06-08 00:06:792 INFO  WebDriverManager:84 - web driver instances closed successfully
2019-06-08 00:06:797 ERROR JUnitListeners:48 - Search for github link - negative scenario test FAILED!!!
2019-06-08 00:06:798 INFO  JUnitListeners:43 - Search for github link - negative scenario test is finished...
2019-06-08 00:06:809 INFO  JUnitListeners:38 - Verify YAML File Reader for default file test is starting...
2019-06-08 00:06:852 INFO  JUnitListeners:43 - Verify YAML File Reader for default file test is finished...
2019-06-08 00:06:861 INFO  JUnitListeners:38 - Verify YAML File Reader for specific file test is starting...
2019-06-08 00:06:865 INFO  JUnitListeners:43 - Verify YAML File Reader for specific file test is finished...
2019-06-08 00:06:875 INFO  JUnitListeners:38 - Verify JSON File Reader for default file test is starting...
2019-06-08 00:06:879 INFO  JUnitListeners:43 - Verify JSON File Reader for default file test is finished...
2019-06-08 00:06:887 INFO  JUnitListeners:38 - Verify JSON File Reader for specific file test is starting...
2019-06-08 00:06:889 INFO  JUnitListeners:43 - Verify JSON File Reader for specific file test is finished...
2019-06-08 00:06:897 INFO  JUnitListeners:38 - Verify EXCEL File Reader for default file test is starting...
2019-06-08 00:06:251 INFO  JUnitListeners:43 - Verify EXCEL File Reader for default file test is finished...
2019-06-08 00:06:262 INFO  JUnitListeners:38 - Verify EXCEL File Reader for specific file test is starting...
2019-06-08 00:06:280 INFO  JUnitListeners:43 - Verify EXCEL File Reader for specific file test is finished...
2019-06-08 00:06:292 INFO  JUnitListeners:31 - Tests finished! Number of test case: 8
2019-06-08 00:06:292 INFO  JUnitListeners:33 - Elapsed time of tests execution: 1559935103 seconds
2019-06-08 00:06:42 INFO  JUnitListeners:38 - Search for github link test is starting...
2019-06-08 00:06:650 INFO  WaitHelper:78 - before find by: null
2019-06-08 00:06:723 INFO  WaitHelper:83 - after find by: [[ChromeDriver: chrome on XP (53d37d64cff5d4be572689bba2a1ee90)] -> name: q]
2019-06-08 00:06:728 INFO  WaitHelper:99 - before change value of: [[ChromeDriver: chrome on XP (53d37d64cff5d4be572689bba2a1ee90)] -> name: q]
2019-06-08 00:06:729 INFO  WaitHelper:127 - waiting for :[[ChromeDriver: chrome on XP (53d37d64cff5d4be572689bba2a1ee90)] -> name: q] for :10 seconds
2019-06-08 00:06:782 INFO  WaitHelper:130 - element is visible now
2019-06-08 00:06:806 INFO  WaitHelper:78 - before find by: null
2019-06-08 00:06:835 INFO  WaitHelper:83 - after find by: [[ChromeDriver: chrome on XP (53d37d64cff5d4be572689bba2a1ee90)] -> name: q]
2019-06-08 00:06:836 INFO  WaitHelper:99 - before change value of: [[ChromeDriver: chrome on XP (53d37d64cff5d4be572689bba2a1ee90)] -> name: q]
2019-06-08 00:06:837 INFO  WaitHelper:127 - waiting for :[[ChromeDriver: chrome on XP (53d37d64cff5d4be572689bba2a1ee90)] -> name: q] for :10 seconds
2019-06-08 00:06:853 INFO  WaitHelper:130 - element is visible now
2019-06-08 00:06:968 INFO  WaitHelper:78 - before find by: null
2019-06-08 00:06:982 INFO  WaitHelper:83 - after find by: [[ChromeDriver: chrome on XP (53d37d64cff5d4be572689bba2a1ee90)] -> xpath: (//input[@value='Google Search'])[2]]
2019-06-08 00:06:982 INFO  WaitHelper:88 - before click on: [[ChromeDriver: chrome on XP (53d37d64cff5d4be572689bba2a1ee90)] -> xpath: (//input[@value='Google Search'])[2]]
2019-06-08 00:06:982 INFO  WaitHelper:127 - waiting for :[[ChromeDriver: chrome on XP (53d37d64cff5d4be572689bba2a1ee90)] -> xpath: (//input[@value='Google Search'])[2]] for :10 seconds
2019-06-08 00:06:00 INFO  WaitHelper:130 - element is visible now
2019-06-08 00:06:642 INFO  WaitHelper:94 - after click on: [[ChromeDriver: chrome on XP (53d37d64cff5d4be572689bba2a1ee90)] -> xpath: (//input[@value='Google Search'])[2]]
2019-06-08 00:06:644 INFO  WaitHelper:78 - before find by: null
2019-06-08 00:06:659 INFO  WaitHelper:83 - after find by: [[ChromeDriver: chrome on XP (53d37d64cff5d4be572689bba2a1ee90)] -> id: top_nav]
2019-06-08 00:06:681 INFO  WebDriverManager:81 - closing web driver instance
2019-06-08 00:06:536 INFO  WebDriverManager:84 - web driver instances closed successfully
2019-06-08 00:06:540 INFO  JUnitListeners:43 - Search for github link test is finished...
2019-06-08 00:06:614 INFO  JUnitListeners:38 - Search for github link - negative scenario test is starting...
2019-06-08 00:06:488 INFO  WaitHelper:78 - before find by: null
2019-06-08 00:06:560 INFO  WaitHelper:83 - after find by: [[ChromeDriver: chrome on XP (a8eafbc9dbbbfb1b18fe04104108e124)] -> name: q]
2019-06-08 00:06:560 INFO  WaitHelper:99 - before change value of: [[ChromeDriver: chrome on XP (a8eafbc9dbbbfb1b18fe04104108e124)] -> name: q]
2019-06-08 00:06:561 INFO  WaitHelper:127 - waiting for :[[ChromeDriver: chrome on XP (a8eafbc9dbbbfb1b18fe04104108e124)] -> name: q] for :10 seconds
2019-06-08 00:06:578 INFO  WaitHelper:130 - element is visible now
2019-06-08 00:06:603 INFO  WaitHelper:78 - before find by: null
2019-06-08 00:06:698 INFO  WaitHelper:83 - after find by: [[ChromeDriver: chrome on XP (a8eafbc9dbbbfb1b18fe04104108e124)] -> name: q]
2019-06-08 00:06:699 INFO  WaitHelper:99 - before change value of: [[ChromeDriver: chrome on XP (a8eafbc9dbbbfb1b18fe04104108e124)] -> name: q]
2019-06-08 00:06:699 INFO  WaitHelper:127 - waiting for :[[ChromeDriver: chrome on XP (a8eafbc9dbbbfb1b18fe04104108e124)] -> name: q] for :10 seconds
2019-06-08 00:06:719 INFO  WaitHelper:130 - element is visible now
2019-06-08 00:06:835 INFO  WaitHelper:78 - before find by: null
2019-06-08 00:06:850 INFO  WaitHelper:83 - after find by: [[ChromeDriver: chrome on XP (a8eafbc9dbbbfb1b18fe04104108e124)] -> xpath: (//input[@value='Google Search'])[2]]
2019-06-08 00:06:850 INFO  WaitHelper:88 - before click on: [[ChromeDriver: chrome on XP (a8eafbc9dbbbfb1b18fe04104108e124)] -> xpath: (//input[@value='Google Search'])[2]]
2019-06-08 00:06:850 INFO  WaitHelper:127 - waiting for :[[ChromeDriver: chrome on XP (a8eafbc9dbbbfb1b18fe04104108e124)] -> xpath: (//input[@value='Google Search'])[2]] for :10 seconds
2019-06-08 00:06:866 INFO  WaitHelper:130 - element is visible now
2019-06-08 00:06:639 INFO  WaitHelper:94 - after click on: [[ChromeDriver: chrome on XP (a8eafbc9dbbbfb1b18fe04104108e124)] -> xpath: (//input[@value='Google Search'])[2]]
2019-06-08 00:06:640 INFO  WaitHelper:78 - before find by: null
2019-06-08 00:06:654 INFO  WaitHelper:83 - after find by: [[ChromeDriver: chrome on XP (a8eafbc9dbbbfb1b18fe04104108e124)] -> id: top_nav]
2019-06-08 00:06:85 INFO  WebDriverManager:91 - screenshot has been saved at: D:\Technical\automation\ui/target/screenshots/searchforgithublink-negativescenario.png
2019-06-08 00:06:85 INFO  WebDriverManager:81 - closing web driver instance
2019-06-08 00:06:939 INFO  WebDriverManager:84 - web driver instances closed successfully
2019-06-08 00:06:946 ERROR JUnitListeners:48 - Search for github link - negative scenario test FAILED!!!
2019-06-08 00:06:946 INFO  JUnitListeners:43 - Search for github link - negative scenario test is finished...
2019-06-08 00:06:958 INFO  JUnitListeners:38 - Verify YAML File Reader for default file test is starting...
2019-06-08 00:06:06 INFO  JUnitListeners:43 - Verify YAML File Reader for default file test is finished...
2019-06-08 00:06:14 INFO  JUnitListeners:38 - Verify YAML File Reader for specific file test is starting...
2019-06-08 00:06:19 INFO  JUnitListeners:43 - Verify YAML File Reader for specific file test is finished...
2019-06-08 00:06:30 INFO  JUnitListeners:38 - Verify JSON File Reader for default file test is starting...
2019-06-08 00:06:35 INFO  JUnitListeners:43 - Verify JSON File Reader for default file test is finished...
2019-06-08 00:06:43 INFO  JUnitListeners:38 - Verify JSON File Reader for specific file test is starting...
2019-06-08 00:06:45 INFO  JUnitListeners:43 - Verify JSON File Reader for specific file test is finished...
2019-06-08 00:06:53 INFO  JUnitListeners:38 - Verify EXCEL File Reader for default file test is starting...
2019-06-08 00:06:400 INFO  JUnitListeners:43 - Verify EXCEL File Reader for default file test is finished...
2019-06-08 00:06:410 INFO  JUnitListeners:38 - Verify EXCEL File Reader for specific file test is starting...
2019-06-08 00:06:431 INFO  JUnitListeners:43 - Verify EXCEL File Reader for specific file test is finished...
2019-06-08 00:06:441 INFO  JUnitListeners:31 - Tests finished! Number of test case: 8
2019-06-08 00:06:441 INFO  JUnitListeners:33 - Elapsed time of tests execution: 1559935211 seconds
2019-06-08 00:06:661 INFO  JUnitListeners:38 - Search for github link test is starting...
2019-06-08 00:06:123 INFO  WaitHelper:78 - before find by: by id or name "q"
2019-06-08 00:06:167 INFO  WaitHelper:83 - after find by: by id or name "q"
2019-06-08 00:06:171 INFO  WaitHelper:99 - before change value of: [[ChromeDriver: chrome on XP (c5a845269abce43544b5c2b5948d1f33)] -> name: q]
2019-06-08 00:06:171 INFO  WaitHelper:127 - waiting for :[[ChromeDriver: chrome on XP (c5a845269abce43544b5c2b5948d1f33)] -> name: q] for :10 seconds
2019-06-08 00:06:223 INFO  WaitHelper:130 - element is visible now
2019-06-08 00:06:248 INFO  WaitHelper:78 - before find by: by id or name "q"
2019-06-08 00:06:312 INFO  WaitHelper:83 - after find by: by id or name "q"
2019-06-08 00:06:313 INFO  WaitHelper:99 - before change value of: [[ChromeDriver: chrome on XP (c5a845269abce43544b5c2b5948d1f33)] -> name: q]
2019-06-08 00:06:313 INFO  WaitHelper:127 - waiting for :[[ChromeDriver: chrome on XP (c5a845269abce43544b5c2b5948d1f33)] -> name: q] for :10 seconds
2019-06-08 00:06:332 INFO  WaitHelper:130 - element is visible now
2019-06-08 00:06:458 INFO  WaitHelper:78 - before find by: By.xpath: (//input[@value='Google Search'])[2]
2019-06-08 00:06:471 INFO  WaitHelper:83 - after find by: By.xpath: (//input[@value='Google Search'])[2]
2019-06-08 00:06:471 INFO  WaitHelper:88 - before click on: [[ChromeDriver: chrome on XP (c5a845269abce43544b5c2b5948d1f33)] -> xpath: (//input[@value='Google Search'])[2]]
2019-06-08 00:06:471 INFO  WaitHelper:127 - waiting for :[[ChromeDriver: chrome on XP (c5a845269abce43544b5c2b5948d1f33)] -> xpath: (//input[@value='Google Search'])[2]] for :10 seconds
2019-06-08 00:06:489 INFO  WaitHelper:130 - element is visible now
2019-06-08 00:06:682 INFO  WaitHelper:94 - after click on: [[ChromeDriver: chrome on XP (c5a845269abce43544b5c2b5948d1f33)] -> xpath: (//input[@value='Google Search'])[2]]
2019-06-08 00:06:684 INFO  WaitHelper:78 - before find by: by id or name "top_nav"
2019-06-08 00:06:710 INFO  WaitHelper:83 - after find by: by id or name "top_nav"
2019-06-08 00:06:733 INFO  WebDriverManager:81 - closing web driver instance
2019-06-08 00:06:589 INFO  WebDriverManager:84 - web driver instances closed successfully
2019-06-08 00:06:590 INFO  JUnitListeners:43 - Search for github link test is finished...
2019-06-08 00:06:660 INFO  JUnitListeners:38 - Search for github link - negative scenario test is starting...
2019-06-08 00:06:234 INFO  WaitHelper:78 - before find by: by id or name "q"
2019-06-08 00:06:314 INFO  WaitHelper:83 - after find by: by id or name "q"
2019-06-08 00:06:315 INFO  WaitHelper:99 - before change value of: [[ChromeDriver: chrome on XP (6718756d0ccb3f6a1da45faeebdf9099)] -> name: q]
2019-06-08 00:06:315 INFO  WaitHelper:127 - waiting for :[[ChromeDriver: chrome on XP (6718756d0ccb3f6a1da45faeebdf9099)] -> name: q] for :10 seconds
2019-06-08 00:06:332 INFO  WaitHelper:130 - element is visible now
2019-06-08 00:06:356 INFO  WaitHelper:78 - before find by: by id or name "q"
2019-06-08 00:06:399 INFO  WaitHelper:83 - after find by: by id or name "q"
2019-06-08 00:06:399 INFO  WaitHelper:99 - before change value of: [[ChromeDriver: chrome on XP (6718756d0ccb3f6a1da45faeebdf9099)] -> name: q]
2019-06-08 00:06:400 INFO  WaitHelper:127 - waiting for :[[ChromeDriver: chrome on XP (6718756d0ccb3f6a1da45faeebdf9099)] -> name: q] for :10 seconds
2019-06-08 00:06:419 INFO  WaitHelper:130 - element is visible now
2019-06-08 00:06:541 INFO  WaitHelper:78 - before find by: By.xpath: (//input[@value='Google Search'])[2]
2019-06-08 00:06:555 INFO  WaitHelper:83 - after find by: By.xpath: (//input[@value='Google Search'])[2]
2019-06-08 00:06:555 INFO  WaitHelper:88 - before click on: [[ChromeDriver: chrome on XP (6718756d0ccb3f6a1da45faeebdf9099)] -> xpath: (//input[@value='Google Search'])[2]]
2019-06-08 00:06:556 INFO  WaitHelper:127 - waiting for :[[ChromeDriver: chrome on XP (6718756d0ccb3f6a1da45faeebdf9099)] -> xpath: (//input[@value='Google Search'])[2]] for :10 seconds
2019-06-08 00:06:572 INFO  WaitHelper:130 - element is visible now
2019-06-08 00:06:705 INFO  WaitHelper:94 - after click on: [[ChromeDriver: chrome on XP (6718756d0ccb3f6a1da45faeebdf9099)] -> xpath: (//input[@value='Google Search'])[2]]
2019-06-08 00:06:706 INFO  WaitHelper:78 - before find by: by id or name "top_nav"
2019-06-08 00:06:721 INFO  WaitHelper:83 - after find by: by id or name "top_nav"
2019-06-08 00:06:122 INFO  WebDriverManager:91 - screenshot has been saved at: D:\Technical\automation\ui/target/screenshots/searchforgithublink-negativescenario.png
2019-06-08 00:06:122 INFO  WebDriverManager:81 - closing web driver instance
2019-06-08 00:06:725 INFO  WebDriverManager:84 - web driver instances closed successfully
2019-06-08 00:06:733 ERROR JUnitListeners:48 - Search for github link - negative scenario test FAILED!!!
2019-06-08 00:06:733 INFO  JUnitListeners:43 - Search for github link - negative scenario test is finished...
2019-06-08 00:06:742 INFO  JUnitListeners:38 - Verify YAML File Reader for default file test is starting...
2019-06-08 00:06:787 INFO  JUnitListeners:43 - Verify YAML File Reader for default file test is finished...
2019-06-08 00:06:802 INFO  JUnitListeners:38 - Verify YAML File Reader for specific file test is starting...
2019-06-08 00:06:806 INFO  JUnitListeners:43 - Verify YAML File Reader for specific file test is finished...
2019-06-08 00:06:819 INFO  JUnitListeners:38 - Verify JSON File Reader for default file test is starting...
2019-06-08 00:06:823 INFO  JUnitListeners:43 - Verify JSON File Reader for default file test is finished...
2019-06-08 00:06:832 INFO  JUnitListeners:38 - Verify JSON File Reader for specific file test is starting...
2019-06-08 00:06:834 INFO  JUnitListeners:43 - Verify JSON File Reader for specific file test is finished...
2019-06-08 00:06:845 INFO  JUnitListeners:38 - Verify EXCEL File Reader for default file test is starting...
2019-06-08 00:06:201 INFO  JUnitListeners:43 - Verify EXCEL File Reader for default file test is finished...
2019-06-08 00:06:210 INFO  JUnitListeners:38 - Verify EXCEL File Reader for specific file test is starting...
2019-06-08 00:06:230 INFO  JUnitListeners:43 - Verify EXCEL File Reader for specific file test is finished...
2019-06-08 00:06:243 INFO  JUnitListeners:31 - Tests finished! Number of test case: 8
2019-06-08 00:06:243 INFO  JUnitListeners:33 - Elapsed time of tests execution: 1559935357 seconds
2019-06-08 11:06:50 INFO  JUnitListeners:38 - Search for github link test is starting...
2019-06-08 11:06:529 INFO  WaitHelper:78 - before find by: by id or name "q"
2019-06-08 11:06:655 INFO  WaitHelper:83 - after find by: [[ChromeDriver: chrome on XP (8a999a0c5684b4c5099d269bb2cd9c8c)] -> name: q]
2019-06-08 11:06:667 INFO  WaitHelper:99 - before change value of: [[ChromeDriver: chrome on XP (8a999a0c5684b4c5099d269bb2cd9c8c)] -> name: q]
2019-06-08 11:06:671 INFO  WaitHelper:127 - waiting for :[[ChromeDriver: chrome on XP (8a999a0c5684b4c5099d269bb2cd9c8c)] -> name: q] for :10 seconds
2019-06-08 11:06:812 INFO  WaitHelper:130 - element is visible now
2019-06-08 11:06:874 INFO  WaitHelper:78 - before find by: by id or name "q"
2019-06-08 11:06:958 INFO  WaitHelper:83 - after find by: [[ChromeDriver: chrome on XP (8a999a0c5684b4c5099d269bb2cd9c8c)] -> name: q]
2019-06-08 11:06:958 INFO  WaitHelper:99 - before change value of: [[ChromeDriver: chrome on XP (8a999a0c5684b4c5099d269bb2cd9c8c)] -> name: q]
2019-06-08 11:06:958 INFO  WaitHelper:127 - waiting for :[[ChromeDriver: chrome on XP (8a999a0c5684b4c5099d269bb2cd9c8c)] -> name: q] for :10 seconds
2019-06-08 11:06:12 INFO  WaitHelper:130 - element is visible now
2019-06-08 11:06:204 INFO  WaitHelper:78 - before find by: By.xpath: (//input[@value='Google Search'])[2]
2019-06-08 11:06:227 INFO  WaitHelper:83 - after find by: [[ChromeDriver: chrome on XP (8a999a0c5684b4c5099d269bb2cd9c8c)] -> xpath: (//input[@value='Google Search'])[2]]
2019-06-08 11:06:228 INFO  WaitHelper:88 - before click on: [[ChromeDriver: chrome on XP (8a999a0c5684b4c5099d269bb2cd9c8c)] -> xpath: (//input[@value='Google Search'])[2]]
2019-06-08 11:06:229 INFO  WaitHelper:127 - waiting for :[[ChromeDriver: chrome on XP (8a999a0c5684b4c5099d269bb2cd9c8c)] -> xpath: (//input[@value='Google Search'])[2]] for :10 seconds
2019-06-08 11:06:279 INFO  WaitHelper:130 - element is visible now
2019-06-08 11:06:601 INFO  WaitHelper:94 - after click on: [[ChromeDriver: chrome on XP (8a999a0c5684b4c5099d269bb2cd9c8c)] -> xpath: (//input[@value='Google Search'])[2]]
2019-06-08 11:06:603 INFO  WaitHelper:78 - before find by: by id or name "top_nav"
2019-06-08 11:06:629 INFO  WaitHelper:83 - after find by: [[ChromeDriver: chrome on XP (8a999a0c5684b4c5099d269bb2cd9c8c)] -> id: top_nav]
2019-06-08 11:06:666 INFO  AssertionHelper:23 - assertTrue success for condition true
2019-06-08 11:06:667 INFO  WebDriverManager:81 - closing web driver instance
2019-06-08 11:06:699 INFO  WebDriverManager:84 - web driver instances closed successfully
2019-06-08 11:06:700 INFO  JUnitListeners:43 - Search for github link test is finished...
2019-06-08 11:06:920 INFO  JUnitListeners:38 - Search for github link - negative scenario test is starting...
2019-06-08 11:06:726 INFO  WaitHelper:78 - before find by: by id or name "q"
2019-06-08 11:06:780 INFO  WaitHelper:83 - after find by: [[ChromeDriver: chrome on XP (6e540fdfedad964f7e92a7b6aed78178)] -> name: q]
2019-06-08 11:06:784 INFO  WaitHelper:99 - before change value of: [[ChromeDriver: chrome on XP (6e540fdfedad964f7e92a7b6aed78178)] -> name: q]
2019-06-08 11:06:784 INFO  WaitHelper:127 - waiting for :[[ChromeDriver: chrome on XP (6e540fdfedad964f7e92a7b6aed78178)] -> name: q] for :10 seconds
2019-06-08 11:06:835 INFO  WaitHelper:130 - element is visible now
2019-06-08 11:06:888 INFO  WaitHelper:78 - before find by: by id or name "q"
2019-06-08 11:06:964 INFO  WaitHelper:83 - after find by: [[ChromeDriver: chrome on XP (6e540fdfedad964f7e92a7b6aed78178)] -> name: q]
2019-06-08 11:06:964 INFO  WaitHelper:99 - before change value of: [[ChromeDriver: chrome on XP (6e540fdfedad964f7e92a7b6aed78178)] -> name: q]
2019-06-08 11:06:964 INFO  WaitHelper:127 - waiting for :[[ChromeDriver: chrome on XP (6e540fdfedad964f7e92a7b6aed78178)] -> name: q] for :10 seconds
2019-06-08 11:06:11 INFO  WaitHelper:130 - element is visible now
2019-06-08 11:06:345 INFO  WaitHelper:78 - before find by: By.xpath: (//input[@value='Google Search'])[2]
2019-06-08 11:06:379 INFO  WaitHelper:83 - after find by: [[ChromeDriver: chrome on XP (6e540fdfedad964f7e92a7b6aed78178)] -> xpath: (//input[@value='Google Search'])[2]]
2019-06-08 11:06:380 INFO  WaitHelper:88 - before click on: [[ChromeDriver: chrome on XP (6e540fdfedad964f7e92a7b6aed78178)] -> xpath: (//input[@value='Google Search'])[2]]
2019-06-08 11:06:380 INFO  WaitHelper:127 - waiting for :[[ChromeDriver: chrome on XP (6e540fdfedad964f7e92a7b6aed78178)] -> xpath: (//input[@value='Google Search'])[2]] for :10 seconds
2019-06-08 11:06:424 INFO  WaitHelper:130 - element is visible now
2019-06-08 11:06:699 INFO  WaitHelper:94 - after click on: [[ChromeDriver: chrome on XP (6e540fdfedad964f7e92a7b6aed78178)] -> xpath: (//input[@value='Google Search'])[2]]
2019-06-08 11:06:703 INFO  WaitHelper:78 - before find by: by id or name "top_nav"
2019-06-08 11:06:749 INFO  WaitHelper:83 - after find by: [[ChromeDriver: chrome on XP (6e540fdfedad964f7e92a7b6aed78178)] -> id: top_nav]
2019-06-08 11:06:815 ERROR AssertionHelper:42 - assertFalse failure for condition true with message Search results page is not loaded
2019-06-08 11:06:421 INFO  WebDriverManager:91 - screenshot has been saved at: D:\Technical\automation\ui/target/screenshots/searchforgithublink-negativescenario.png
2019-06-08 11:06:421 INFO  WebDriverManager:81 - closing web driver instance
2019-06-08 11:06:177 INFO  WebDriverManager:84 - web driver instances closed successfully
2019-06-08 11:06:192 ERROR JUnitListeners:48 - Search for github link - negative scenario test FAILED!!!
2019-06-08 11:06:192 INFO  JUnitListeners:43 - Search for github link - negative scenario test is finished...
2019-06-08 11:06:238 INFO  JUnitListeners:38 - Verify YAML File Reader for default file test is starting...
2019-06-08 11:06:449 INFO  JUnitListeners:43 - Verify YAML File Reader for default file test is finished...
2019-06-08 11:06:465 INFO  JUnitListeners:38 - Verify YAML File Reader for specific file test is starting...
2019-06-08 11:06:474 INFO  JUnitListeners:43 - Verify YAML File Reader for specific file test is finished...
2019-06-08 11:06:487 INFO  JUnitListeners:38 - Verify JSON File Reader for default file test is starting...
2019-06-08 11:06:620 INFO  JUnitListeners:43 - Verify JSON File Reader for default file test is finished...
2019-06-08 11:06:666 INFO  JUnitListeners:38 - Verify JSON File Reader for specific file test is starting...
2019-06-08 11:06:684 INFO  JUnitListeners:43 - Verify JSON File Reader for specific file test is finished...
2019-06-08 11:06:705 INFO  JUnitListeners:38 - Verify EXCEL File Reader for default file test is starting...
2019-06-08 11:06:731 INFO  JUnitListeners:43 - Verify EXCEL File Reader for default file test is finished...
2019-06-08 11:06:749 INFO  JUnitListeners:38 - Verify EXCEL File Reader for specific file test is starting...
2019-06-08 11:06:802 INFO  JUnitListeners:43 - Verify EXCEL File Reader for specific file test is finished...
2019-06-08 11:06:830 INFO  JUnitListeners:31 - Tests finished! Number of test case: 8
2019-06-08 11:06:831 INFO  JUnitListeners:33 - Elapsed time of tests execution: 1559972938 seconds
2019-06-08 13:06:536 INFO  JUnitListeners:38 - Verify YAML File Reader for default file test is starting...
2019-06-08 13:06:738 INFO  JUnitListeners:43 - Verify YAML File Reader for default file test is finished...
2019-06-08 13:06:815 INFO  JUnitListeners:38 - Verify YAML File Reader for specific file test is starting...
2019-06-08 13:06:819 INFO  JUnitListeners:43 - Verify YAML File Reader for specific file test is finished...
2019-06-08 13:06:828 INFO  JUnitListeners:38 - Verify JSON File Reader for default file test is starting...
2019-06-08 13:06:832 INFO  JUnitListeners:43 - Verify JSON File Reader for default file test is finished...
2019-06-08 13:06:840 INFO  JUnitListeners:38 - Verify JSON File Reader for specific file test is starting...
2019-06-08 13:06:842 INFO  JUnitListeners:43 - Verify JSON File Reader for specific file test is finished...
2019-06-08 13:06:852 INFO  JUnitListeners:38 - Verify EXCEL File Reader for default file test is starting...
2019-06-08 13:06:484 INFO  JUnitListeners:43 - Verify EXCEL File Reader for default file test is finished...
2019-06-08 13:06:492 INFO  JUnitListeners:38 - Verify EXCEL File Reader for specific file test is starting...
2019-06-08 13:06:519 INFO  JUnitListeners:43 - Verify EXCEL File Reader for specific file test is finished...
2019-06-08 13:06:527 INFO  JUnitListeners:38 - Verify DBConnectionManager test is starting...
2019-06-08 13:06:532 ERROR DBConnectionManager:27 - exception while creating DB connection: com.mysql.jdbc.Driver
2019-06-08 13:06:536 ERROR JUnitListeners:48 - Verify DBConnectionManager test FAILED!!!
2019-06-08 13:06:536 INFO  JUnitListeners:43 - Verify DBConnectionManager test is finished...
2019-06-08 13:06:548 INFO  JUnitListeners:31 - Tests finished! Number of test case: 7
2019-06-08 13:06:549 INFO  JUnitListeners:33 - Elapsed time of tests execution: 1559980628 seconds
2019-06-08 13:06:488 INFO  JUnitListeners:38 - Verify YAML File Reader for default file test is starting...
2019-06-08 13:06:821 INFO  JUnitListeners:43 - Verify YAML File Reader for default file test is finished...
2019-06-08 13:06:915 INFO  JUnitListeners:38 - Verify YAML File Reader for specific file test is starting...
2019-06-08 13:06:915 INFO  JUnitListeners:43 - Verify YAML File Reader for specific file test is finished...
2019-06-08 13:06:930 INFO  JUnitListeners:38 - Verify JSON File Reader for default file test is starting...
2019-06-08 13:06:930 INFO  JUnitListeners:43 - Verify JSON File Reader for default file test is finished...
2019-06-08 13:06:946 INFO  JUnitListeners:38 - Verify JSON File Reader for specific file test is starting...
2019-06-08 13:06:946 INFO  JUnitListeners:43 - Verify JSON File Reader for specific file test is finished...
2019-06-08 13:06:946 INFO  JUnitListeners:38 - Verify EXCEL File Reader for default file test is starting...
2019-06-08 13:06:399 INFO  JUnitListeners:43 - Verify EXCEL File Reader for default file test is finished...
2019-06-08 13:06:414 INFO  JUnitListeners:38 - Verify EXCEL File Reader for specific file test is starting...
2019-06-08 13:06:430 INFO  JUnitListeners:43 - Verify EXCEL File Reader for specific file test is finished...
2019-06-08 13:06:430 INFO  JUnitListeners:38 - Verify DBConnectionManager test is starting...
2019-06-08 13:06:586 ERROR DBConnectionManager:27 - exception while creating DB connection: Client does not support authentication protocol requested by server; consider upgrading MySQL client
2019-06-08 13:06:602 ERROR JUnitListeners:48 - Verify DBConnectionManager test FAILED!!!
2019-06-08 13:06:602 INFO  JUnitListeners:43 - Verify DBConnectionManager test is finished...
2019-06-08 13:06:602 INFO  JUnitListeners:31 - Tests finished! Number of test case: 7
2019-06-08 13:06:602 INFO  JUnitListeners:33 - Elapsed time of tests execution: 1559980728 seconds
2019-06-08 13:06:872 INFO  JUnitListeners:38 - Verify YAML File Reader for default file test is starting...
2019-06-08 13:06:162 INFO  JUnitListeners:43 - Verify YAML File Reader for default file test is finished...
2019-06-08 13:06:281 INFO  JUnitListeners:38 - Verify YAML File Reader for specific file test is starting...
2019-06-08 13:06:285 INFO  JUnitListeners:43 - Verify YAML File Reader for specific file test is finished...
2019-06-08 13:06:292 INFO  JUnitListeners:38 - Verify JSON File Reader for default file test is starting...
2019-06-08 13:06:299 INFO  JUnitListeners:43 - Verify JSON File Reader for default file test is finished...
2019-06-08 13:06:308 INFO  JUnitListeners:38 - Verify JSON File Reader for specific file test is starting...
2019-06-08 13:06:308 INFO  JUnitListeners:43 - Verify JSON File Reader for specific file test is finished...
2019-06-08 13:06:318 INFO  JUnitListeners:38 - Verify EXCEL File Reader for default file test is starting...
2019-06-08 13:06:814 INFO  JUnitListeners:43 - Verify EXCEL File Reader for default file test is finished...
2019-06-08 13:06:821 INFO  JUnitListeners:38 - Verify EXCEL File Reader for specific file test is starting...
2019-06-08 13:06:842 INFO  JUnitListeners:43 - Verify EXCEL File Reader for specific file test is finished...
2019-06-08 13:06:854 INFO  JUnitListeners:38 - Verify DBConnectionManager test is starting...
2019-06-08 13:06:13 ERROR DBConnectionManager:27 - exception while creating DB connection: Client does not support authentication protocol requested by server; consider upgrading MySQL client
2019-06-08 13:06:16 ERROR JUnitListeners:48 - Verify DBConnectionManager test FAILED!!!
2019-06-08 13:06:17 INFO  JUnitListeners:43 - Verify DBConnectionManager test is finished...
2019-06-08 13:06:28 INFO  JUnitListeners:31 - Tests finished! Number of test case: 7
2019-06-08 13:06:28 INFO  JUnitListeners:33 - Elapsed time of tests execution: 1559980822 seconds
2019-06-08 13:06:970 INFO  JUnitListeners:38 - Verify YAML File Reader for default file test is starting...
2019-06-08 13:06:296 INFO  JUnitListeners:43 - Verify YAML File Reader for default file test is finished...
2019-06-08 13:06:433 INFO  JUnitListeners:38 - Verify YAML File Reader for specific file test is starting...
2019-06-08 13:06:442 INFO  JUnitListeners:43 - Verify YAML File Reader for specific file test is finished...
2019-06-08 13:06:467 INFO  JUnitListeners:38 - Verify JSON File Reader for default file test is starting...
2019-06-08 13:06:476 INFO  JUnitListeners:43 - Verify JSON File Reader for default file test is finished...
2019-06-08 13:06:493 INFO  JUnitListeners:38 - Verify JSON File Reader for specific file test is starting...
2019-06-08 13:06:498 INFO  JUnitListeners:43 - Verify JSON File Reader for specific file test is finished...
2019-06-08 13:06:516 INFO  JUnitListeners:38 - Verify EXCEL File Reader for default file test is starting...
2019-06-08 13:06:266 INFO  JUnitListeners:43 - Verify EXCEL File Reader for default file test is finished...
2019-06-08 13:06:283 INFO  JUnitListeners:38 - Verify EXCEL File Reader for specific file test is starting...
2019-06-08 13:06:314 INFO  JUnitListeners:43 - Verify EXCEL File Reader for specific file test is finished...
2019-06-08 13:06:325 INFO  JUnitListeners:38 - Verify DBConnectionManager test is starting...
2019-06-08 13:06:545 ERROR DBConnectionManager:27 - exception while creating DB connection: Access denied for user 'root'@'localhost' (using password: NO)
2019-06-08 13:06:550 ERROR JUnitListeners:48 - Verify DBConnectionManager test FAILED!!!
2019-06-08 13:06:550 INFO  JUnitListeners:43 - Verify DBConnectionManager test is finished...
2019-06-08 13:06:568 INFO  JUnitListeners:31 - Tests finished! Number of test case: 7
2019-06-08 13:06:568 INFO  JUnitListeners:33 - Elapsed time of tests execution: 1559980920 seconds
2019-06-08 13:06:415 INFO  JUnitListeners:38 - Verify YAML File Reader for default file test is starting...
2019-06-08 13:06:745 INFO  JUnitListeners:43 - Verify YAML File Reader for default file test is finished...
2019-06-08 13:06:866 INFO  JUnitListeners:38 - Verify YAML File Reader for specific file test is starting...
2019-06-08 13:06:879 INFO  JUnitListeners:43 - Verify YAML File Reader for specific file test is finished...
2019-06-08 13:06:908 INFO  JUnitListeners:38 - Verify JSON File Reader for default file test is starting...
2019-06-08 13:06:924 INFO  JUnitListeners:43 - Verify JSON File Reader for default file test is finished...
2019-06-08 13:06:950 INFO  JUnitListeners:38 - Verify JSON File Reader for specific file test is starting...
2019-06-08 13:06:960 INFO  JUnitListeners:43 - Verify JSON File Reader for specific file test is finished...
2019-06-08 13:06:989 INFO  JUnitListeners:38 - Verify EXCEL File Reader for default file test is starting...
2019-06-08 13:06:700 INFO  JUnitListeners:43 - Verify EXCEL File Reader for default file test is finished...
2019-06-08 13:06:716 INFO  JUnitListeners:38 - Verify EXCEL File Reader for specific file test is starting...
2019-06-08 13:06:762 INFO  JUnitListeners:43 - Verify EXCEL File Reader for specific file test is finished...
2019-06-08 13:06:781 INFO  JUnitListeners:38 - Verify DBConnectionManager test is starting...
2019-06-08 13:06:06 ERROR DBConnectionManager:27 - exception while creating DB connection: Access denied for user 'root'@'localhost' (using password: NO)
2019-06-08 13:06:11 ERROR JUnitListeners:48 - Verify DBConnectionManager test FAILED!!!
2019-06-08 13:06:12 INFO  JUnitListeners:43 - Verify DBConnectionManager test is finished...
2019-06-08 13:06:32 INFO  JUnitListeners:31 - Tests finished! Number of test case: 7
2019-06-08 13:06:33 INFO  JUnitListeners:33 - Elapsed time of tests execution: 1559981084 seconds
2019-06-08 13:06:425 INFO  JUnitListeners:38 - Verify YAML File Reader for default file test is starting...
2019-06-08 13:06:812 INFO  JUnitListeners:43 - Verify YAML File Reader for default file test is finished...
2019-06-08 13:06:919 INFO  JUnitListeners:38 - Verify YAML File Reader for specific file test is starting...
2019-06-08 13:06:924 INFO  JUnitListeners:43 - Verify YAML File Reader for specific file test is finished...
2019-06-08 13:06:933 INFO  JUnitListeners:38 - Verify JSON File Reader for default file test is starting...
2019-06-08 13:06:938 INFO  JUnitListeners:43 - Verify JSON File Reader for default file test is finished...
2019-06-08 13:06:947 INFO  JUnitListeners:38 - Verify JSON File Reader for specific file test is starting...
2019-06-08 13:06:950 INFO  JUnitListeners:43 - Verify JSON File Reader for specific file test is finished...
2019-06-08 13:06:959 INFO  JUnitListeners:38 - Verify EXCEL File Reader for default file test is starting...
2019-06-08 13:06:375 INFO  JUnitListeners:43 - Verify EXCEL File Reader for default file test is finished...
2019-06-08 13:06:383 INFO  JUnitListeners:38 - Verify EXCEL File Reader for specific file test is starting...
2019-06-08 13:06:402 INFO  JUnitListeners:43 - Verify EXCEL File Reader for specific file test is finished...
2019-06-08 13:06:416 INFO  JUnitListeners:38 - Verify DBConnectionManager test is starting...
2019-06-08 13:06:629 ERROR DBConnectionManager:27 - exception while creating DB connection: Unknown initial character set index '255' received from server. Initial client character set can be forced via the 'characterEncoding' property.
2019-06-08 13:06:633 ERROR JUnitListeners:48 - Verify DBConnectionManager test FAILED!!!
2019-06-08 13:06:634 INFO  JUnitListeners:43 - Verify DBConnectionManager test is finished...
2019-06-08 13:06:646 INFO  JUnitListeners:31 - Tests finished! Number of test case: 7
2019-06-08 13:06:647 INFO  JUnitListeners:33 - Elapsed time of tests execution: 1559981303 seconds
2019-06-08 13:06:36 INFO  JUnitListeners:38 - Verify YAML File Reader for default file test is starting...
2019-06-08 13:06:389 INFO  JUnitListeners:43 - Verify YAML File Reader for default file test is finished...
2019-06-08 13:06:462 INFO  JUnitListeners:38 - Verify YAML File Reader for specific file test is starting...
2019-06-08 13:06:467 INFO  JUnitListeners:43 - Verify YAML File Reader for specific file test is finished...
2019-06-08 13:06:476 INFO  JUnitListeners:38 - Verify JSON File Reader for default file test is starting...
2019-06-08 13:06:481 INFO  JUnitListeners:43 - Verify JSON File Reader for default file test is finished...
2019-06-08 13:06:489 INFO  JUnitListeners:38 - Verify JSON File Reader for specific file test is starting...
2019-06-08 13:06:491 INFO  JUnitListeners:43 - Verify JSON File Reader for specific file test is finished...
2019-06-08 13:06:499 INFO  JUnitListeners:38 - Verify EXCEL File Reader for default file test is starting...
2019-06-08 13:06:933 INFO  JUnitListeners:43 - Verify EXCEL File Reader for default file test is finished...
2019-06-08 13:06:941 INFO  JUnitListeners:38 - Verify EXCEL File Reader for specific file test is starting...
2019-06-08 13:06:962 INFO  JUnitListeners:43 - Verify EXCEL File Reader for specific file test is finished...
2019-06-08 13:06:974 INFO  JUnitListeners:38 - Verify DBConnectionManager test is starting...
2019-06-08 13:06:170 ERROR DBConnectionManager:27 - exception while creating DB connection: Unknown initial character set index '255' received from server. Initial client character set can be forced via the 'characterEncoding' property.
2019-06-08 13:06:173 ERROR JUnitListeners:48 - Verify DBConnectionManager test FAILED!!!
2019-06-08 13:06:174 INFO  JUnitListeners:43 - Verify DBConnectionManager test is finished...
2019-06-08 13:06:185 INFO  JUnitListeners:31 - Tests finished! Number of test case: 7
2019-06-08 13:06:185 INFO  JUnitListeners:33 - Elapsed time of tests execution: 1559981387 seconds
2019-06-08 13:06:219 INFO  JUnitListeners:38 - Verify YAML File Reader for default file test is starting...
2019-06-08 13:06:597 INFO  JUnitListeners:43 - Verify YAML File Reader for default file test is finished...
2019-06-08 13:06:697 INFO  JUnitListeners:38 - Verify YAML File Reader for specific file test is starting...
2019-06-08 13:06:701 INFO  JUnitListeners:43 - Verify YAML File Reader for specific file test is finished...
2019-06-08 13:06:709 INFO  JUnitListeners:38 - Verify JSON File Reader for default file test is starting...
2019-06-08 13:06:713 INFO  JUnitListeners:43 - Verify JSON File Reader for default file test is finished...
2019-06-08 13:06:721 INFO  JUnitListeners:38 - Verify JSON File Reader for specific file test is starting...
2019-06-08 13:06:723 INFO  JUnitListeners:43 - Verify JSON File Reader for specific file test is finished...
2019-06-08 13:06:731 INFO  JUnitListeners:38 - Verify EXCEL File Reader for default file test is starting...
2019-06-08 13:06:221 INFO  JUnitListeners:43 - Verify EXCEL File Reader for default file test is finished...
2019-06-08 13:06:229 INFO  JUnitListeners:38 - Verify EXCEL File Reader for specific file test is starting...
2019-06-08 13:06:248 INFO  JUnitListeners:43 - Verify EXCEL File Reader for specific file test is finished...
2019-06-08 13:06:256 INFO  JUnitListeners:38 - Verify DBConnectionManager test is starting...
2019-06-08 13:06:441 ERROR DBConnectionManager:27 - exception while creating DB connection: Unknown initial character set index '255' received from server. Initial client character set can be forced via the 'characterEncoding' property.
2019-06-08 13:06:444 ERROR JUnitListeners:48 - Verify DBConnectionManager test FAILED!!!
2019-06-08 13:06:445 INFO  JUnitListeners:43 - Verify DBConnectionManager test is finished...
2019-06-08 13:06:455 INFO  JUnitListeners:31 - Tests finished! Number of test case: 7
2019-06-08 13:06:455 INFO  JUnitListeners:33 - Elapsed time of tests execution: 1559981447 seconds
2019-06-08 13:06:348 INFO  JUnitListeners:38 - Verify YAML File Reader for default file test is starting...
2019-06-08 13:06:596 INFO  JUnitListeners:43 - Verify YAML File Reader for default file test is finished...
2019-06-08 13:06:677 INFO  JUnitListeners:38 - Verify YAML File Reader for specific file test is starting...
2019-06-08 13:06:681 INFO  JUnitListeners:43 - Verify YAML File Reader for specific file test is finished...
2019-06-08 13:06:689 INFO  JUnitListeners:38 - Verify JSON File Reader for default file test is starting...
2019-06-08 13:06:694 INFO  JUnitListeners:43 - Verify JSON File Reader for default file test is finished...
2019-06-08 13:06:702 INFO  JUnitListeners:38 - Verify JSON File Reader for specific file test is starting...
2019-06-08 13:06:704 INFO  JUnitListeners:43 - Verify JSON File Reader for specific file test is finished...
2019-06-08 13:06:712 INFO  JUnitListeners:38 - Verify EXCEL File Reader for default file test is starting...
2019-06-08 13:06:116 INFO  JUnitListeners:43 - Verify EXCEL File Reader for default file test is finished...
2019-06-08 13:06:133 INFO  JUnitListeners:38 - Verify EXCEL File Reader for specific file test is starting...
2019-06-08 13:06:157 INFO  JUnitListeners:43 - Verify EXCEL File Reader for specific file test is finished...
2019-06-08 13:06:169 INFO  JUnitListeners:38 - Verify DBConnectionManager test is starting...
2019-06-08 13:06:376 INFO  UtilSteps:33 - last_name = Facello, 
2019-06-08 13:06:376 INFO  UtilSteps:33 - hire_date = 1986-06-26, 
2019-06-08 13:06:376 INFO  UtilSteps:33 - gender = M, 
2019-06-08 13:06:377 INFO  UtilSteps:33 - emp_no = 10001, 
2019-06-08 13:06:377 INFO  UtilSteps:33 - first_name = Georgi, 
2019-06-08 13:06:378 INFO  UtilSteps:33 - birth_date = 1953-09-02, 
2019-06-08 13:06:378 INFO  UtilSteps:33 - last_name = Simmel, 
2019-06-08 13:06:378 INFO  UtilSteps:33 - hire_date = 1985-11-21, 
2019-06-08 13:06:378 INFO  UtilSteps:33 - gender = F, 
2019-06-08 13:06:378 INFO  UtilSteps:33 - emp_no = 10002, 
2019-06-08 13:06:378 INFO  UtilSteps:33 - first_name = Bezalel, 
2019-06-08 13:06:379 INFO  UtilSteps:33 - birth_date = 1964-06-02, 
2019-06-08 13:06:379 INFO  UtilSteps:33 - last_name = Bamford, 
2019-06-08 13:06:379 INFO  UtilSteps:33 - hire_date = 1986-08-28, 
2019-06-08 13:06:379 INFO  UtilSteps:33 - gender = M, 
2019-06-08 13:06:379 INFO  UtilSteps:33 - emp_no = 10003, 
2019-06-08 13:06:379 INFO  UtilSteps:33 - first_name = Parto, 
2019-06-08 13:06:379 INFO  UtilSteps:33 - birth_date = 1959-12-03, 
2019-06-08 13:06:380 INFO  UtilSteps:33 - last_name = Koblick, 
2019-06-08 13:06:380 INFO  UtilSteps:33 - hire_date = 1986-12-01, 
2019-06-08 13:06:380 INFO  UtilSteps:33 - gender = M, 
2019-06-08 13:06:380 INFO  UtilSteps:33 - emp_no = 10004, 
2019-06-08 13:06:380 INFO  UtilSteps:33 - first_name = Chirstian, 
2019-06-08 13:06:380 INFO  UtilSteps:33 - birth_date = 1954-05-01, 
2019-06-08 13:06:380 INFO  UtilSteps:33 - last_name = Maliniak, 
2019-06-08 13:06:381 INFO  UtilSteps:33 - hire_date = 1989-09-12, 
2019-06-08 13:06:381 INFO  UtilSteps:33 - gender = M, 
2019-06-08 13:06:381 INFO  UtilSteps:33 - emp_no = 10005, 
2019-06-08 13:06:381 INFO  UtilSteps:33 - first_name = Kyoichi, 
2019-06-08 13:06:381 INFO  UtilSteps:33 - birth_date = 1955-01-21, 
2019-06-08 13:06:381 INFO  UtilSteps:33 - last_name = Preusig, 
2019-06-08 13:06:381 INFO  UtilSteps:33 - hire_date = 1989-06-02, 
2019-06-08 13:06:382 INFO  UtilSteps:33 - gender = F, 
2019-06-08 13:06:382 INFO  UtilSteps:33 - emp_no = 10006, 
2019-06-08 13:06:382 INFO  UtilSteps:33 - first_name = Anneke, 
2019-06-08 13:06:382 INFO  UtilSteps:33 - birth_date = 1953-04-20, 
2019-06-08 13:06:382 INFO  UtilSteps:33 - last_name = Zielinski, 
2019-06-08 13:06:382 INFO  UtilSteps:33 - hire_date = 1989-02-10, 
2019-06-08 13:06:382 INFO  UtilSteps:33 - gender = F, 
2019-06-08 13:06:383 INFO  UtilSteps:33 - emp_no = 10007, 
2019-06-08 13:06:383 INFO  UtilSteps:33 - first_name = Tzvetan, 
2019-06-08 13:06:383 INFO  UtilSteps:33 - birth_date = 1957-05-23, 
2019-06-08 13:06:383 INFO  UtilSteps:33 - last_name = Kalloufi, 
2019-06-08 13:06:383 INFO  UtilSteps:33 - hire_date = 1994-09-15, 
2019-06-08 13:06:383 INFO  UtilSteps:33 - gender = M, 
2019-06-08 13:06:383 INFO  UtilSteps:33 - emp_no = 10008, 
2019-06-08 13:06:384 INFO  UtilSteps:33 - first_name = Saniya, 
2019-06-08 13:06:384 INFO  UtilSteps:33 - birth_date = 1958-02-19, 
2019-06-08 13:06:384 INFO  UtilSteps:33 - last_name = Peac, 
2019-06-08 13:06:384 INFO  UtilSteps:33 - hire_date = 1985-02-18, 
2019-06-08 13:06:384 INFO  UtilSteps:33 - gender = F, 
2019-06-08 13:06:384 INFO  UtilSteps:33 - emp_no = 10009, 
2019-06-08 13:06:384 INFO  UtilSteps:33 - first_name = Sumant, 
2019-06-08 13:06:385 INFO  UtilSteps:33 - birth_date = 1952-04-19, 
2019-06-08 13:06:385 INFO  UtilSteps:33 - last_name = Piveteau, 
2019-06-08 13:06:385 INFO  UtilSteps:33 - hire_date = 1989-08-24, 
2019-06-08 13:06:385 INFO  UtilSteps:33 - gender = F, 
2019-06-08 13:06:385 INFO  UtilSteps:33 - emp_no = 10010, 
2019-06-08 13:06:385 INFO  UtilSteps:33 - first_name = Duangkaew, 
2019-06-08 13:06:385 INFO  UtilSteps:33 - birth_date = 1963-06-01, 
2019-06-08 13:06:386 INFO  JUnitListeners:43 - Verify DBConnectionManager test is finished...
2019-06-08 13:06:395 INFO  JUnitListeners:31 - Tests finished! Number of test case: 7
2019-06-08 13:06:396 INFO  JUnitListeners:33 - Elapsed time of tests execution: 1559981963 seconds
2019-06-08 13:06:75 INFO  JUnitListeners:38 - Verify YAML File Reader for default file test is starting...
2019-06-08 13:06:320 INFO  JUnitListeners:43 - Verify YAML File Reader for default file test is finished...
2019-06-08 13:06:399 INFO  JUnitListeners:38 - Verify YAML File Reader for specific file test is starting...
2019-06-08 13:06:403 INFO  JUnitListeners:43 - Verify YAML File Reader for specific file test is finished...
2019-06-08 13:06:411 INFO  JUnitListeners:38 - Verify JSON File Reader for default file test is starting...
2019-06-08 13:06:415 INFO  JUnitListeners:43 - Verify JSON File Reader for default file test is finished...
2019-06-08 13:06:428 INFO  JUnitListeners:38 - Verify JSON File Reader for specific file test is starting...
2019-06-08 13:06:430 INFO  JUnitListeners:43 - Verify JSON File Reader for specific file test is finished...
2019-06-08 13:06:438 INFO  JUnitListeners:38 - Verify EXCEL File Reader for default file test is starting...
2019-06-08 13:06:813 INFO  JUnitListeners:43 - Verify EXCEL File Reader for default file test is finished...
2019-06-08 13:06:821 INFO  JUnitListeners:38 - Verify EXCEL File Reader for specific file test is starting...
2019-06-08 13:06:843 INFO  JUnitListeners:43 - Verify EXCEL File Reader for specific file test is finished...
2019-06-08 13:06:851 INFO  JUnitListeners:38 - Verify DBConnectionManager test is starting...
2019-06-08 13:06:25 INFO  UtilSteps:33 - last_name = Facello, 
2019-06-08 13:06:25 INFO  UtilSteps:33 - hire_date = 1986-06-26, 
2019-06-08 13:06:25 INFO  UtilSteps:33 - gender = M, 
2019-06-08 13:06:26 INFO  UtilSteps:33 - emp_no = 10001, 
2019-06-08 13:06:26 INFO  UtilSteps:33 - first_name = Georgi, 
2019-06-08 13:06:27 INFO  UtilSteps:33 - birth_date = 1953-09-02, 
2019-06-08 13:06:27 INFO  UtilSteps:33 - last_name = Simmel, 
2019-06-08 13:06:27 INFO  UtilSteps:33 - hire_date = 1985-11-21, 
2019-06-08 13:06:27 INFO  UtilSteps:33 - gender = F, 
2019-06-08 13:06:27 INFO  UtilSteps:33 - emp_no = 10002, 
2019-06-08 13:06:27 INFO  UtilSteps:33 - first_name = Bezalel, 
2019-06-08 13:06:27 INFO  UtilSteps:33 - birth_date = 1964-06-02, 
2019-06-08 13:06:27 INFO  UtilSteps:33 - last_name = Bamford, 
2019-06-08 13:06:28 INFO  UtilSteps:33 - hire_date = 1986-08-28, 
2019-06-08 13:06:28 INFO  UtilSteps:33 - gender = M, 
2019-06-08 13:06:28 INFO  UtilSteps:33 - emp_no = 10003, 
2019-06-08 13:06:28 INFO  UtilSteps:33 - first_name = Parto, 
2019-06-08 13:06:28 INFO  UtilSteps:33 - birth_date = 1959-12-03, 
2019-06-08 13:06:28 INFO  UtilSteps:33 - last_name = Koblick, 
2019-06-08 13:06:28 INFO  UtilSteps:33 - hire_date = 1986-12-01, 
2019-06-08 13:06:28 INFO  UtilSteps:33 - gender = M, 
2019-06-08 13:06:29 INFO  UtilSteps:33 - emp_no = 10004, 
2019-06-08 13:06:29 INFO  UtilSteps:33 - first_name = Chirstian, 
2019-06-08 13:06:29 INFO  UtilSteps:33 - birth_date = 1954-05-01, 
2019-06-08 13:06:29 INFO  UtilSteps:33 - last_name = Maliniak, 
2019-06-08 13:06:29 INFO  UtilSteps:33 - hire_date = 1989-09-12, 
2019-06-08 13:06:29 INFO  UtilSteps:33 - gender = M, 
2019-06-08 13:06:29 INFO  UtilSteps:33 - emp_no = 10005, 
2019-06-08 13:06:29 INFO  UtilSteps:33 - first_name = Kyoichi, 
2019-06-08 13:06:30 INFO  UtilSteps:33 - birth_date = 1955-01-21, 
2019-06-08 13:06:30 INFO  UtilSteps:33 - last_name = Preusig, 
2019-06-08 13:06:30 INFO  UtilSteps:33 - hire_date = 1989-06-02, 
2019-06-08 13:06:30 INFO  UtilSteps:33 - gender = F, 
2019-06-08 13:06:30 INFO  UtilSteps:33 - emp_no = 10006, 
2019-06-08 13:06:30 INFO  UtilSteps:33 - first_name = Anneke, 
2019-06-08 13:06:30 INFO  UtilSteps:33 - birth_date = 1953-04-20, 
2019-06-08 13:06:31 INFO  UtilSteps:33 - last_name = Zielinski, 
2019-06-08 13:06:31 INFO  UtilSteps:33 - hire_date = 1989-02-10, 
2019-06-08 13:06:31 INFO  UtilSteps:33 - gender = F, 
2019-06-08 13:06:31 INFO  UtilSteps:33 - emp_no = 10007, 
2019-06-08 13:06:31 INFO  UtilSteps:33 - first_name = Tzvetan, 
2019-06-08 13:06:31 INFO  UtilSteps:33 - birth_date = 1957-05-23, 
2019-06-08 13:06:31 INFO  UtilSteps:33 - last_name = Kalloufi, 
2019-06-08 13:06:31 INFO  UtilSteps:33 - hire_date = 1994-09-15, 
2019-06-08 13:06:32 INFO  UtilSteps:33 - gender = M, 
2019-06-08 13:06:32 INFO  UtilSteps:33 - emp_no = 10008, 
2019-06-08 13:06:32 INFO  UtilSteps:33 - first_name = Saniya, 
2019-06-08 13:06:32 INFO  UtilSteps:33 - birth_date = 1958-02-19, 
2019-06-08 13:06:32 INFO  UtilSteps:33 - last_name = Peac, 
2019-06-08 13:06:32 INFO  UtilSteps:33 - hire_date = 1985-02-18, 
2019-06-08 13:06:32 INFO  UtilSteps:33 - gender = F, 
2019-06-08 13:06:33 INFO  UtilSteps:33 - emp_no = 10009, 
2019-06-08 13:06:33 INFO  UtilSteps:33 - first_name = Sumant, 
2019-06-08 13:06:33 INFO  UtilSteps:33 - birth_date = 1952-04-19, 
2019-06-08 13:06:33 INFO  UtilSteps:33 - last_name = Piveteau, 
2019-06-08 13:06:33 INFO  UtilSteps:33 - hire_date = 1989-08-24, 
2019-06-08 13:06:33 INFO  UtilSteps:33 - gender = F, 
2019-06-08 13:06:34 INFO  UtilSteps:33 - emp_no = 10010, 
2019-06-08 13:06:34 INFO  UtilSteps:33 - first_name = Duangkaew, 
2019-06-08 13:06:34 INFO  UtilSteps:33 - birth_date = 1963-06-01, 
2019-06-08 13:06:34 INFO  JUnitListeners:43 - Verify DBConnectionManager test is finished...
2019-06-08 13:06:43 INFO  JUnitListeners:31 - Tests finished! Number of test case: 7
2019-06-08 13:06:44 INFO  JUnitListeners:33 - Elapsed time of tests execution: 1559982463 seconds
2019-06-08 13:06:223 INFO  JUnitListeners:38 - Search for github link test is starting...
2019-06-08 13:06:503 INFO  WaitHelper:78 - before find by: by id or name "q"
2019-06-08 13:06:689 INFO  WaitHelper:83 - after find by: [[ChromeDriver: chrome on XP (7f515cd002726cd2d9077921a6ed9f13)] -> name: q]
2019-06-08 13:06:693 INFO  WaitHelper:99 - before change value of: [[ChromeDriver: chrome on XP (7f515cd002726cd2d9077921a6ed9f13)] -> name: q]
2019-06-08 13:06:693 INFO  WaitHelper:127 - waiting for :[[ChromeDriver: chrome on XP (7f515cd002726cd2d9077921a6ed9f13)] -> name: q] for :10 seconds
2019-06-08 13:06:739 INFO  WaitHelper:130 - element is visible now
2019-06-08 13:06:903 INFO  WaitHelper:78 - before find by: by id or name "q"
2019-06-08 13:06:945 INFO  WaitHelper:83 - after find by: [[ChromeDriver: chrome on XP (7f515cd002726cd2d9077921a6ed9f13)] -> name: q]
2019-06-08 13:06:946 INFO  WaitHelper:99 - before change value of: [[ChromeDriver: chrome on XP (7f515cd002726cd2d9077921a6ed9f13)] -> name: q]
2019-06-08 13:06:947 INFO  WaitHelper:127 - waiting for :[[ChromeDriver: chrome on XP (7f515cd002726cd2d9077921a6ed9f13)] -> name: q] for :10 seconds
2019-06-08 13:06:975 INFO  WaitHelper:130 - element is visible now
2019-06-08 13:06:230 INFO  WaitHelper:78 - before find by: by id or name "q"
2019-06-08 13:06:307 INFO  WaitHelper:83 - after find by: [[ChromeDriver: chrome on XP (7f515cd002726cd2d9077921a6ed9f13)] -> name: q]
2019-06-08 13:06:746 INFO  WebDriverManager:91 - screenshot has been saved at: D:\Technical\automation\ui/target/screenshots/searchforgithublink.png
2019-06-08 13:06:746 INFO  WebDriverManager:81 - closing web driver instance
2019-06-08 13:06:600 INFO  WebDriverManager:84 - web driver instances closed successfully
2019-06-08 13:06:618 ERROR JUnitListeners:48 - Search for github link test FAILED!!!
2019-06-08 13:06:619 INFO  JUnitListeners:43 - Search for github link test is finished...
2019-06-08 13:06:698 INFO  JUnitListeners:38 - Search for github link - negative scenario test is starting...
2019-06-08 13:06:868 INFO  WaitHelper:78 - before find by: by id or name "q"
2019-06-08 13:06:907 INFO  WaitHelper:83 - after find by: [[ChromeDriver: chrome on XP (c5f6020824eb151d53b57b22dc4197b5)] -> name: q]
2019-06-08 13:06:908 INFO  WaitHelper:99 - before change value of: [[ChromeDriver: chrome on XP (c5f6020824eb151d53b57b22dc4197b5)] -> name: q]
2019-06-08 13:06:908 INFO  WaitHelper:127 - waiting for :[[ChromeDriver: chrome on XP (c5f6020824eb151d53b57b22dc4197b5)] -> name: q] for :10 seconds
2019-06-08 13:06:931 INFO  WaitHelper:130 - element is visible now
2019-06-08 13:06:955 INFO  WaitHelper:78 - before find by: by id or name "q"
2019-06-08 13:06:11 INFO  WaitHelper:83 - after find by: [[ChromeDriver: chrome on XP (c5f6020824eb151d53b57b22dc4197b5)] -> name: q]
2019-06-08 13:06:12 INFO  WaitHelper:99 - before change value of: [[ChromeDriver: chrome on XP (c5f6020824eb151d53b57b22dc4197b5)] -> name: q]
2019-06-08 13:06:12 INFO  WaitHelper:127 - waiting for :[[ChromeDriver: chrome on XP (c5f6020824eb151d53b57b22dc4197b5)] -> name: q] for :10 seconds
2019-06-08 13:06:24 INFO  WaitHelper:130 - element is visible now
2019-06-08 13:06:142 INFO  WaitHelper:78 - before find by: by id or name "q"
2019-06-08 13:06:183 INFO  WaitHelper:83 - after find by: [[ChromeDriver: chrome on XP (c5f6020824eb151d53b57b22dc4197b5)] -> name: q]
2019-06-08 13:06:595 INFO  WebDriverManager:91 - screenshot has been saved at: D:\Technical\automation\ui/target/screenshots/searchforgithublink-negativescenario.png
2019-06-08 13:06:595 INFO  WebDriverManager:81 - closing web driver instance
2019-06-08 13:06:445 INFO  WebDriverManager:84 - web driver instances closed successfully
2019-06-08 13:06:450 ERROR JUnitListeners:48 - Search for github link - negative scenario test FAILED!!!
2019-06-08 13:06:451 INFO  JUnitListeners:43 - Search for github link - negative scenario test is finished...
2019-06-08 13:06:479 INFO  JUnitListeners:31 - Tests finished! Number of test case: 2
2019-06-08 13:06:479 INFO  JUnitListeners:33 - Elapsed time of tests execution: 1559982569 seconds
2019-06-08 14:06:47 INFO  JUnitListeners:38 - Search for github link test is starting...
2019-06-08 14:06:91 INFO  WaitHelper:78 - before find by: by id or name "q"
2019-06-08 14:06:156 INFO  WaitHelper:83 - after find by: [[ChromeDriver: chrome on XP (ba7d79d1362dd8835f564864b7aca449)] -> name: q]
2019-06-08 14:06:160 INFO  WaitHelper:99 - before change value of: [[ChromeDriver: chrome on XP (ba7d79d1362dd8835f564864b7aca449)] -> name: q]
2019-06-08 14:06:160 INFO  WaitHelper:127 - waiting for :[[ChromeDriver: chrome on XP (ba7d79d1362dd8835f564864b7aca449)] -> name: q] for :10 seconds
2019-06-08 14:06:203 INFO  WaitHelper:130 - element is visible now
2019-06-08 14:06:228 INFO  WaitHelper:78 - before find by: by id or name "q"
2019-06-08 14:06:275 INFO  WaitHelper:83 - after find by: [[ChromeDriver: chrome on XP (ba7d79d1362dd8835f564864b7aca449)] -> name: q]
2019-06-08 14:06:276 INFO  WaitHelper:99 - before change value of: [[ChromeDriver: chrome on XP (ba7d79d1362dd8835f564864b7aca449)] -> name: q]
2019-06-08 14:06:276 INFO  WaitHelper:127 - waiting for :[[ChromeDriver: chrome on XP (ba7d79d1362dd8835f564864b7aca449)] -> name: q] for :10 seconds
2019-06-08 14:06:292 INFO  WaitHelper:130 - element is visible now
2019-06-08 14:06:405 INFO  WaitHelper:78 - before find by: by id or name "q"
2019-06-08 14:06:502 INFO  WaitHelper:83 - after find by: [[ChromeDriver: chrome on XP (ba7d79d1362dd8835f564864b7aca449)] -> name: q]
2019-06-08 14:06:943 INFO  WebDriverManager:91 - screenshot has been saved at: D:\Technical\automation\ui/target/screenshots/searchforgithublink.png
2019-06-08 14:06:944 INFO  WebDriverManager:81 - closing web driver instance
2019-06-08 14:06:794 INFO  WebDriverManager:84 - web driver instances closed successfully
2019-06-08 14:06:813 ERROR JUnitListeners:48 - Search for github link test FAILED!!!
2019-06-08 14:06:814 INFO  JUnitListeners:43 - Search for github link test is finished...
2019-06-08 14:06:897 INFO  JUnitListeners:38 - Search for github link - negative scenario test is starting...
2019-06-08 14:06:946 INFO  WaitHelper:78 - before find by: by id or name "q"
2019-06-08 14:06:12 INFO  WaitHelper:83 - after find by: [[ChromeDriver: chrome on XP (b39d9b3c26491254141291d590075961)] -> name: q]
2019-06-08 14:06:13 INFO  WaitHelper:99 - before change value of: [[ChromeDriver: chrome on XP (b39d9b3c26491254141291d590075961)] -> name: q]
2019-06-08 14:06:13 INFO  WaitHelper:127 - waiting for :[[ChromeDriver: chrome on XP (b39d9b3c26491254141291d590075961)] -> name: q] for :10 seconds
2019-06-08 14:06:35 INFO  WaitHelper:130 - element is visible now
2019-06-08 14:06:58 INFO  WaitHelper:78 - before find by: by id or name "q"
2019-06-08 14:06:146 INFO  WaitHelper:83 - after find by: [[ChromeDriver: chrome on XP (b39d9b3c26491254141291d590075961)] -> name: q]
2019-06-08 14:06:147 INFO  WaitHelper:99 - before change value of: [[ChromeDriver: chrome on XP (b39d9b3c26491254141291d590075961)] -> name: q]
2019-06-08 14:06:147 INFO  WaitHelper:127 - waiting for :[[ChromeDriver: chrome on XP (b39d9b3c26491254141291d590075961)] -> name: q] for :10 seconds
2019-06-08 14:06:168 INFO  WaitHelper:130 - element is visible now
2019-06-08 14:06:289 INFO  WaitHelper:78 - before find by: by id or name "q"
2019-06-08 14:06:328 INFO  WaitHelper:83 - after find by: [[ChromeDriver: chrome on XP (b39d9b3c26491254141291d590075961)] -> name: q]
2019-06-08 14:06:763 INFO  WebDriverManager:91 - screenshot has been saved at: D:\Technical\automation\ui/target/screenshots/searchforgithublink-negativescenario.png
2019-06-08 14:06:764 INFO  WebDriverManager:81 - closing web driver instance
2019-06-08 14:06:619 INFO  WebDriverManager:84 - web driver instances closed successfully
2019-06-08 14:06:622 ERROR JUnitListeners:48 - Search for github link - negative scenario test FAILED!!!
2019-06-08 14:06:623 INFO  JUnitListeners:43 - Search for github link - negative scenario test is finished...
2019-06-08 14:06:637 INFO  JUnitListeners:31 - Tests finished! Number of test case: 2
2019-06-08 14:06:637 INFO  JUnitListeners:33 - Elapsed time of tests execution: 1559982815 seconds
2019-06-08 14:06:909 INFO  JUnitListeners:38 - Search for github link test is starting...
2019-06-08 14:06:754 INFO  WaitHelper:78 - before find by: by id or name "q"
2019-06-08 14:06:832 INFO  WaitHelper:83 - after find by: [[ChromeDriver: chrome on XP (194c84bf27d8051de4bc9138ff00cb66)] -> name: q]
2019-06-08 14:06:835 INFO  WaitHelper:99 - before change value of: [[ChromeDriver: chrome on XP (194c84bf27d8051de4bc9138ff00cb66)] -> name: q]
2019-06-08 14:06:835 INFO  WaitHelper:127 - waiting for :[[ChromeDriver: chrome on XP (194c84bf27d8051de4bc9138ff00cb66)] -> name: q] for :10 seconds
2019-06-08 14:06:874 INFO  WaitHelper:130 - element is visible now
2019-06-08 14:06:898 INFO  WaitHelper:78 - before find by: by id or name "q"
2019-06-08 14:06:945 INFO  WaitHelper:83 - after find by: [[ChromeDriver: chrome on XP (194c84bf27d8051de4bc9138ff00cb66)] -> name: q]
2019-06-08 14:06:946 INFO  WaitHelper:99 - before change value of: [[ChromeDriver: chrome on XP (194c84bf27d8051de4bc9138ff00cb66)] -> name: q]
2019-06-08 14:06:946 INFO  WaitHelper:127 - waiting for :[[ChromeDriver: chrome on XP (194c84bf27d8051de4bc9138ff00cb66)] -> name: q] for :10 seconds
2019-06-08 14:06:966 INFO  WaitHelper:130 - element is visible now
2019-06-08 14:06:86 INFO  WaitHelper:78 - before find by: by id or name "q"
2019-06-08 14:06:165 INFO  WaitHelper:83 - after find by: [[ChromeDriver: chrome on XP (194c84bf27d8051de4bc9138ff00cb66)] -> name: q]
2019-06-08 14:06:588 INFO  WebDriverManager:91 - screenshot has been saved at: D:\Technical\automation\ui/target/screenshots/searchforgithublink.png
2019-06-08 14:06:588 INFO  WebDriverManager:81 - closing web driver instance
2019-06-08 14:06:436 INFO  WebDriverManager:84 - web driver instances closed successfully
2019-06-08 14:06:447 ERROR JUnitListeners:48 - Search for github link test FAILED!!!
2019-06-08 14:06:449 INFO  JUnitListeners:43 - Search for github link test is finished...
2019-06-08 14:06:525 INFO  JUnitListeners:38 - Search for github link - negative scenario test is starting...
2019-06-08 14:06:739 INFO  WaitHelper:78 - before find by: by id or name "q"
2019-06-08 14:06:806 INFO  WaitHelper:83 - after find by: [[ChromeDriver: chrome on XP (500261c5b898c37a2e8bd91afa4714a4)] -> name: q]
2019-06-08 14:06:806 INFO  WaitHelper:99 - before change value of: [[ChromeDriver: chrome on XP (500261c5b898c37a2e8bd91afa4714a4)] -> name: q]
2019-06-08 14:06:807 INFO  WaitHelper:127 - waiting for :[[ChromeDriver: chrome on XP (500261c5b898c37a2e8bd91afa4714a4)] -> name: q] for :10 seconds
2019-06-08 14:06:834 INFO  WaitHelper:130 - element is visible now
2019-06-08 14:06:860 INFO  WaitHelper:78 - before find by: by id or name "q"
2019-06-08 14:06:910 INFO  WaitHelper:83 - after find by: [[ChromeDriver: chrome on XP (500261c5b898c37a2e8bd91afa4714a4)] -> name: q]
2019-06-08 14:06:910 INFO  WaitHelper:99 - before change value of: [[ChromeDriver: chrome on XP (500261c5b898c37a2e8bd91afa4714a4)] -> name: q]
2019-06-08 14:06:910 INFO  WaitHelper:127 - waiting for :[[ChromeDriver: chrome on XP (500261c5b898c37a2e8bd91afa4714a4)] -> name: q] for :10 seconds
2019-06-08 14:06:924 INFO  WaitHelper:130 - element is visible now
2019-06-08 14:06:41 INFO  WaitHelper:78 - before find by: by id or name "q"
2019-06-08 14:06:118 INFO  WaitHelper:83 - after find by: [[ChromeDriver: chrome on XP (500261c5b898c37a2e8bd91afa4714a4)] -> name: q]
2019-06-08 14:06:510 INFO  WebDriverManager:91 - screenshot has been saved at: D:\Technical\automation\ui/target/screenshots/searchforgithublink-negativescenario.png
2019-06-08 14:06:510 INFO  WebDriverManager:81 - closing web driver instance
2019-06-08 14:06:368 INFO  WebDriverManager:84 - web driver instances closed successfully
2019-06-08 14:06:369 ERROR JUnitListeners:48 - Search for github link - negative scenario test FAILED!!!
2019-06-08 14:06:369 INFO  JUnitListeners:43 - Search for github link - negative scenario test is finished...
2019-06-08 14:06:388 INFO  JUnitListeners:31 - Tests finished! Number of test case: 2
2019-06-08 14:06:388 INFO  JUnitListeners:33 - Elapsed time of tests execution: 1559982965 seconds
2019-06-08 14:06:490 INFO  JUnitListeners:38 - Search for github link test is starting...
2019-06-08 14:06:318 INFO  WaitHelper:78 - before find by: by id or name "q"
2019-06-08 14:06:393 INFO  WaitHelper:83 - after find by: [[ChromeDriver: chrome on XP (945cbbbddd101c1572a2c70168c404e1)] -> name: q]
2019-06-08 14:06:397 INFO  WaitHelper:99 - before change value of: [[ChromeDriver: chrome on XP (945cbbbddd101c1572a2c70168c404e1)] -> name: q]
2019-06-08 14:06:397 INFO  WaitHelper:127 - waiting for :[[ChromeDriver: chrome on XP (945cbbbddd101c1572a2c70168c404e1)] -> name: q] for :10 seconds
2019-06-08 14:06:442 INFO  WaitHelper:130 - element is visible now
2019-06-08 14:06:466 INFO  WaitHelper:78 - before find by: by id or name "q"
2019-06-08 14:06:526 INFO  WaitHelper:83 - after find by: [[ChromeDriver: chrome on XP (945cbbbddd101c1572a2c70168c404e1)] -> name: q]
2019-06-08 14:06:527 INFO  WaitHelper:99 - before change value of: [[ChromeDriver: chrome on XP (945cbbbddd101c1572a2c70168c404e1)] -> name: q]
2019-06-08 14:06:527 INFO  WaitHelper:127 - waiting for :[[ChromeDriver: chrome on XP (945cbbbddd101c1572a2c70168c404e1)] -> name: q] for :10 seconds
2019-06-08 14:06:541 INFO  WaitHelper:130 - element is visible now
2019-06-08 14:06:651 INFO  WaitHelper:78 - before find by: by id or name "q"
2019-06-08 14:06:713 INFO  WaitHelper:83 - after find by: [[ChromeDriver: chrome on XP (945cbbbddd101c1572a2c70168c404e1)] -> name: q]
2019-06-08 14:06:125 INFO  WebDriverManager:91 - screenshot has been saved at: D:\Technical\automation\ui/target/screenshots/searchforgithublink.png
2019-06-08 14:06:125 INFO  WebDriverManager:81 - closing web driver instance
2019-06-08 14:06:989 INFO  WebDriverManager:84 - web driver instances closed successfully
2019-06-08 14:06:995 ERROR JUnitListeners:48 - Search for github link test FAILED!!!
2019-06-08 14:06:997 INFO  JUnitListeners:43 - Search for github link test is finished...
2019-06-08 14:06:92 INFO  JUnitListeners:38 - Search for github link - negative scenario test is starting...
2019-06-08 14:06:168 INFO  WaitHelper:78 - before find by: by id or name "q"
2019-06-08 14:06:257 INFO  WaitHelper:83 - after find by: [[ChromeDriver: chrome on XP (90411fe9c72a16c48365f7dc353c9887)] -> name: q]
2019-06-08 14:06:258 INFO  WaitHelper:99 - before change value of: [[ChromeDriver: chrome on XP (90411fe9c72a16c48365f7dc353c9887)] -> name: q]
2019-06-08 14:06:258 INFO  WaitHelper:127 - waiting for :[[ChromeDriver: chrome on XP (90411fe9c72a16c48365f7dc353c9887)] -> name: q] for :10 seconds
2019-06-08 14:06:278 INFO  WaitHelper:130 - element is visible now
2019-06-08 14:06:301 INFO  WaitHelper:78 - before find by: by id or name "q"
2019-06-08 14:06:373 INFO  WaitHelper:83 - after find by: [[ChromeDriver: chrome on XP (90411fe9c72a16c48365f7dc353c9887)] -> name: q]
2019-06-08 14:06:373 INFO  WaitHelper:99 - before change value of: [[ChromeDriver: chrome on XP (90411fe9c72a16c48365f7dc353c9887)] -> name: q]
2019-06-08 14:06:374 INFO  WaitHelper:127 - waiting for :[[ChromeDriver: chrome on XP (90411fe9c72a16c48365f7dc353c9887)] -> name: q] for :10 seconds
2019-06-08 14:06:393 INFO  WaitHelper:130 - element is visible now
2019-06-08 14:06:533 INFO  WaitHelper:78 - before find by: by id or name "q"
2019-06-08 14:06:569 INFO  WaitHelper:83 - after find by: [[ChromeDriver: chrome on XP (90411fe9c72a16c48365f7dc353c9887)] -> name: q]
2019-06-08 14:06:997 INFO  WebDriverManager:91 - screenshot has been saved at: D:\Technical\automation\ui/target/screenshots/searchforgithublink-negativescenario.png
2019-06-08 14:06:997 INFO  WebDriverManager:81 - closing web driver instance
2019-06-08 14:06:850 INFO  WebDriverManager:84 - web driver instances closed successfully
2019-06-08 14:06:853 ERROR JUnitListeners:48 - Search for github link - negative scenario test FAILED!!!
2019-06-08 14:06:854 INFO  JUnitListeners:43 - Search for github link - negative scenario test is finished...
2019-06-08 14:06:875 INFO  JUnitListeners:31 - Tests finished! Number of test case: 2
2019-06-08 14:06:876 INFO  JUnitListeners:33 - Elapsed time of tests execution: 1559983364 seconds
2019-06-08 14:06:439 INFO  JUnitListeners:38 - Search for github link test is starting...
2019-06-08 14:06:165 INFO  WaitHelper:78 - before find by: by id or name "q"
2019-06-08 14:06:234 INFO  WaitHelper:83 - after find by: [[ChromeDriver: chrome on XP (cc23b713da06f18c18aaee63db2d6174)] -> name: q]
2019-06-08 14:06:234 INFO  WaitHelper:99 - before change value of: [[ChromeDriver: chrome on XP (cc23b713da06f18c18aaee63db2d6174)] -> name: q]
2019-06-08 14:06:234 INFO  WaitHelper:127 - waiting for :[[ChromeDriver: chrome on XP (cc23b713da06f18c18aaee63db2d6174)] -> name: q] for :10 seconds
2019-06-08 14:06:282 INFO  WaitHelper:130 - element is visible now
2019-06-08 14:06:328 INFO  WaitHelper:78 - before find by: by id or name "q"
2019-06-08 14:06:374 INFO  WaitHelper:83 - after find by: [[ChromeDriver: chrome on XP (cc23b713da06f18c18aaee63db2d6174)] -> name: q]
2019-06-08 14:06:374 INFO  WaitHelper:99 - before change value of: [[ChromeDriver: chrome on XP (cc23b713da06f18c18aaee63db2d6174)] -> name: q]
2019-06-08 14:06:374 INFO  WaitHelper:127 - waiting for :[[ChromeDriver: chrome on XP (cc23b713da06f18c18aaee63db2d6174)] -> name: q] for :10 seconds
2019-06-08 14:06:406 INFO  WaitHelper:130 - element is visible now
2019-06-08 14:06:557 INFO  WaitHelper:78 - before find by: by id or name "q"
2019-06-08 14:06:607 INFO  WaitHelper:83 - after find by: [[ChromeDriver: chrome on XP (cc23b713da06f18c18aaee63db2d6174)] -> name: q]
2019-06-08 14:06:672 INFO  WaitHelper:78 - before find by: By.xpath: (//input[@value='Google Search'])[2]
2019-06-08 14:06:691 INFO  WaitHelper:83 - after find by: [[ChromeDriver: chrome on XP (cc23b713da06f18c18aaee63db2d6174)] -> xpath: (//input[@value='Google Search'])[2]]
2019-06-08 14:06:691 INFO  WaitHelper:88 - before click on: [[ChromeDriver: chrome on XP (cc23b713da06f18c18aaee63db2d6174)] -> xpath: (//input[@value='Google Search'])[2]]
2019-06-08 14:06:691 INFO  WaitHelper:127 - waiting for :[[ChromeDriver: chrome on XP (cc23b713da06f18c18aaee63db2d6174)] -> xpath: (//input[@value='Google Search'])[2]] for :10 seconds
2019-06-08 14:06:722 INFO  WaitHelper:130 - element is visible now
2019-06-08 14:06:948 INFO  WaitHelper:94 - after click on: [[ChromeDriver: chrome on XP (cc23b713da06f18c18aaee63db2d6174)] -> xpath: (//input[@value='Google Search'])[2]]
2019-06-08 14:06:950 INFO  WaitHelper:78 - before find by: by id or name "top_nav"
2019-06-08 14:06:964 INFO  WaitHelper:83 - after find by: [[ChromeDriver: chrome on XP (cc23b713da06f18c18aaee63db2d6174)] -> id: top_nav]
2019-06-08 14:06:982 INFO  AssertionHelper:23 - assertTrue success for condition true
2019-06-08 14:06:983 INFO  WebDriverManager:81 - closing web driver instance
2019-06-08 14:06:891 INFO  WebDriverManager:84 - web driver instances closed successfully
2019-06-08 14:06:891 INFO  JUnitListeners:43 - Search for github link test is finished...
2019-06-08 14:06:975 INFO  JUnitListeners:38 - Search for github link - negative scenario test is starting...
2019-06-08 14:06:666 INFO  WaitHelper:78 - before find by: by id or name "q"
2019-06-08 14:06:694 INFO  WaitHelper:83 - after find by: [[ChromeDriver: chrome on XP (c150a727878a06ce90c0ce6f027923b0)] -> name: q]
2019-06-08 14:06:694 INFO  WaitHelper:99 - before change value of: [[ChromeDriver: chrome on XP (c150a727878a06ce90c0ce6f027923b0)] -> name: q]
2019-06-08 14:06:694 INFO  WaitHelper:127 - waiting for :[[ChromeDriver: chrome on XP (c150a727878a06ce90c0ce6f027923b0)] -> name: q] for :10 seconds
2019-06-08 14:06:725 INFO  WaitHelper:130 - element is visible now
2019-06-08 14:06:756 INFO  WaitHelper:78 - before find by: by id or name "q"
2019-06-08 14:06:853 INFO  WaitHelper:83 - after find by: [[ChromeDriver: chrome on XP (c150a727878a06ce90c0ce6f027923b0)] -> name: q]
2019-06-08 14:06:853 INFO  WaitHelper:99 - before change value of: [[ChromeDriver: chrome on XP (c150a727878a06ce90c0ce6f027923b0)] -> name: q]
2019-06-08 14:06:853 INFO  WaitHelper:127 - waiting for :[[ChromeDriver: chrome on XP (c150a727878a06ce90c0ce6f027923b0)] -> name: q] for :10 seconds
2019-06-08 14:06:900 INFO  WaitHelper:130 - element is visible now
2019-06-08 14:06:28 INFO  WaitHelper:78 - before find by: by id or name "q"
2019-06-08 14:06:116 INFO  WaitHelper:83 - after find by: [[ChromeDriver: chrome on XP (c150a727878a06ce90c0ce6f027923b0)] -> name: q]
2019-06-08 14:06:181 INFO  WaitHelper:78 - before find by: By.xpath: (//input[@value='Google Search'])[2]
2019-06-08 14:06:197 INFO  WaitHelper:83 - after find by: [[ChromeDriver: chrome on XP (c150a727878a06ce90c0ce6f027923b0)] -> xpath: (//input[@value='Google Search'])[2]]
2019-06-08 14:06:197 INFO  WaitHelper:88 - before click on: [[ChromeDriver: chrome on XP (c150a727878a06ce90c0ce6f027923b0)] -> xpath: (//input[@value='Google Search'])[2]]
2019-06-08 14:06:197 INFO  WaitHelper:127 - waiting for :[[ChromeDriver: chrome on XP (c150a727878a06ce90c0ce6f027923b0)] -> xpath: (//input[@value='Google Search'])[2]] for :10 seconds
2019-06-08 14:06:228 INFO  WaitHelper:130 - element is visible now
2019-06-08 14:06:554 INFO  WaitHelper:94 - after click on: [[ChromeDriver: chrome on XP (c150a727878a06ce90c0ce6f027923b0)] -> xpath: (//input[@value='Google Search'])[2]]
2019-06-08 14:06:556 INFO  WaitHelper:78 - before find by: by id or name "top_nav"
2019-06-08 14:06:572 INFO  WaitHelper:83 - after find by: [[ChromeDriver: chrome on XP (c150a727878a06ce90c0ce6f027923b0)] -> id: top_nav]
2019-06-08 14:06:595 ERROR AssertionHelper:42 - assertFalse failure for condition true with message Search results page is not loaded
2019-06-08 14:06:953 INFO  WebDriverManager:91 - screenshot has been saved at: D:\Technical\automation\ui/target/screenshots/searchforgithublink-negativescenario.png
2019-06-08 14:06:954 INFO  WebDriverManager:81 - closing web driver instance
2019-06-08 14:06:874 INFO  WebDriverManager:84 - web driver instances closed successfully
2019-06-08 14:06:874 ERROR JUnitListeners:48 - Search for github link - negative scenario test FAILED!!!
2019-06-08 14:06:874 INFO  JUnitListeners:43 - Search for github link - negative scenario test is finished...
2019-06-08 14:06:889 INFO  JUnitListeners:31 - Tests finished! Number of test case: 2
2019-06-08 14:06:889 INFO  JUnitListeners:33 - Elapsed time of tests execution: 1559983531 seconds
2019-06-08 14:06:812 INFO  JUnitListeners:38 - Search for github link test is starting...
2019-06-08 14:06:882 INFO  WaitHelper:78 - before find by: by id or name "q"
2019-06-08 14:06:936 INFO  WaitHelper:83 - after find by: [[ChromeDriver: chrome on XP (dc5775078bc72dbe2b1870e05e6e92a3)] -> name: q]
2019-06-08 14:06:951 INFO  WaitHelper:99 - before change value of: [[ChromeDriver: chrome on XP (dc5775078bc72dbe2b1870e05e6e92a3)] -> name: q]
2019-06-08 14:06:951 INFO  WaitHelper:127 - waiting for :[[ChromeDriver: chrome on XP (dc5775078bc72dbe2b1870e05e6e92a3)] -> name: q] for :10 seconds
2019-06-08 14:06:983 INFO  WaitHelper:130 - element is visible now
2019-06-08 14:06:14 INFO  WaitHelper:78 - before find by: by id or name "q"
2019-06-08 14:06:109 INFO  WaitHelper:83 - after find by: [[ChromeDriver: chrome on XP (dc5775078bc72dbe2b1870e05e6e92a3)] -> name: q]
2019-06-08 14:06:109 INFO  WaitHelper:99 - before change value of: [[ChromeDriver: chrome on XP (dc5775078bc72dbe2b1870e05e6e92a3)] -> name: q]
2019-06-08 14:06:109 INFO  WaitHelper:127 - waiting for :[[ChromeDriver: chrome on XP (dc5775078bc72dbe2b1870e05e6e92a3)] -> name: q] for :10 seconds
2019-06-08 14:06:140 INFO  WaitHelper:130 - element is visible now
2019-06-08 14:06:290 INFO  WaitHelper:78 - before find by: by id or name "q"
2019-06-08 14:06:316 INFO  WaitHelper:83 - after find by: [[ChromeDriver: chrome on XP (dc5775078bc72dbe2b1870e05e6e92a3)] -> name: q]
2019-06-08 14:06:395 INFO  WaitHelper:78 - before find by: By.xpath: (//input[@value='Google Search'])[2]
2019-06-08 14:06:408 INFO  WaitHelper:83 - after find by: [[ChromeDriver: chrome on XP (dc5775078bc72dbe2b1870e05e6e92a3)] -> xpath: (//input[@value='Google Search'])[2]]
2019-06-08 14:06:409 INFO  WaitHelper:88 - before click on: [[ChromeDriver: chrome on XP (dc5775078bc72dbe2b1870e05e6e92a3)] -> xpath: (//input[@value='Google Search'])[2]]
2019-06-08 14:06:410 INFO  WaitHelper:127 - waiting for :[[ChromeDriver: chrome on XP (dc5775078bc72dbe2b1870e05e6e92a3)] -> xpath: (//input[@value='Google Search'])[2]] for :10 seconds
2019-06-08 14:06:428 INFO  WaitHelper:130 - element is visible now
2019-06-08 14:06:132 INFO  WaitHelper:94 - after click on: [[ChromeDriver: chrome on XP (dc5775078bc72dbe2b1870e05e6e92a3)] -> xpath: (//input[@value='Google Search'])[2]]
2019-06-08 14:06:134 INFO  WaitHelper:78 - before find by: by id or name "top_nav"
2019-06-08 14:06:148 INFO  WaitHelper:83 - after find by: [[ChromeDriver: chrome on XP (dc5775078bc72dbe2b1870e05e6e92a3)] -> id: top_nav]
2019-06-08 14:06:169 INFO  AssertionHelper:23 - assertTrue success for condition true
2019-06-08 14:06:170 INFO  WebDriverManager:81 - closing web driver instance
2019-06-08 14:06:102 INFO  WebDriverManager:84 - web driver instances closed successfully
2019-06-08 14:06:102 INFO  JUnitListeners:43 - Search for github link test is finished...
2019-06-08 14:06:242 INFO  JUnitListeners:38 - Search for github link - negative scenario test is starting...
2019-06-08 14:06:795 INFO  WaitHelper:78 - before find by: by id or name "q"
2019-06-08 14:06:830 INFO  WaitHelper:83 - after find by: [[ChromeDriver: chrome on XP (3003d977abd2efbc9bcfe299659efc2d)] -> name: q]
2019-06-08 14:06:830 INFO  WaitHelper:99 - before change value of: [[ChromeDriver: chrome on XP (3003d977abd2efbc9bcfe299659efc2d)] -> name: q]
2019-06-08 14:06:830 INFO  WaitHelper:127 - waiting for :[[ChromeDriver: chrome on XP (3003d977abd2efbc9bcfe299659efc2d)] -> name: q] for :10 seconds
2019-06-08 14:06:861 INFO  WaitHelper:130 - element is visible now
2019-06-08 14:06:892 INFO  WaitHelper:78 - before find by: by id or name "q"
2019-06-08 14:06:959 INFO  WaitHelper:83 - after find by: [[ChromeDriver: chrome on XP (3003d977abd2efbc9bcfe299659efc2d)] -> name: q]
2019-06-08 14:06:959 INFO  WaitHelper:99 - before change value of: [[ChromeDriver: chrome on XP (3003d977abd2efbc9bcfe299659efc2d)] -> name: q]
2019-06-08 14:06:959 INFO  WaitHelper:127 - waiting for :[[ChromeDriver: chrome on XP (3003d977abd2efbc9bcfe299659efc2d)] -> name: q] for :10 seconds
2019-06-08 14:06:975 INFO  WaitHelper:130 - element is visible now
2019-06-08 14:06:96 INFO  WaitHelper:78 - before find by: by id or name "q"
2019-06-08 14:06:181 INFO  WaitHelper:83 - after find by: [[ChromeDriver: chrome on XP (3003d977abd2efbc9bcfe299659efc2d)] -> name: q]
2019-06-08 14:06:283 INFO  WaitHelper:78 - before find by: By.xpath: (//input[@value='Google Search'])[2]
2019-06-08 14:06:314 INFO  WaitHelper:83 - after find by: [[ChromeDriver: chrome on XP (3003d977abd2efbc9bcfe299659efc2d)] -> xpath: (//input[@value='Google Search'])[2]]
2019-06-08 14:06:314 INFO  WaitHelper:88 - before click on: [[ChromeDriver: chrome on XP (3003d977abd2efbc9bcfe299659efc2d)] -> xpath: (//input[@value='Google Search'])[2]]
2019-06-08 14:06:314 INFO  WaitHelper:127 - waiting for :[[ChromeDriver: chrome on XP (3003d977abd2efbc9bcfe299659efc2d)] -> xpath: (//input[@value='Google Search'])[2]] for :10 seconds
2019-06-08 14:06:330 INFO  WaitHelper:130 - element is visible now
2019-06-08 14:06:75 INFO  WaitHelper:94 - after click on: [[ChromeDriver: chrome on XP (3003d977abd2efbc9bcfe299659efc2d)] -> xpath: (//input[@value='Google Search'])[2]]
2019-06-08 14:06:76 INFO  WaitHelper:78 - before find by: by id or name "top_nav"
2019-06-08 14:06:91 INFO  WaitHelper:83 - after find by: [[ChromeDriver: chrome on XP (3003d977abd2efbc9bcfe299659efc2d)] -> id: top_nav]
2019-06-08 14:06:112 ERROR AssertionHelper:42 - assertFalse failure for condition true with message Search results page is not loaded
2019-06-08 14:06:484 INFO  WebDriverManager:91 - screenshot has been saved at: D:\Technical\automation\ui/target/screenshots/searchforgithublink-negativescenario.png
2019-06-08 14:06:484 INFO  WebDriverManager:81 - closing web driver instance
2019-06-08 14:06:398 INFO  WebDriverManager:84 - web driver instances closed successfully
2019-06-08 14:06:398 ERROR JUnitListeners:48 - Search for github link - negative scenario test FAILED!!!
2019-06-08 14:06:398 INFO  JUnitListeners:43 - Search for github link - negative scenario test is finished...
2019-06-08 14:06:413 INFO  JUnitListeners:31 - Tests finished! Number of test case: 2
2019-06-08 14:06:413 INFO  JUnitListeners:33 - Elapsed time of tests execution: 1559983629 seconds
2019-08-03 14:08:491 INFO  JUnitListeners:56 - Search for github link test is starting...
2019-08-03 14:08:522 INFO  WaitHelper:78 - before find by: by id or name "q"
2019-08-03 14:08:639 INFO  WaitHelper:83 - after find by: [[ChromeDriver: chrome on XP (d4e3a869fb6408a479770eb198f3bccc)] -> name: q]
2019-08-03 14:08:654 INFO  WaitHelper:99 - before change value of: [[ChromeDriver: chrome on XP (d4e3a869fb6408a479770eb198f3bccc)] -> name: q]
2019-08-03 14:08:655 INFO  WaitHelper:127 - waiting for :[[ChromeDriver: chrome on XP (d4e3a869fb6408a479770eb198f3bccc)] -> name: q] for :10 seconds
2019-08-03 14:08:827 INFO  WaitHelper:130 - element is visible now
2019-08-03 14:08:862 INFO  WaitHelper:78 - before find by: by id or name "q"
2019-08-03 14:08:972 INFO  WaitHelper:83 - after find by: [[ChromeDriver: chrome on XP (d4e3a869fb6408a479770eb198f3bccc)] -> name: q]
2019-08-03 14:08:974 INFO  WaitHelper:99 - before change value of: [[ChromeDriver: chrome on XP (d4e3a869fb6408a479770eb198f3bccc)] -> name: q]
2019-08-03 14:08:975 INFO  WaitHelper:127 - waiting for :[[ChromeDriver: chrome on XP (d4e3a869fb6408a479770eb198f3bccc)] -> name: q] for :10 seconds
2019-08-03 14:08:40 INFO  WaitHelper:130 - element is visible now
2019-08-03 14:08:285 INFO  WaitHelper:78 - before find by: By.xpath: (//input[@value='Google Search'])[2]
2019-08-03 14:08:429 INFO  WaitHelper:83 - after find by: [[ChromeDriver: chrome on XP (d4e3a869fb6408a479770eb198f3bccc)] -> xpath: (//input[@value='Google Search'])[2]]
2019-08-03 14:08:431 INFO  WaitHelper:88 - before click on: [[ChromeDriver: chrome on XP (d4e3a869fb6408a479770eb198f3bccc)] -> xpath: (//input[@value='Google Search'])[2]]
2019-08-03 14:08:432 INFO  WaitHelper:127 - waiting for :[[ChromeDriver: chrome on XP (d4e3a869fb6408a479770eb198f3bccc)] -> xpath: (//input[@value='Google Search'])[2]] for :10 seconds
2019-08-03 14:08:581 INFO  WaitHelper:130 - element is visible now
2019-08-03 14:08:151 INFO  WebDriverManager:120 - screenshot has been saved at: D:\Personal\Technical\automation\ui/target/screenshots/searchforgithublink.png
2019-08-03 14:08:151 INFO  WebDriverManager:104 - closing web driver instance
2019-08-03 14:08:119 INFO  WebDriverManager:107 - web driver instances closed successfully
2019-08-03 14:08:141 ERROR JUnitListeners:78 - Search for github link test FAILED!!!
2019-08-03 14:08:144 INFO  JUnitListeners:67 - Search for github link test is finished...
2019-08-03 14:08:580 INFO  JUnitListeners:56 - Search for github link - negative scenario test is starting...
2019-08-03 14:08:992 INFO  WaitHelper:78 - before find by: by id or name "q"
2019-08-03 14:08:50 INFO  WaitHelper:83 - after find by: [[ChromeDriver: chrome on XP (5de6b7909dfe32d8f1d7cfea8bde744f)] -> name: q]
2019-08-03 14:08:51 INFO  WaitHelper:99 - before change value of: [[ChromeDriver: chrome on XP (5de6b7909dfe32d8f1d7cfea8bde744f)] -> name: q]
2019-08-03 14:08:51 INFO  WaitHelper:127 - waiting for :[[ChromeDriver: chrome on XP (5de6b7909dfe32d8f1d7cfea8bde744f)] -> name: q] for :10 seconds
2019-08-03 14:08:77 INFO  WaitHelper:130 - element is visible now
2019-08-03 14:08:110 INFO  WaitHelper:78 - before find by: by id or name "q"
2019-08-03 14:08:186 INFO  WaitHelper:83 - after find by: [[ChromeDriver: chrome on XP (5de6b7909dfe32d8f1d7cfea8bde744f)] -> name: q]
2019-08-03 14:08:187 INFO  WaitHelper:99 - before change value of: [[ChromeDriver: chrome on XP (5de6b7909dfe32d8f1d7cfea8bde744f)] -> name: q]
2019-08-03 14:08:188 INFO  WaitHelper:127 - waiting for :[[ChromeDriver: chrome on XP (5de6b7909dfe32d8f1d7cfea8bde744f)] -> name: q] for :10 seconds
2019-08-03 14:08:265 INFO  WaitHelper:130 - element is visible now
2019-08-03 14:08:821 INFO  WaitHelper:78 - before find by: By.xpath: (//input[@value='Google Search'])[2]
2019-08-03 14:08:870 INFO  WaitHelper:83 - after find by: [[ChromeDriver: chrome on XP (5de6b7909dfe32d8f1d7cfea8bde744f)] -> xpath: (//input[@value='Google Search'])[2]]
2019-08-03 14:08:872 INFO  WaitHelper:88 - before click on: [[ChromeDriver: chrome on XP (5de6b7909dfe32d8f1d7cfea8bde744f)] -> xpath: (//input[@value='Google Search'])[2]]
2019-08-03 14:08:873 INFO  WaitHelper:127 - waiting for :[[ChromeDriver: chrome on XP (5de6b7909dfe32d8f1d7cfea8bde744f)] -> xpath: (//input[@value='Google Search'])[2]] for :10 seconds
2019-08-03 14:08:955 INFO  WaitHelper:130 - element is visible now
2019-08-03 14:08:118 INFO  WaitHelper:94 - after click on: [[ChromeDriver: chrome on XP (5de6b7909dfe32d8f1d7cfea8bde744f)] -> xpath: (//input[@value='Google Search'])[2]]
2019-08-03 14:08:122 INFO  WaitHelper:78 - before find by: by id or name "top_nav"
2019-08-03 14:08:132 INFO  WebDriverManager:120 - screenshot has been saved at: D:\Personal\Technical\automation\ui/target/screenshots/searchforgithublink-negativescenario.png
2019-08-03 14:08:132 INFO  WebDriverManager:104 - closing web driver instance
2019-08-03 14:08:08 INFO  WebDriverManager:107 - web driver instances closed successfully
2019-08-03 14:08:10 ERROR JUnitListeners:78 - Search for github link - negative scenario test FAILED!!!
2019-08-03 14:08:10 INFO  JUnitListeners:67 - Search for github link - negative scenario test is finished...
2019-08-03 14:08:40 INFO  JUnitListeners:43 - Tests finished! Number of test case: 2
2019-08-03 14:08:41 INFO  JUnitListeners:45 - Elapsed time of tests execution: 1564822409 seconds
2019-08-03 14:08:03 INFO  JUnitListeners:56 - Search for github link test is starting...
2019-08-03 14:08:325 INFO  WaitHelper:78 - before find by: by id or name "q"
2019-08-03 14:08:464 INFO  WaitHelper:83 - after find by: [[ChromeDriver: chrome on XP (41cc4d9e2895aa42193beeb5f4fcda4b)] -> name: q]
2019-08-03 14:08:486 INFO  WaitHelper:99 - before change value of: [[ChromeDriver: chrome on XP (41cc4d9e2895aa42193beeb5f4fcda4b)] -> name: q]
2019-08-03 14:08:488 INFO  WaitHelper:127 - waiting for :[[ChromeDriver: chrome on XP (41cc4d9e2895aa42193beeb5f4fcda4b)] -> name: q] for :10 seconds
2019-08-03 14:08:655 INFO  WaitHelper:130 - element is visible now
2019-08-03 14:08:693 INFO  WaitHelper:78 - before find by: by id or name "q"
2019-08-03 14:08:795 INFO  WaitHelper:83 - after find by: [[ChromeDriver: chrome on XP (41cc4d9e2895aa42193beeb5f4fcda4b)] -> name: q]
2019-08-03 14:08:796 INFO  WaitHelper:99 - before change value of: [[ChromeDriver: chrome on XP (41cc4d9e2895aa42193beeb5f4fcda4b)] -> name: q]
2019-08-03 14:08:797 INFO  WaitHelper:127 - waiting for :[[ChromeDriver: chrome on XP (41cc4d9e2895aa42193beeb5f4fcda4b)] -> name: q] for :10 seconds
2019-08-03 14:08:856 INFO  WaitHelper:130 - element is visible now
2019-08-03 14:08:409 INFO  WaitHelper:78 - before find by: By.xpath: (//input[@value='Google Search'])[2]
2019-08-03 14:08:464 INFO  WaitHelper:83 - after find by: [[ChromeDriver: chrome on XP (41cc4d9e2895aa42193beeb5f4fcda4b)] -> xpath: (//input[@value='Google Search'])[2]]
2019-08-03 14:08:466 INFO  WaitHelper:88 - before click on: [[ChromeDriver: chrome on XP (41cc4d9e2895aa42193beeb5f4fcda4b)] -> xpath: (//input[@value='Google Search'])[2]]
2019-08-03 14:08:468 INFO  WaitHelper:127 - waiting for :[[ChromeDriver: chrome on XP (41cc4d9e2895aa42193beeb5f4fcda4b)] -> xpath: (//input[@value='Google Search'])[2]] for :10 seconds
2019-08-03 14:08:569 INFO  WaitHelper:130 - element is visible now
2019-08-03 14:08:237 INFO  WebDriverManager:120 - screenshot has been saved at: D:\Personal\Technical\automation\ui/target/screenshots/searchforgithublink.png
2019-08-03 14:08:237 INFO  WebDriverManager:104 - closing web driver instance
2019-08-03 14:08:203 INFO  WebDriverManager:107 - web driver instances closed successfully
2019-08-03 14:08:224 ERROR JUnitListeners:78 - Search for github link test FAILED!!!
2019-08-03 14:08:229 INFO  JUnitListeners:67 - Search for github link test is finished...
2019-08-03 14:08:608 INFO  JUnitListeners:56 - Search for github link - negative scenario test is starting...
2019-08-03 14:08:570 INFO  WaitHelper:78 - before find by: by id or name "q"
2019-08-03 14:08:657 INFO  WaitHelper:83 - after find by: [[ChromeDriver: chrome on XP (8ec97a10aa37b7e8f49abef1f9c660a9)] -> name: q]
2019-08-03 14:08:659 INFO  WaitHelper:99 - before change value of: [[ChromeDriver: chrome on XP (8ec97a10aa37b7e8f49abef1f9c660a9)] -> name: q]
2019-08-03 14:08:660 INFO  WaitHelper:127 - waiting for :[[ChromeDriver: chrome on XP (8ec97a10aa37b7e8f49abef1f9c660a9)] -> name: q] for :10 seconds
2019-08-03 14:08:742 INFO  WaitHelper:130 - element is visible now
2019-08-03 14:08:863 INFO  WaitHelper:78 - before find by: by id or name "q"
2019-08-03 14:08:960 INFO  WaitHelper:83 - after find by: [[ChromeDriver: chrome on XP (8ec97a10aa37b7e8f49abef1f9c660a9)] -> name: q]
2019-08-03 14:08:961 INFO  WaitHelper:99 - before change value of: [[ChromeDriver: chrome on XP (8ec97a10aa37b7e8f49abef1f9c660a9)] -> name: q]
2019-08-03 14:08:962 INFO  WaitHelper:127 - waiting for :[[ChromeDriver: chrome on XP (8ec97a10aa37b7e8f49abef1f9c660a9)] -> name: q] for :10 seconds
2019-08-03 14:08:32 INFO  WaitHelper:130 - element is visible now
2019-08-03 14:08:261 INFO  WaitHelper:78 - before find by: By.xpath: (//input[@value='Google Search'])[2]
2019-08-03 14:08:282 INFO  WaitHelper:83 - after find by: [[ChromeDriver: chrome on XP (8ec97a10aa37b7e8f49abef1f9c660a9)] -> xpath: (//input[@value='Google Search'])[2]]
2019-08-03 14:08:283 INFO  WaitHelper:88 - before click on: [[ChromeDriver: chrome on XP (8ec97a10aa37b7e8f49abef1f9c660a9)] -> xpath: (//input[@value='Google Search'])[2]]
2019-08-03 14:08:283 INFO  WaitHelper:127 - waiting for :[[ChromeDriver: chrome on XP (8ec97a10aa37b7e8f49abef1f9c660a9)] -> xpath: (//input[@value='Google Search'])[2]] for :10 seconds
2019-08-03 14:08:308 INFO  WaitHelper:130 - element is visible now
2019-08-03 14:08:807 INFO  WaitHelper:94 - after click on: [[ChromeDriver: chrome on XP (8ec97a10aa37b7e8f49abef1f9c660a9)] -> xpath: (//input[@value='Google Search'])[2]]
2019-08-03 14:08:812 INFO  WaitHelper:78 - before find by: by id or name "top_nav"
2019-08-03 14:08:868 INFO  WaitHelper:83 - after find by: [[ChromeDriver: chrome on XP (8ec97a10aa37b7e8f49abef1f9c660a9)] -> id: top_nav]
2019-08-03 14:08:961 ERROR AssertionHelper:42 - assertFalse failure for condition true with message Search results page is not loaded
2019-08-03 14:08:587 INFO  WebDriverManager:120 - screenshot has been saved at: D:\Personal\Technical\automation\ui/target/screenshots/searchforgithublink-negativescenario.png
2019-08-03 14:08:587 INFO  WebDriverManager:104 - closing web driver instance
2019-08-03 14:08:460 INFO  WebDriverManager:107 - web driver instances closed successfully
2019-08-03 14:08:463 ERROR JUnitListeners:78 - Search for github link - negative scenario test FAILED!!!
2019-08-03 14:08:464 INFO  JUnitListeners:67 - Search for github link - negative scenario test is finished...
2019-08-03 14:08:525 INFO  JUnitListeners:43 - Tests finished! Number of test case: 2
2019-08-03 14:08:526 INFO  JUnitListeners:45 - Elapsed time of tests execution: 1564822500 seconds
2019-08-03 14:08:393 INFO  JUnitListeners:56 - Search for github link test is starting...
2019-08-03 14:08:906 INFO  WaitHelper:78 - before find by: by id or name "search_form_input_homepage"
2019-08-03 14:08:703 INFO  WebDriverManager:120 - screenshot has been saved at: D:\Personal\Technical\automation\ui/target/screenshots/searchforgithublink.png
2019-08-03 14:08:703 INFO  WebDriverManager:104 - closing web driver instance
2019-08-03 14:08:685 INFO  WebDriverManager:107 - web driver instances closed successfully
2019-08-03 14:08:694 ERROR JUnitListeners:78 - Search for github link test FAILED!!!
2019-08-03 14:08:696 INFO  JUnitListeners:67 - Search for github link test is finished...
2019-08-03 14:08:821 INFO  JUnitListeners:56 - Search for github link - negative scenario test is starting...
2019-08-03 14:08:890 INFO  WaitHelper:78 - before find by: by id or name "search_form_input_homepage"
2019-08-03 14:08:604 INFO  WebDriverManager:120 - screenshot has been saved at: D:\Personal\Technical\automation\ui/target/screenshots/searchforgithublink-negativescenario.png
2019-08-03 14:08:605 INFO  WebDriverManager:104 - closing web driver instance
2019-08-03 14:08:470 INFO  WebDriverManager:107 - web driver instances closed successfully
2019-08-03 14:08:475 ERROR JUnitListeners:78 - Search for github link - negative scenario test FAILED!!!
2019-08-03 14:08:476 INFO  JUnitListeners:67 - Search for github link - negative scenario test is finished...
2019-08-03 14:08:550 INFO  JUnitListeners:43 - Tests finished! Number of test case: 2
2019-08-03 14:08:552 INFO  JUnitListeners:45 - Elapsed time of tests execution: 1564822701 seconds
2019-08-03 14:08:330 INFO  JUnitListeners:56 - Search for github link test is starting...
2019-08-03 14:08:632 INFO  WaitHelper:78 - before find by: by id or name "search_form_input_homepage"
2019-08-03 14:08:669 INFO  WaitHelper:83 - after find by: [[ChromeDriver: chrome on XP (19d4166910a28051c683490a386ca736)] -> id: search_form_input_homepage]
2019-08-03 14:08:676 INFO  WaitHelper:99 - before change value of: [[ChromeDriver: chrome on XP (19d4166910a28051c683490a386ca736)] -> id: search_form_input_homepage]
2019-08-03 14:08:677 INFO  WaitHelper:127 - waiting for :[[ChromeDriver: chrome on XP (19d4166910a28051c683490a386ca736)] -> id: search_form_input_homepage] for :10 seconds
2019-08-03 14:08:752 INFO  WaitHelper:130 - element is visible now
2019-08-03 14:08:785 INFO  WaitHelper:78 - before find by: by id or name "search_form_input_homepage"
2019-08-03 14:08:798 INFO  WaitHelper:83 - after find by: [[ChromeDriver: chrome on XP (19d4166910a28051c683490a386ca736)] -> id: search_form_input_homepage]
2019-08-03 14:08:799 INFO  WaitHelper:99 - before change value of: [[ChromeDriver: chrome on XP (19d4166910a28051c683490a386ca736)] -> id: search_form_input_homepage]
2019-08-03 14:08:799 INFO  WaitHelper:127 - waiting for :[[ChromeDriver: chrome on XP (19d4166910a28051c683490a386ca736)] -> id: search_form_input_homepage] for :10 seconds
2019-08-03 14:08:820 INFO  WaitHelper:130 - element is visible now
2019-08-03 14:08:982 INFO  WaitHelper:78 - before find by: by id or name "search_button_homepage"
2019-08-03 14:08:04 INFO  WaitHelper:83 - after find by: [[ChromeDriver: chrome on XP (19d4166910a28051c683490a386ca736)] -> id: search_button_homepage]
2019-08-03 14:08:05 INFO  WaitHelper:88 - before click on: [[ChromeDriver: chrome on XP (19d4166910a28051c683490a386ca736)] -> id: search_button_homepage]
2019-08-03 14:08:06 INFO  WaitHelper:127 - waiting for :[[ChromeDriver: chrome on XP (19d4166910a28051c683490a386ca736)] -> id: search_button_homepage] for :10 seconds
2019-08-03 14:08:45 INFO  WaitHelper:130 - element is visible now
2019-08-03 14:08:388 INFO  WaitHelper:94 - after click on: [[ChromeDriver: chrome on XP (19d4166910a28051c683490a386ca736)] -> id: search_button_homepage]
2019-08-03 14:08:389 INFO  WaitHelper:78 - before find by: by id or name "duckbar"
2019-08-03 14:08:407 INFO  WaitHelper:83 - after find by: [[ChromeDriver: chrome on XP (19d4166910a28051c683490a386ca736)] -> id: duckbar]
2019-08-03 14:08:438 INFO  AssertionHelper:24 - assertTrue success for condition true
2019-08-03 14:08:440 INFO  WebDriverManager:104 - closing web driver instance
2019-08-03 14:08:107 INFO  WebDriverManager:107 - web driver instances closed successfully
2019-08-03 14:08:112 INFO  JUnitListeners:67 - Search for github link test is finished...
2019-08-03 14:08:471 INFO  JUnitListeners:56 - Search for github link - negative scenario test is starting...
2019-08-03 14:08:824 INFO  WaitHelper:78 - before find by: by id or name "search_form_input_homepage"
2019-08-03 14:08:846 INFO  WaitHelper:83 - after find by: [[ChromeDriver: chrome on XP (d96d1a3eeb55fd6c7234e0f0b5220597)] -> id: search_form_input_homepage]
2019-08-03 14:08:847 INFO  WaitHelper:99 - before change value of: [[ChromeDriver: chrome on XP (d96d1a3eeb55fd6c7234e0f0b5220597)] -> id: search_form_input_homepage]
2019-08-03 14:08:848 INFO  WaitHelper:127 - waiting for :[[ChromeDriver: chrome on XP (d96d1a3eeb55fd6c7234e0f0b5220597)] -> id: search_form_input_homepage] for :10 seconds
2019-08-03 14:08:881 INFO  WaitHelper:130 - element is visible now
2019-08-03 14:08:924 INFO  WaitHelper:78 - before find by: by id or name "search_form_input_homepage"
2019-08-03 14:08:939 INFO  WaitHelper:83 - after find by: [[ChromeDriver: chrome on XP (d96d1a3eeb55fd6c7234e0f0b5220597)] -> id: search_form_input_homepage]
2019-08-03 14:08:940 INFO  WaitHelper:99 - before change value of: [[ChromeDriver: chrome on XP (d96d1a3eeb55fd6c7234e0f0b5220597)] -> id: search_form_input_homepage]
2019-08-03 14:08:940 INFO  WaitHelper:127 - waiting for :[[ChromeDriver: chrome on XP (d96d1a3eeb55fd6c7234e0f0b5220597)] -> id: search_form_input_homepage] for :10 seconds
2019-08-03 14:08:959 INFO  WaitHelper:130 - element is visible now
2019-08-03 14:08:153 INFO  WaitHelper:78 - before find by: by id or name "search_button_homepage"
2019-08-03 14:08:171 INFO  WaitHelper:83 - after find by: [[ChromeDriver: chrome on XP (d96d1a3eeb55fd6c7234e0f0b5220597)] -> id: search_button_homepage]
2019-08-03 14:08:172 INFO  WaitHelper:88 - before click on: [[ChromeDriver: chrome on XP (d96d1a3eeb55fd6c7234e0f0b5220597)] -> id: search_button_homepage]
2019-08-03 14:08:173 INFO  WaitHelper:127 - waiting for :[[ChromeDriver: chrome on XP (d96d1a3eeb55fd6c7234e0f0b5220597)] -> id: search_button_homepage] for :10 seconds
2019-08-03 14:08:197 INFO  WaitHelper:130 - element is visible now
2019-08-03 14:08:928 INFO  WaitHelper:94 - after click on: [[ChromeDriver: chrome on XP (d96d1a3eeb55fd6c7234e0f0b5220597)] -> id: search_button_homepage]
2019-08-03 14:08:932 INFO  WaitHelper:78 - before find by: by id or name "duckbar"
2019-08-03 14:08:991 INFO  WaitHelper:83 - after find by: [[ChromeDriver: chrome on XP (d96d1a3eeb55fd6c7234e0f0b5220597)] -> id: duckbar]
2019-08-03 14:08:93 ERROR AssertionHelper:42 - assertFalse failure for condition true with message Search results page is not loaded
2019-08-03 14:08:662 INFO  WebDriverManager:120 - screenshot has been saved at: D:\Personal\Technical\automation\ui/target/screenshots/searchforgithublink-negativescenario.png
2019-08-03 14:08:663 INFO  WebDriverManager:104 - closing web driver instance
2019-08-03 14:08:302 INFO  WebDriverManager:107 - web driver instances closed successfully
2019-08-03 14:08:318 ERROR JUnitListeners:78 - Search for github link - negative scenario test FAILED!!!
2019-08-03 14:08:319 INFO  JUnitListeners:67 - Search for github link - negative scenario test is finished...
2019-08-03 14:08:375 INFO  JUnitListeners:43 - Tests finished! Number of test case: 2
2019-08-03 14:08:376 INFO  JUnitListeners:45 - Elapsed time of tests execution: 1564822746 seconds
2019-08-03 14:08:488 INFO  JUnitListeners:56 - Search for github link test is starting...
2019-08-03 14:08:116 INFO  WaitHelper:78 - before find by: by id or name "search_form_input_homepage"
2019-08-03 14:08:143 INFO  WaitHelper:83 - after find by: [[ChromeDriver: chrome on XP (53408630ed71017770b3cbf69ffac965)] -> id: search_form_input_homepage]
2019-08-03 14:08:152 INFO  WaitHelper:99 - before change value of: [[ChromeDriver: chrome on XP (53408630ed71017770b3cbf69ffac965)] -> id: search_form_input_homepage]
2019-08-03 14:08:153 INFO  WaitHelper:127 - waiting for :[[ChromeDriver: chrome on XP (53408630ed71017770b3cbf69ffac965)] -> id: search_form_input_homepage] for :10 seconds
2019-08-03 14:08:283 INFO  WaitHelper:130 - element is visible now
2019-08-03 14:08:363 INFO  WaitHelper:78 - before find by: by id or name "search_form_input_homepage"
2019-08-03 14:08:379 INFO  WaitHelper:83 - after find by: [[ChromeDriver: chrome on XP (53408630ed71017770b3cbf69ffac965)] -> id: search_form_input_homepage]
2019-08-03 14:08:379 INFO  WaitHelper:99 - before change value of: [[ChromeDriver: chrome on XP (53408630ed71017770b3cbf69ffac965)] -> id: search_form_input_homepage]
2019-08-03 14:08:380 INFO  WaitHelper:127 - waiting for :[[ChromeDriver: chrome on XP (53408630ed71017770b3cbf69ffac965)] -> id: search_form_input_homepage] for :10 seconds
2019-08-03 14:08:409 INFO  WaitHelper:130 - element is visible now
2019-08-03 14:08:594 INFO  WaitHelper:78 - before find by: by id or name "search_button_homepage"
2019-08-03 14:08:616 INFO  WaitHelper:83 - after find by: [[ChromeDriver: chrome on XP (53408630ed71017770b3cbf69ffac965)] -> id: search_button_homepage]
2019-08-03 14:08:617 INFO  WaitHelper:88 - before click on: [[ChromeDriver: chrome on XP (53408630ed71017770b3cbf69ffac965)] -> id: search_button_homepage]
2019-08-03 14:08:617 INFO  WaitHelper:127 - waiting for :[[ChromeDriver: chrome on XP (53408630ed71017770b3cbf69ffac965)] -> id: search_button_homepage] for :10 seconds
2019-08-03 14:08:651 INFO  WaitHelper:130 - element is visible now
2019-08-03 14:08:82 INFO  WaitHelper:94 - after click on: [[ChromeDriver: chrome on XP (53408630ed71017770b3cbf69ffac965)] -> id: search_button_homepage]
2019-08-03 14:08:84 INFO  WaitHelper:78 - before find by: by id or name "duckbar"
2019-08-03 14:08:112 INFO  WaitHelper:83 - after find by: [[ChromeDriver: chrome on XP (53408630ed71017770b3cbf69ffac965)] -> id: duckbar]
2019-08-03 14:08:163 INFO  AssertionHelper:24 - assertTrue success for condition true
2019-08-03 14:08:166 INFO  WebDriverManager:104 - closing web driver instance
2019-08-03 14:08:860 INFO  WebDriverManager:107 - web driver instances closed successfully
2019-08-03 14:08:867 INFO  JUnitListeners:67 - Search for github link test is finished...
2019-08-03 14:08:90 INFO  JUnitListeners:56 - Search for github link - negative scenario test is starting...
2019-08-03 14:08:574 INFO  WaitHelper:78 - before find by: by id or name "search_form_input_homepage"
2019-08-03 14:08:597 INFO  WaitHelper:83 - after find by: [[ChromeDriver: chrome on XP (51a18215f239f6f32dd0896d510a38d4)] -> id: search_form_input_homepage]
2019-08-03 14:08:598 INFO  WaitHelper:99 - before change value of: [[ChromeDriver: chrome on XP (51a18215f239f6f32dd0896d510a38d4)] -> id: search_form_input_homepage]
2019-08-03 14:08:599 INFO  WaitHelper:127 - waiting for :[[ChromeDriver: chrome on XP (51a18215f239f6f32dd0896d510a38d4)] -> id: search_form_input_homepage] for :10 seconds
2019-08-03 14:08:632 INFO  WaitHelper:130 - element is visible now
2019-08-03 14:08:675 INFO  WaitHelper:78 - before find by: by id or name "search_form_input_homepage"
2019-08-03 14:08:690 INFO  WaitHelper:83 - after find by: [[ChromeDriver: chrome on XP (51a18215f239f6f32dd0896d510a38d4)] -> id: search_form_input_homepage]
2019-08-03 14:08:690 INFO  WaitHelper:99 - before change value of: [[ChromeDriver: chrome on XP (51a18215f239f6f32dd0896d510a38d4)] -> id: search_form_input_homepage]
2019-08-03 14:08:691 INFO  WaitHelper:127 - waiting for :[[ChromeDriver: chrome on XP (51a18215f239f6f32dd0896d510a38d4)] -> id: search_form_input_homepage] for :10 seconds
2019-08-03 14:08:733 INFO  WaitHelper:130 - element is visible now
2019-08-03 14:08:913 INFO  WaitHelper:78 - before find by: by id or name "search_button_homepage"
2019-08-03 14:08:933 INFO  WaitHelper:83 - after find by: [[ChromeDriver: chrome on XP (51a18215f239f6f32dd0896d510a38d4)] -> id: search_button_homepage]
2019-08-03 14:08:934 INFO  WaitHelper:88 - before click on: [[ChromeDriver: chrome on XP (51a18215f239f6f32dd0896d510a38d4)] -> id: search_button_homepage]
2019-08-03 14:08:934 INFO  WaitHelper:127 - waiting for :[[ChromeDriver: chrome on XP (51a18215f239f6f32dd0896d510a38d4)] -> id: search_button_homepage] for :10 seconds
2019-08-03 14:08:964 INFO  WaitHelper:130 - element is visible now
2019-08-03 14:08:618 INFO  WaitHelper:94 - after click on: [[ChromeDriver: chrome on XP (51a18215f239f6f32dd0896d510a38d4)] -> id: search_button_homepage]
2019-08-03 14:08:624 INFO  WaitHelper:78 - before find by: by id or name "duckbar"
2019-08-03 14:08:686 INFO  WaitHelper:83 - after find by: [[ChromeDriver: chrome on XP (51a18215f239f6f32dd0896d510a38d4)] -> id: duckbar]
2019-08-03 14:08:768 ERROR AssertionHelper:42 - assertFalse failure for condition true with message Search results page is not loaded
2019-08-03 14:08:526 INFO  WebDriverManager:120 - screenshot has been saved at: D:\Personal\Technical\automation\ui/target/screenshots/searchforgithublink-negativescenario.png
2019-08-03 14:08:526 INFO  WebDriverManager:104 - closing web driver instance
2019-08-03 14:08:184 INFO  WebDriverManager:107 - web driver instances closed successfully
2019-08-03 14:08:200 ERROR JUnitListeners:78 - Search for github link - negative scenario test FAILED!!!
2019-08-03 14:08:201 INFO  JUnitListeners:67 - Search for github link - negative scenario test is finished...
2019-08-03 14:08:276 INFO  JUnitListeners:43 - Tests finished! Number of test case: 2
2019-08-03 14:08:277 INFO  JUnitListeners:45 - Elapsed time of tests execution: 1564823100 seconds
