<?xml version="1.0" encoding="UTF-8"?>
<testsuite xmlns:xsi="http://www.w3.org/2001/XMLSchema-instance" xsi:noNamespaceSchemaLocation="https://maven.apache.org/surefire/maven-surefire-plugin/xsd/surefire-test-report.xsd" name="com.project.qa.ui.runners.TestRunner" time="20.135" tests="2" errors="0" skipped="0" failures="1">
  <properties>
    <property name="java.runtime.name" value="Java(TM) SE Runtime Environment"/>
    <property name="sun.boot.library.path" value="C:\Program Files\Java\jdk1.8.0_201\jre\bin"/>
    <property name="java.vm.version" value="25.201-b09"/>
    <property name="java.vm.vendor" value="Oracle Corporation"/>
    <property name="maven.multiModuleProjectDirectory" value="D:\Personal\Technical\automation"/>
    <property name="java.vendor.url" value="http://java.oracle.com/"/>
    <property name="path.separator" value=";"/>
    <property name="guice.disable.misplaced.annotation.check" value="true"/>
    <property name="java.vm.name" value="Java HotSpot(TM) 64-Bit Server VM"/>
    <property name="file.encoding.pkg" value="sun.io"/>
    <property name="user.script" value=""/>
    <property name="user.country" value="IN"/>
    <property name="sun.java.launcher" value="SUN_STANDARD"/>
    <property name="sun.os.patch.level" value=""/>
    <property name="java.vm.specification.name" value="Java Virtual Machine Specification"/>
    <property name="user.dir" value="D:\Personal\Technical\automation"/>
    <property name="java.runtime.version" value="1.8.0_201-b09"/>
    <property name="java.awt.graphicsenv" value="sun.awt.Win32GraphicsEnvironment"/>
    <property name="java.endorsed.dirs" value="C:\Program Files\Java\jdk1.8.0_201\jre\lib\endorsed"/>
    <property name="os.arch" value="amd64"/>
    <property name="java.io.tmpdir" value="C:\Users\VIKASS~1\AppData\Local\Temp\"/>
    <property name="line.separator" value="&#10;"/>
    <property name="java.vm.specification.vendor" value="Oracle Corporation"/>
    <property name="user.variant" value=""/>
    <property name="os.name" value="Windows 10"/>
    <property name="classworlds.conf" value="C:\apache-maven-3.6.0\bin\..\bin\m2.conf"/>
    <property name="sun.jnu.encoding" value="Cp1252"/>
    <property name="java.library.path" value="C:\Program Files\Java\jdk1.8.0_201\bin;C:\Windows\Sun\Java\bin;C:\Windows\system32;C:\Windows;C:\Program Files (x86)\Common Files\Oracle\Java\javapath;C:\Program Files (x86)\Intel\Intel(R) Management Engine Components\iCLS\;C:\Program Files\Intel\Intel(R) Management Engine Components\iCLS\;C:\Windows\system32;C:\Windows;C:\Windows\System32\Wbem;C:\Windows\System32\WindowsPowerShell\v1.0\;C:\Windows\System32\OpenSSH\;C:\Program Files (x86)\Intel\Intel(R) Management Engine Components\DAL;C:\Program Files\Intel\Intel(R) Management Engine Components\DAL;C:\Program Files (x86)\Intel\Intel(R) Management Engine Components\IPT;C:\Program Files\Intel\Intel(R) Management Engine Components\IPT;C:\apache-maven-3.6.0\bin\;C:\Program Files\Git\cmd;C:\Program Files\Java\jdk1.8.0_201\bin;C:\Users\Vikas Sanap\AppData\Local\Microsoft\WindowsApps;C:\Users\Vikas Sanap\AppData\Local\atom\bin;."/>
    <property name="maven.conf" value="C:\apache-maven-3.6.0\bin\../conf"/>
    <property name="java.specification.name" value="Java Platform API Specification"/>
    <property name="java.class.version" value="52.0"/>
    <property name="sun.management.compiler" value="HotSpot 64-Bit Tiered Compilers"/>
    <property name="os.version" value="10.0"/>
    <property name="library.jansi.path" value="C:\apache-maven-3.6.0\bin\..\lib\jansi-native"/>
    <property name="user.home" value="C:\Users\Vikas Sanap"/>
    <property name="user.timezone" value="Asia/Calcutta"/>
    <property name="java.awt.printerjob" value="sun.awt.windows.WPrinterJob"/>
    <property name="java.specification.version" value="1.8"/>
    <property name="file.encoding" value="Cp1252"/>
    <property name="user.name" value="Vikas Sanap"/>
    <property name="java.class.path" value="C:\apache-maven-3.6.0\bin\..\boot\plexus-classworlds-2.5.2.jar"/>
    <property name="java.vm.specification.version" value="1.8"/>
    <property name="sun.arch.data.model" value="64"/>
    <property name="java.home" value="C:\Program Files\Java\jdk1.8.0_201\jre"/>
    <property name="sun.java.command" value="org.codehaus.plexus.classworlds.launcher.Launcher -pl core,ui test"/>
    <property name="java.specification.vendor" value="Oracle Corporation"/>
    <property name="user.language" value="en"/>
    <property name="awt.toolkit" value="sun.awt.windows.WToolkit"/>
    <property name="java.vm.info" value="mixed mode"/>
    <property name="java.version" value="1.8.0_201"/>
    <property name="java.ext.dirs" value="C:\Program Files\Java\jdk1.8.0_201\jre\lib\ext;C:\Windows\Sun\Java\lib\ext"/>
    <property name="sun.boot.class.path" value="C:\Program Files\Java\jdk1.8.0_201\jre\lib\resources.jar;C:\Program Files\Java\jdk1.8.0_201\jre\lib\rt.jar;C:\Program Files\Java\jdk1.8.0_201\jre\lib\sunrsasign.jar;C:\Program Files\Java\jdk1.8.0_201\jre\lib\jsse.jar;C:\Program Files\Java\jdk1.8.0_201\jre\lib\jce.jar;C:\Program Files\Java\jdk1.8.0_201\jre\lib\charsets.jar;C:\Program Files\Java\jdk1.8.0_201\jre\lib\jfr.jar;C:\Program Files\Java\jdk1.8.0_201\jre\classes"/>
    <property name="sun.stderr.encoding" value="cp437"/>
    <property name="java.vendor" value="Oracle Corporation"/>
    <property name="maven.home" value="C:\apache-maven-3.6.0\bin\.."/>
    <property name="file.separator" value="\"/>
    <property name="java.vendor.url.bug" value="http://bugreport.sun.com/bugreport/"/>
    <property name="sun.cpu.endian" value="little"/>
    <property name="sun.io.unicode.encoding" value="UnicodeLittle"/>
    <property name="sun.stdout.encoding" value="cp437"/>
    <property name="sun.desktop" value="windows"/>
    <property name="sun.cpu.isalist" value="amd64"/>
  </properties>
  <testcase name="Search for github link" classname="Search using Google search engine" time="9.395"/>
  <testcase name="Search for github link - negative scenario" classname="Search using Google search engine" time="9.115">
    <failure message="Search results page is not loaded" type="java.lang.AssertionError">java.lang.AssertionError: Search results page is not loaded
</failure>
    <system-out><![CDATA[2019-08-03 14:08:867 INFO  JUnitListeners :67 - Search for github link test is finished...
2019-08-03 14:08:90 INFO  JUnitListeners :56 - Search for github link - negative scenario test is starting...
2019-08-03 14:08:574 INFO  WaitHelper :78 - before find by: by id or name "search_form_input_homepage"
2019-08-03 14:08:597 INFO  WaitHelper :83 - after find by: [[ChromeDriver: chrome on XP (51a18215f239f6f32dd0896d510a38d4)] -> id: search_form_input_homepage]
2019-08-03 14:08:598 INFO  WaitHelper :99 - before change value of: [[ChromeDriver: chrome on XP (51a18215f239f6f32dd0896d510a38d4)] -> id: search_form_input_homepage]
2019-08-03 14:08:599 INFO  WaitHelper :127 - waiting for :[[ChromeDriver: chrome on XP (51a18215f239f6f32dd0896d510a38d4)] -> id: search_form_input_homepage] for :10 seconds
2019-08-03 14:08:632 INFO  WaitHelper :130 - element is visible now
2019-08-03 14:08:675 INFO  WaitHelper :78 - before find by: by id or name "search_form_input_homepage"
2019-08-03 14:08:690 INFO  WaitHelper :83 - after find by: [[ChromeDriver: chrome on XP (51a18215f239f6f32dd0896d510a38d4)] -> id: search_form_input_homepage]
2019-08-03 14:08:690 INFO  WaitHelper :99 - before change value of: [[ChromeDriver: chrome on XP (51a18215f239f6f32dd0896d510a38d4)] -> id: search_form_input_homepage]
2019-08-03 14:08:691 INFO  WaitHelper :127 - waiting for :[[ChromeDriver: chrome on XP (51a18215f239f6f32dd0896d510a38d4)] -> id: search_form_input_homepage] for :10 seconds
2019-08-03 14:08:733 INFO  WaitHelper :130 - element is visible now
2019-08-03 14:08:913 INFO  WaitHelper :78 - before find by: by id or name "search_button_homepage"
2019-08-03 14:08:933 INFO  WaitHelper :83 - after find by: [[ChromeDriver: chrome on XP (51a18215f239f6f32dd0896d510a38d4)] -> id: search_button_homepage]
2019-08-03 14:08:934 INFO  WaitHelper :88 - before click on: [[ChromeDriver: chrome on XP (51a18215f239f6f32dd0896d510a38d4)] -> id: search_button_homepage]
2019-08-03 14:08:934 INFO  WaitHelper :127 - waiting for :[[ChromeDriver: chrome on XP (51a18215f239f6f32dd0896d510a38d4)] -> id: search_button_homepage] for :10 seconds
2019-08-03 14:08:964 INFO  WaitHelper :130 - element is visible now
2019-08-03 14:08:618 INFO  WaitHelper :94 - after click on: [[ChromeDriver: chrome on XP (51a18215f239f6f32dd0896d510a38d4)] -> id: search_button_homepage]
2019-08-03 14:08:624 INFO  WaitHelper :78 - before find by: by id or name "duckbar"
2019-08-03 14:08:686 INFO  WaitHelper :83 - after find by: [[ChromeDriver: chrome on XP (51a18215f239f6f32dd0896d510a38d4)] -> id: duckbar]
2019-08-03 14:08:768 ERROR AssertionHelper :42 - assertFalse failure for condition true with message Search results page is not loaded
2019-08-03 14:08:526 INFO  WebDriverManager :120 - screenshot has been saved at: D:\Personal\Technical\automation\ui/target/screenshots/searchforgithublink-negativescenario.png
2019-08-03 14:08:526 INFO  WebDriverManager :104 - closing web driver instance
2019-08-03 14:08:184 INFO  WebDriverManager :107 - web driver instances closed successfully
]]></system-out>
    <system-err><![CDATA[Starting ChromeDriver 75.0.3770.140 (2d9f97485c7b07dc18a74666574f19176731995c-refs/branch-heads/3770@{#1155}) on port 27167
Only local connections are allowed.
Please protect ports used by ChromeDriver and related test frameworks to prevent access by malicious code.
[1564823092.313][WARNING]: This version of ChromeDriver has not been tested with Chrome version 76.
Aug 03, 2019 2:34:53 PM org.openqa.selenium.remote.ProtocolHandshake createSession
INFO: Detected dialect: W3C
]]></system-err>
  </testcase>
</testsuite>